<?xml version="1.0" encoding="UTF-8"?>
<robot generated="20170627 16:44:02.840" generator="Robot 3.0.2 (Python 2.7.13 on win32)">
<suite source="D:\Source\Repos\Ubidy_EmployerAutomationSuite\testsuites\Regression" id="s1" name="Regression">
<suite source="D:\Source\Repos\Ubidy_EmployerAutomationSuite\testsuites\Regression\1.CreateAccountAsEmployer.robot" id="s1-s1" name="1.CreateAccountAsEmployer">
<test id="s1-s1-t1" name="Create Account as Employer">
<kw name="Login To UBIDY" library="Ubidy.Pages">
<arguments>
<arg>employer</arg>
</arguments>
<msg timestamp="20170627 16:44:02.999" level="TRACE">Arguments: [ ${USER}='employer' ]</msg>
<kw name="Open" library="Ubidy.Browser">
<arguments>
<arg>${USER}</arg>
</arguments>
<msg timestamp="20170627 16:44:02.999" level="TRACE">Arguments: [ ${USER}='employer' ]</msg>
<kw name="Set Environment Variable" library="OperatingSystem">
<doc>Sets an environment variable to a specified value.</doc>
<arguments>
<arg>no_proxy</arg>
<arg>127.0.0.1</arg>
</arguments>
<msg timestamp="20170627 16:44:02.999" level="TRACE">Arguments: [ 'no_proxy' | '127.0.0.1' ]</msg>
<msg timestamp="20170627 16:44:02.999" level="INFO">Environment variable 'no_proxy' set to value '127.0.0.1'.</msg>
<msg timestamp="20170627 16:44:02.999" level="TRACE">Return: None</msg>
<status status="PASS" endtime="20170627 16:44:02.999" starttime="20170627 16:44:02.999"></status>
</kw>
<kw name="Append To Environment Variable" library="OperatingSystem">
<doc>Appends given ``values`` to environment variable ``name``.</doc>
<arguments>
<arg>PATH</arg>
<arg>D:/Source/Repos/Ubidy_EmployerAutomationSuite/browser-driver/</arg>
</arguments>
<msg timestamp="20170627 16:44:02.999" level="TRACE">Arguments: [ 'PATH' | 'D:/Source/Repos/Ubidy_EmployerAutomationSuite/browser-driver/' ]</msg>
<msg timestamp="20170627 16:44:02.999" level="INFO">Environment variable 'PATH' set to value 'C:\WINDOWS\system32;C:\WINDOWS;C:\WINDOWS\System32\Wbem;C:\WINDOWS\System32\WindowsPowerShell\v1.0\;C:\Program Files\nodejs\;C:\Users\Jeffrey Givera\AppData\Local\Microsoft\WindowsApps;;C:\Program Files (x86)\Microsoft VS Code\bin;C:\Users\Jeffrey Givera\AppData\Roaming\npm;C:\Python27\;C:\Python27\Scripts\;D:\Source\Repos\Ubidy_AutomationSuite\browser-driver\;D:/Source/Repos/Ubidy_EmployerAutomationSuite/browser-driver/'.</msg>
<msg timestamp="20170627 16:44:02.999" level="TRACE">Return: None</msg>
<status status="PASS" endtime="20170627 16:44:02.999" starttime="20170627 16:44:02.999"></status>
</kw>
<kw name="OpenChrome" library="Ubidy.Browser">
<msg timestamp="20170627 16:44:02.999" level="TRACE">Arguments: [  ]</msg>
<kw name="Evaluate" library="BuiltIn">
<doc>Evaluates the given expression in Python and returns the results.</doc>
<arguments>
<arg>sys.modules['selenium.webdriver'].ChromeOptions()</arg>
<arg>sys, selenium.webdriver</arg>
</arguments>
<assign>
<var>${chrome options}</var>
</assign>
<msg timestamp="20170627 16:44:02.999" level="TRACE">Arguments: [ "sys.modules['selenium.webdriver'].ChromeOptions()" | 'sys, selenium.webdriver' ]</msg>
<msg timestamp="20170627 16:44:02.999" level="TRACE">Return: &lt;selenium.webdriver.chrome.options.Options object at 0x03607330&gt;</msg>
<msg timestamp="20170627 16:44:02.999" level="INFO">${chrome options} = &lt;selenium.webdriver.chrome.options.Options object at 0x03607330&gt;</msg>
<status status="PASS" endtime="20170627 16:44:02.999" starttime="20170627 16:44:02.999"></status>
</kw>
<kw name="Call Method" library="BuiltIn">
<doc>Calls the named method of the given object with the provided arguments.</doc>
<arguments>
<arg>${chrome options}</arg>
<arg>add_argument</arg>
<arg>disable-component-extensions-with-background-pages</arg>
</arguments>
<msg timestamp="20170627 16:44:02.999" level="TRACE">Arguments: [ &lt;selenium.webdriver.chrome.options.Options object at 0x03607330&gt; | 'add_argument' | 'disable-component-extensions-with-background-pages' ]</msg>
<msg timestamp="20170627 16:44:02.999" level="TRACE">Return: None</msg>
<status status="PASS" endtime="20170627 16:44:02.999" starttime="20170627 16:44:02.999"></status>
</kw>
<kw name="Call Method" library="BuiltIn">
<doc>Calls the named method of the given object with the provided arguments.</doc>
<arguments>
<arg>${chrome options}</arg>
<arg>add_argument</arg>
<arg>start-maximized</arg>
</arguments>
<msg timestamp="20170627 16:44:02.999" level="TRACE">Arguments: [ &lt;selenium.webdriver.chrome.options.Options object at 0x03607330&gt; | 'add_argument' | 'start-maximized' ]</msg>
<msg timestamp="20170627 16:44:02.999" level="TRACE">Return: None</msg>
<status status="PASS" endtime="20170627 16:44:02.999" starttime="20170627 16:44:02.999"></status>
</kw>
<kw name="Call Method" library="BuiltIn">
<doc>Calls the named method of the given object with the provided arguments.</doc>
<arguments>
<arg>${chrome options}</arg>
<arg>add_argument</arg>
<arg>disable-extensions</arg>
</arguments>
<msg timestamp="20170627 16:44:02.999" level="TRACE">Arguments: [ &lt;selenium.webdriver.chrome.options.Options object at 0x03607330&gt; | 'add_argument' | 'disable-extensions' ]</msg>
<msg timestamp="20170627 16:44:02.999" level="TRACE">Return: None</msg>
<status status="PASS" endtime="20170627 16:44:02.999" starttime="20170627 16:44:02.999"></status>
</kw>
<kw name="Call Method" library="BuiltIn">
<doc>Calls the named method of the given object with the provided arguments.</doc>
<arguments>
<arg>${chrome options}</arg>
<arg>add_argument</arg>
<arg>test-type</arg>
</arguments>
<msg timestamp="20170627 16:44:02.999" level="TRACE">Arguments: [ &lt;selenium.webdriver.chrome.options.Options object at 0x03607330&gt; | 'add_argument' | 'test-type' ]</msg>
<msg timestamp="20170627 16:44:02.999" level="TRACE">Return: None</msg>
<status status="PASS" endtime="20170627 16:44:02.999" starttime="20170627 16:44:02.999"></status>
</kw>
<kw name="Call Method" library="BuiltIn">
<doc>Calls the named method of the given object with the provided arguments.</doc>
<arguments>
<arg>${chrome options}</arg>
<arg>add_argument</arg>
<arg>disable-infobars</arg>
</arguments>
<msg timestamp="20170627 16:44:02.999" level="TRACE">Arguments: [ &lt;selenium.webdriver.chrome.options.Options object at 0x03607330&gt; | 'add_argument' | 'disable-infobars' ]</msg>
<msg timestamp="20170627 16:44:02.999" level="TRACE">Return: None</msg>
<status status="PASS" endtime="20170627 16:44:02.999" starttime="20170627 16:44:02.999"></status>
</kw>
<kw name="Create Webdriver" library="Selenium2Library">
<doc>Creates an instance of a WebDriver.</doc>
<arguments>
<arg>Chrome</arg>
<arg>chrome_options=${chrome options}</arg>
</arguments>
<msg timestamp="20170627 16:44:02.999" level="TRACE">Arguments: [ 'Chrome' | chrome_options=&lt;selenium.webdriver.chrome.options.Options object at 0x03607330&gt; ]</msg>
<msg timestamp="20170627 16:44:02.999" level="INFO">Creating an instance of the Chrome WebDriver</msg>
<msg timestamp="20170627 16:44:05.025" level="DEBUG">POST http://127.0.0.1:64316/session {"capabilities": {"alwaysMatch": {"platform": "ANY", "browserName": "chrome", "version": "", "chromeOptions": {"args": ["disable-component-extensions-with-background-pages", "start-maximized", "disable-extensions", "test-type", "disable-infobars"], "extensions": []}}, "firstMatch": []}, "desiredCapabilities": {"platform": "ANY", "browserName": "chrome", "version": "", "chromeOptions": {"args": ["disable-component-extensions-with-background-pages", "start-maximized", "disable-extensions", "test-type", "disable-infobars"], "extensions": []}}}</msg>
<msg timestamp="20170627 16:44:06.401" level="DEBUG">Finished Request</msg>
<msg timestamp="20170627 16:44:06.401" level="DEBUG">Created Chrome WebDriver instance with session id e8f250683b6796099190b3a3487677af</msg>
<msg timestamp="20170627 16:44:06.401" level="TRACE">Return: 1</msg>
<status status="PASS" endtime="20170627 16:44:06.401" starttime="20170627 16:44:02.999"></status>
</kw>
<msg timestamp="20170627 16:44:06.401" level="TRACE">Return: None</msg>
<status status="PASS" endtime="20170627 16:44:06.401" starttime="20170627 16:44:02.999"></status>
</kw>
<kw name="Set Selenium Implicit Wait" library="Selenium2Library">
<doc>Sets Selenium 2's default implicit wait in seconds and</doc>
<arguments>
<arg>${Selenium.Timeout}</arg>
</arguments>
<msg timestamp="20170627 16:44:06.401" level="TRACE">Arguments: [ '120.0' ]</msg>
<msg timestamp="20170627 16:44:06.401" level="DEBUG">POST http://127.0.0.1:64316/session/e8f250683b6796099190b3a3487677af/timeouts/implicit_wait {"sessionId": "e8f250683b6796099190b3a3487677af", "ms": 120000.0}</msg>
<msg timestamp="20170627 16:44:06.401" level="DEBUG">Finished Request</msg>
<msg timestamp="20170627 16:44:06.401" level="TRACE">Return: b'0 seconds'</msg>
<status status="PASS" endtime="20170627 16:44:06.401" starttime="20170627 16:44:06.401"></status>
</kw>
<kw name="Set Selenium Timeout" library="Selenium2Library">
<doc>Sets the timeout in seconds used by various keywords.</doc>
<arguments>
<arg>${Selenium.Timeout}</arg>
</arguments>
<msg timestamp="20170627 16:44:06.401" level="TRACE">Arguments: [ '120.0' ]</msg>
<msg timestamp="20170627 16:44:06.417" level="DEBUG">POST http://127.0.0.1:64316/session/e8f250683b6796099190b3a3487677af/timeouts/async_script {"sessionId": "e8f250683b6796099190b3a3487677af", "ms": 120000.0}</msg>
<msg timestamp="20170627 16:44:06.418" level="DEBUG">Finished Request</msg>
<msg timestamp="20170627 16:44:06.418" level="TRACE">Return: b'5 seconds'</msg>
<status status="PASS" endtime="20170627 16:44:06.418" starttime="20170627 16:44:06.401"></status>
</kw>
<kw name="Init UBIDY" library="Ubidy.Browser">
<arguments>
<arg>${USER}</arg>
</arguments>
<msg timestamp="20170627 16:44:06.419" level="TRACE">Arguments: [ ${USER}='employer' ]</msg>
<kw name="Delete All Cookies" library="Selenium2Library">
<doc>Deletes all cookies.</doc>
<msg timestamp="20170627 16:44:06.419" level="TRACE">Arguments: [  ]</msg>
<msg timestamp="20170627 16:44:06.420" level="DEBUG">DELETE http://127.0.0.1:64316/session/e8f250683b6796099190b3a3487677af/cookie {"sessionId": "e8f250683b6796099190b3a3487677af"}</msg>
<msg timestamp="20170627 16:44:07.104" level="DEBUG">Finished Request</msg>
<msg timestamp="20170627 16:44:07.104" level="TRACE">Return: None</msg>
<status status="PASS" endtime="20170627 16:44:07.104" starttime="20170627 16:44:06.419"></status>
</kw>
<kw name="Go To UBIDY" library="Ubidy.Browser">
<arguments>
<arg>${USER}</arg>
</arguments>
<msg timestamp="20170627 16:44:07.104" level="TRACE">Arguments: [ ${USER}='employer' ]</msg>
<kw name="Get Location" library="Selenium2Library">
<doc>Returns the current location.</doc>
<assign>
<var>${Current.Location}</var>
</assign>
<msg timestamp="20170627 16:44:07.104" level="TRACE">Arguments: [  ]</msg>
<msg timestamp="20170627 16:44:07.104" level="DEBUG">GET http://127.0.0.1:64316/session/e8f250683b6796099190b3a3487677af/url {"sessionId": "e8f250683b6796099190b3a3487677af"}</msg>
<msg timestamp="20170627 16:44:07.120" level="DEBUG">Finished Request</msg>
<msg timestamp="20170627 16:44:07.120" level="TRACE">Return: 'data:,'</msg>
<msg timestamp="20170627 16:44:07.120" level="INFO">${Current.Location} = data:,</msg>
<status status="PASS" endtime="20170627 16:44:07.120" starttime="20170627 16:44:07.104"></status>
</kw>
<kw name="Log Many" library="BuiltIn">
<doc>Logs the given messages as separate entries using the INFO level.</doc>
<arguments>
<arg>${Current.Location}</arg>
</arguments>
<msg timestamp="20170627 16:44:07.120" level="TRACE">Arguments: [ '${Current.Location}' ]</msg>
<msg timestamp="20170627 16:44:07.120" level="INFO">data:,</msg>
<msg timestamp="20170627 16:44:07.120" level="TRACE">Return: None</msg>
<status status="PASS" endtime="20170627 16:44:07.120" starttime="20170627 16:44:07.120"></status>
</kw>
<kw name="Log Many" library="BuiltIn">
<doc>Logs the given messages as separate entries using the INFO level.</doc>
<arguments>
<arg>${USER}</arg>
</arguments>
<msg timestamp="20170627 16:44:07.120" level="TRACE">Arguments: [ '${USER}' ]</msg>
<msg timestamp="20170627 16:44:07.120" level="INFO">employer</msg>
<msg timestamp="20170627 16:44:07.120" level="TRACE">Return: None</msg>
<status status="PASS" endtime="20170627 16:44:07.120" starttime="20170627 16:44:07.120"></status>
</kw>
<kw name="Run Keyword If" library="BuiltIn">
<doc>Runs the given keyword with the given arguments, if ``condition`` is true.</doc>
<arguments>
<arg>'${USER}'=='employer'</arg>
<arg>Selenium2Library.Go To</arg>
<arg>${Employer.Url}</arg>
</arguments>
<msg timestamp="20170627 16:44:07.120" level="TRACE">Arguments: [ "'employer'=='employer'" | 'Selenium2Library.Go To' | '${Employer.Url}' ]</msg>
<kw name="Go To" library="Selenium2Library">
<doc>Navigates the active browser instance to the provided URL.</doc>
<arguments>
<arg>${Employer.Url}</arg>
</arguments>
<msg timestamp="20170627 16:44:07.120" level="TRACE">Arguments: [ 'http://employerdev.ubidywebsite.com:8081' ]</msg>
<msg timestamp="20170627 16:44:07.120" level="INFO">Opening url 'http://employerdev.ubidywebsite.com:8081'</msg>
<msg timestamp="20170627 16:44:07.120" level="DEBUG">POST http://127.0.0.1:64316/session/e8f250683b6796099190b3a3487677af/url {"url": "http://employerdev.ubidywebsite.com:8081", "sessionId": "e8f250683b6796099190b3a3487677af"}</msg>
<msg timestamp="20170627 16:44:09.827" level="DEBUG">Finished Request</msg>
<msg timestamp="20170627 16:44:09.828" level="TRACE">Return: None</msg>
<status status="PASS" endtime="20170627 16:44:09.828" starttime="20170627 16:44:07.120"></status>
</kw>
<msg timestamp="20170627 16:44:09.828" level="TRACE">Return: None</msg>
<status status="PASS" endtime="20170627 16:44:09.828" starttime="20170627 16:44:07.120"></status>
</kw>
<kw name="Run Keyword If" library="BuiltIn">
<doc>Runs the given keyword with the given arguments, if ``condition`` is true.</doc>
<arguments>
<arg>'${USER}'=='agency'</arg>
<arg>Selenium2Library.Go To</arg>
<arg>${Agency.Url}</arg>
</arguments>
<msg timestamp="20170627 16:44:09.830" level="TRACE">Arguments: [ "'employer'=='agency'" | 'Selenium2Library.Go To' | '${Agency.Url}' ]</msg>
<msg timestamp="20170627 16:44:09.830" level="TRACE">Return: None</msg>
<status status="PASS" endtime="20170627 16:44:09.830" starttime="20170627 16:44:09.829"></status>
</kw>
<msg timestamp="20170627 16:44:09.830" level="TRACE">Return: None</msg>
<status status="PASS" endtime="20170627 16:44:09.830" starttime="20170627 16:44:07.104"></status>
</kw>
<kw name="Set Selenium Speed" library="Selenium2Library">
<doc>Sets the delay in seconds that is waited after each Selenium command.</doc>
<arguments>
<arg>${DELAY}</arg>
</arguments>
<msg timestamp="20170627 16:44:09.831" level="TRACE">Arguments: [ '0.0010' ]</msg>
<msg timestamp="20170627 16:44:09.831" level="TRACE">Return: b'0 seconds'</msg>
<status status="PASS" endtime="20170627 16:44:09.831" starttime="20170627 16:44:09.830"></status>
</kw>
<kw name="Capture Page Screenshot" library="Selenium2Library">
<doc>Takes a screenshot of the current page and embeds it into the log.</doc>
<msg timestamp="20170627 16:44:09.831" level="TRACE">Arguments: [  ]</msg>
<msg timestamp="20170627 16:44:09.839" level="DEBUG">GET http://127.0.0.1:64316/session/e8f250683b6796099190b3a3487677af/screenshot {"sessionId": "e8f250683b6796099190b3a3487677af"}</msg>
<msg timestamp="20170627 16:44:10.109" level="DEBUG">Finished Request</msg>
<msg timestamp="20170627 16:44:10.112" html="yes" level="INFO">&lt;/td&gt;&lt;/tr&gt;&lt;tr&gt;&lt;td colspan="3"&gt;&lt;a href="selenium-screenshot-1.png"&gt;&lt;img src="selenium-screenshot-1.png" width="800px"&gt;&lt;/a&gt;</msg>
<msg timestamp="20170627 16:44:10.112" level="TRACE">Return: 'D:\\Source\\Repos\\Ubidy_EmployerAutomationSuite\\results\\selenium-screenshot-1.png'</msg>
<status status="PASS" endtime="20170627 16:44:10.112" starttime="20170627 16:44:09.831"></status>
</kw>
<msg timestamp="20170627 16:44:10.112" level="TRACE">Return: None</msg>
<status status="PASS" endtime="20170627 16:44:10.112" starttime="20170627 16:44:06.419"></status>
</kw>
<msg timestamp="20170627 16:44:10.112" level="TRACE">Return: None</msg>
<status status="PASS" endtime="20170627 16:44:10.112" starttime="20170627 16:44:02.999"></status>
</kw>
<kw name="Run Keyword If" library="BuiltIn">
<doc>Runs the given keyword with the given arguments, if ``condition`` is true.</doc>
<arguments>
<arg>'${USER}'=='employer'</arg>
<arg>Input Text</arg>
<arg>${Login.Username.Text}</arg>
<arg>${Employer.Username}</arg>
</arguments>
<msg timestamp="20170627 16:44:10.113" level="TRACE">Arguments: [ "'employer'=='employer'" | 'Input Text' | '${Login.Username.Text}' | '${Employer.Username}' ]</msg>
<kw name="Input Text" library="Selenium2Library">
<doc>Types the given `text` into text field identified by `locator`.</doc>
<arguments>
<arg>${Login.Username.Text}</arg>
<arg>${Employer.Username}</arg>
</arguments>
<msg timestamp="20170627 16:44:10.114" level="TRACE">Arguments: [ 'id=userName' | 'employee_kHbzmgFb' ]</msg>
<msg timestamp="20170627 16:44:10.114" level="INFO">Typing text 'employee_kHbzmgFb' into text field 'id=userName'</msg>
<msg timestamp="20170627 16:44:10.114" level="DEBUG">POST http://127.0.0.1:64316/session/e8f250683b6796099190b3a3487677af/elements {"using": "id", "sessionId": "e8f250683b6796099190b3a3487677af", "value": "userName"}</msg>
<msg timestamp="20170627 16:44:10.132" level="DEBUG">Finished Request</msg>
<msg timestamp="20170627 16:44:10.134" level="DEBUG">POST http://127.0.0.1:64316/session/e8f250683b6796099190b3a3487677af/element/0.9773783212895051-1/clear {"sessionId": "e8f250683b6796099190b3a3487677af", "id": "0.9773783212895051-1"}</msg>
<msg timestamp="20170627 16:44:10.155" level="DEBUG">Finished Request</msg>
<msg timestamp="20170627 16:44:10.157" level="DEBUG">POST http://127.0.0.1:64316/session/e8f250683b6796099190b3a3487677af/element/0.9773783212895051-1/value {"text": "employee_kHbzmgFb", "sessionId": "e8f250683b6796099190b3a3487677af", "id": "0.9773783212895051-1", "value": ["e", "m", "p", "l", "o", "y", "e", "e", "_", "k", "H", "b", "z", "m", "g", "F", "b"]}</msg>
<msg timestamp="20170627 16:44:10.366" level="DEBUG">Finished Request</msg>
<msg timestamp="20170627 16:44:10.367" level="TRACE">Return: None</msg>
<status status="PASS" endtime="20170627 16:44:10.367" starttime="20170627 16:44:10.114"></status>
</kw>
<msg timestamp="20170627 16:44:10.367" level="TRACE">Return: None</msg>
<status status="PASS" endtime="20170627 16:44:10.367" starttime="20170627 16:44:10.113"></status>
</kw>
<kw name="Run Keyword If" library="BuiltIn">
<doc>Runs the given keyword with the given arguments, if ``condition`` is true.</doc>
<arguments>
<arg>'${USER}'=='agency'</arg>
<arg>Input Text</arg>
<arg>${Login.Username.Text}</arg>
<arg>${Agency.Username}</arg>
</arguments>
<msg timestamp="20170627 16:44:10.367" level="TRACE">Arguments: [ "'employer'=='agency'" | 'Input Text' | '${Login.Username.Text}' | '${Agency.Username}' ]</msg>
<msg timestamp="20170627 16:44:10.368" level="TRACE">Return: None</msg>
<status status="PASS" endtime="20170627 16:44:10.368" starttime="20170627 16:44:10.367"></status>
</kw>
<kw name="Input Password" library="Selenium2Library">
<doc>Types the given password into text field identified by `locator`.</doc>
<arguments>
<arg>${Login.Password.Text}</arg>
<arg>ubidy123</arg>
</arguments>
<msg timestamp="20170627 16:44:10.368" level="TRACE">Arguments: [ 'id=password' | 'ubidy123' ]</msg>
<msg timestamp="20170627 16:44:10.368" level="INFO">Typing password into text field 'id=password'</msg>
<msg timestamp="20170627 16:44:10.368" level="DEBUG">POST http://127.0.0.1:64316/session/e8f250683b6796099190b3a3487677af/elements {"using": "id", "sessionId": "e8f250683b6796099190b3a3487677af", "value": "password"}</msg>
<msg timestamp="20170627 16:44:10.385" level="DEBUG">Finished Request</msg>
<msg timestamp="20170627 16:44:10.386" level="DEBUG">POST http://127.0.0.1:64316/session/e8f250683b6796099190b3a3487677af/element/0.9773783212895051-2/clear {"sessionId": "e8f250683b6796099190b3a3487677af", "id": "0.9773783212895051-2"}</msg>
<msg timestamp="20170627 16:44:10.406" level="DEBUG">Finished Request</msg>
<msg timestamp="20170627 16:44:10.408" level="DEBUG">POST http://127.0.0.1:64316/session/e8f250683b6796099190b3a3487677af/element/0.9773783212895051-2/value {"text": "ubidy123", "sessionId": "e8f250683b6796099190b3a3487677af", "id": "0.9773783212895051-2", "value": ["u", "b", "i", "d", "y", "1", "2", "3"]}</msg>
<msg timestamp="20170627 16:44:10.508" level="DEBUG">Finished Request</msg>
<msg timestamp="20170627 16:44:10.509" level="TRACE">Return: None</msg>
<status status="PASS" endtime="20170627 16:44:10.509" starttime="20170627 16:44:10.368"></status>
</kw>
<kw name="Capture Page Screenshot" library="Selenium2Library">
<doc>Takes a screenshot of the current page and embeds it into the log.</doc>
<msg timestamp="20170627 16:44:10.509" level="TRACE">Arguments: [  ]</msg>
<msg timestamp="20170627 16:44:10.516" level="DEBUG">GET http://127.0.0.1:64316/session/e8f250683b6796099190b3a3487677af/screenshot {"sessionId": "e8f250683b6796099190b3a3487677af"}</msg>
<msg timestamp="20170627 16:44:10.798" level="DEBUG">Finished Request</msg>
<msg timestamp="20170627 16:44:10.801" html="yes" level="INFO">&lt;/td&gt;&lt;/tr&gt;&lt;tr&gt;&lt;td colspan="3"&gt;&lt;a href="selenium-screenshot-2.png"&gt;&lt;img src="selenium-screenshot-2.png" width="800px"&gt;&lt;/a&gt;</msg>
<msg timestamp="20170627 16:44:10.801" level="TRACE">Return: 'D:\\Source\\Repos\\Ubidy_EmployerAutomationSuite\\results\\selenium-screenshot-2.png'</msg>
<status status="PASS" endtime="20170627 16:44:10.801" starttime="20170627 16:44:10.509"></status>
</kw>
<kw name="Click Element" library="Selenium2Library">
<doc>Click element identified by `locator`.</doc>
<arguments>
<arg>${Login.Button}</arg>
</arguments>
<msg timestamp="20170627 16:44:10.801" level="TRACE">Arguments: [ '//*[@class="ant-btn ant-btn-primary ant-btn-lg login-form-button"]' ]</msg>
<msg timestamp="20170627 16:44:10.801" level="INFO">Clicking element '//*[@class="ant-btn ant-btn-primary ant-btn-lg login-form-button"]'.</msg>
<msg timestamp="20170627 16:44:10.801" level="DEBUG">POST http://127.0.0.1:64316/session/e8f250683b6796099190b3a3487677af/elements {"using": "xpath", "sessionId": "e8f250683b6796099190b3a3487677af", "value": "//*[@class=\"ant-btn ant-btn-primary ant-btn-lg login-form-button\"]"}</msg>
<msg timestamp="20170627 16:44:10.821" level="DEBUG">Finished Request</msg>
<msg timestamp="20170627 16:44:10.822" level="DEBUG">POST http://127.0.0.1:64316/session/e8f250683b6796099190b3a3487677af/element/0.9773783212895051-3/click {"sessionId": "e8f250683b6796099190b3a3487677af", "id": "0.9773783212895051-3"}</msg>
<msg timestamp="20170627 16:44:10.891" level="DEBUG">Finished Request</msg>
<msg timestamp="20170627 16:44:10.892" level="TRACE">Return: None</msg>
<status status="PASS" endtime="20170627 16:44:10.892" starttime="20170627 16:44:10.801"></status>
</kw>
<msg timestamp="20170627 16:44:10.892" level="TRACE">Return: None</msg>
<status status="PASS" endtime="20170627 16:44:10.892" starttime="20170627 16:44:02.983"></status>
</kw>
<kw type="teardown" name="Run Keyword If Test Failed" library="BuiltIn">
<doc>Runs the given keyword with the given arguments, if the test failed.</doc>
<arguments>
<arg>Capture Page Screenshot</arg>
</arguments>
<msg timestamp="20170627 16:44:10.894" level="TRACE">Arguments: [ 'Capture Page Screenshot' ]</msg>
<msg timestamp="20170627 16:44:10.894" level="TRACE">Return: None</msg>
<status status="PASS" endtime="20170627 16:44:10.894" starttime="20170627 16:44:10.893"></status>
</kw>
<status status="PASS" endtime="20170627 16:44:10.895" critical="yes" starttime="20170627 16:44:02.983"></status>
</test>
<test id="s1-s1-t2" name="Create profile details">
<kw name="Add details in Profile">
<msg timestamp="20170627 16:44:10.900" level="TRACE">Arguments: [  ]</msg>
<kw name="Wait Until Page Contains Element" library="Selenium2Library">
<doc>Waits until element specified with `locator` appears on current page.</doc>
<arguments>
<arg>${Profile.Edit.Button}</arg>
</arguments>
<msg timestamp="20170627 16:44:10.901" level="TRACE">Arguments: [ '//*[@type="button"]/span[text()=\'Edit\']' ]</msg>
<msg timestamp="20170627 16:44:10.901" level="DEBUG">POST http://127.0.0.1:64316/session/e8f250683b6796099190b3a3487677af/elements {"using": "xpath", "sessionId": "e8f250683b6796099190b3a3487677af", "value": "//*[@type=\"button\"]/span[text()='Edit']"}</msg>
<msg timestamp="20170627 16:46:10.965" level="DEBUG">Finished Request</msg>
<kw name="Capture Page Screenshot" library="Selenium2Library">
<doc>Takes a screenshot of the current page and embeds it into the log.</doc>
<msg timestamp="20170627 16:46:10.968" level="TRACE">Arguments: [  ]</msg>
<msg timestamp="20170627 16:46:10.983" level="DEBUG">GET http://127.0.0.1:64316/session/e8f250683b6796099190b3a3487677af/screenshot {"sessionId": "e8f250683b6796099190b3a3487677af"}</msg>
<msg timestamp="20170627 16:46:11.245" level="DEBUG">Finished Request</msg>
<msg timestamp="20170627 16:46:11.248" html="yes" level="INFO">&lt;/td&gt;&lt;/tr&gt;&lt;tr&gt;&lt;td colspan="3"&gt;&lt;a href="selenium-screenshot-3.png"&gt;&lt;img src="selenium-screenshot-3.png" width="800px"&gt;&lt;/a&gt;</msg>
<msg timestamp="20170627 16:46:11.248" level="TRACE">Return: 'D:\\Source\\Repos\\Ubidy_EmployerAutomationSuite\\results\\selenium-screenshot-3.png'</msg>
<status status="PASS" endtime="20170627 16:46:11.248" starttime="20170627 16:46:10.968"></status>
</kw>
<msg timestamp="20170627 16:46:11.248" level="FAIL">Element '//*[@type="button"]/span[text()='Edit']' did not appear in 2 minutes</msg>
<msg timestamp="20170627 16:46:11.249" level="DEBUG">Traceback (most recent call last):
  File "&lt;decorator-gen-154&gt;", line 2, in wait_until_page_contains_element
  File "C:\Python27\lib\site-packages\robotframework_selenium2library-1.8.0-py2.7.egg\Selenium2Library\keywords\keywordgroup.py", line 15, in _run_on_failure_decorator
    return method(*args, **kwargs)
  File "C:\Python27\lib\site-packages\robotframework_selenium2library-1.8.0-py2.7.egg\Selenium2Library\keywords\_waiting.py", line 84, in wait_until_page_contains_element
    self._wait_until(timeout, error, self._is_element_present, locator)
  File "C:\Python27\lib\site-packages\robotframework_selenium2library-1.8.0-py2.7.egg\Selenium2Library\keywords\_waiting.py", line 231, in _wait_until
    self._wait_until_no_error(timeout, wait_func)
  File "C:\Python27\lib\site-packages\robotframework_selenium2library-1.8.0-py2.7.egg\Selenium2Library\keywords\_waiting.py", line 240, in _wait_until_no_error
    raise AssertionError(timeout_error)</msg>
<status status="FAIL" endtime="20170627 16:46:11.249" starttime="20170627 16:44:10.901"></status>
</kw>
<status status="FAIL" endtime="20170627 16:46:11.249" starttime="20170627 16:44:10.900"></status>
</kw>
<kw type="teardown" name="Run Keyword If Test Failed" library="BuiltIn">
<doc>Runs the given keyword with the given arguments, if the test failed.</doc>
<arguments>
<arg>Capture Page Screenshot</arg>
</arguments>
<msg timestamp="20170627 16:46:11.250" level="TRACE">Arguments: [ 'Capture Page Screenshot' ]</msg>
<kw name="Capture Page Screenshot" library="Selenium2Library">
<doc>Takes a screenshot of the current page and embeds it into the log.</doc>
<msg timestamp="20170627 16:46:11.250" level="TRACE">Arguments: [  ]</msg>
<msg timestamp="20170627 16:46:11.256" level="DEBUG">GET http://127.0.0.1:64316/session/e8f250683b6796099190b3a3487677af/screenshot {"sessionId": "e8f250683b6796099190b3a3487677af"}</msg>
<msg timestamp="20170627 16:46:11.520" level="DEBUG">Finished Request</msg>
<msg timestamp="20170627 16:46:11.523" html="yes" level="INFO">&lt;/td&gt;&lt;/tr&gt;&lt;tr&gt;&lt;td colspan="3"&gt;&lt;a href="selenium-screenshot-4.png"&gt;&lt;img src="selenium-screenshot-4.png" width="800px"&gt;&lt;/a&gt;</msg>
<msg timestamp="20170627 16:46:11.523" level="TRACE">Return: 'D:\\Source\\Repos\\Ubidy_EmployerAutomationSuite\\results\\selenium-screenshot-4.png'</msg>
<status status="PASS" endtime="20170627 16:46:11.523" starttime="20170627 16:46:11.250"></status>
</kw>
<msg timestamp="20170627 16:46:11.523" level="TRACE">Return: 'D:\\Source\\Repos\\Ubidy_EmployerAutomationSuite\\results\\selenium-screenshot-4.png'</msg>
<status status="PASS" endtime="20170627 16:46:11.523" starttime="20170627 16:46:11.250"></status>
</kw>
<tags>
<tag>skip</tag>
</tags>
<status status="FAIL" endtime="20170627 16:46:11.524" critical="yes" starttime="20170627 16:44:10.898">Element '//*[@type="button"]/span[text()='Edit']' did not appear in 2 minutes</status>
</test>
<test id="s1-s1-t3" name="Create profile office address">
<kw name="Create address">
<msg timestamp="20170627 16:46:11.531" level="TRACE">Arguments: [  ]</msg>
<kw name="Set Selenium Implicit Wait" library="Selenium2Library">
<doc>Sets Selenium 2's default implicit wait in seconds and</doc>
<arguments>
<arg>2</arg>
</arguments>
<msg timestamp="20170627 16:46:11.531" level="TRACE">Arguments: [ '2' ]</msg>
<msg timestamp="20170627 16:46:11.531" level="DEBUG">POST http://127.0.0.1:64316/session/e8f250683b6796099190b3a3487677af/timeouts/implicit_wait {"sessionId": "e8f250683b6796099190b3a3487677af", "ms": 2000.0}</msg>
<msg timestamp="20170627 16:46:11.533" level="DEBUG">Finished Request</msg>
<msg timestamp="20170627 16:46:11.534" level="TRACE">Return: b'2 minutes'</msg>
<status status="PASS" endtime="20170627 16:46:11.534" starttime="20170627 16:46:11.531"></status>
</kw>
<kw name="Set Selenium Timeout" library="Selenium2Library">
<doc>Sets the timeout in seconds used by various keywords.</doc>
<arguments>
<arg>2</arg>
</arguments>
<msg timestamp="20170627 16:46:11.534" level="TRACE">Arguments: [ '2' ]</msg>
<msg timestamp="20170627 16:46:11.534" level="DEBUG">POST http://127.0.0.1:64316/session/e8f250683b6796099190b3a3487677af/timeouts/async_script {"sessionId": "e8f250683b6796099190b3a3487677af", "ms": 2000.0}</msg>
<msg timestamp="20170627 16:46:11.536" level="DEBUG">Finished Request</msg>
<msg timestamp="20170627 16:46:11.537" level="TRACE">Return: b'2 minutes'</msg>
<status status="PASS" endtime="20170627 16:46:11.537" starttime="20170627 16:46:11.534"></status>
</kw>
<kw name="Click Element" library="Selenium2Library">
<doc>Click element identified by `locator`.</doc>
<arguments>
<arg>${Addresses.Left.Menu.Link}</arg>
</arguments>
<msg timestamp="20170627 16:46:11.537" level="TRACE">Arguments: [ '//li[@class="ant-menu-item"]/a[text()[contains(.,"Addresses")]]' ]</msg>
<msg timestamp="20170627 16:46:11.537" level="INFO">Clicking element '//li[@class="ant-menu-item"]/a[text()[contains(.,"Addresses")]]'.</msg>
<msg timestamp="20170627 16:46:11.537" level="DEBUG">POST http://127.0.0.1:64316/session/e8f250683b6796099190b3a3487677af/elements {"using": "xpath", "sessionId": "e8f250683b6796099190b3a3487677af", "value": "//li[@class=\"ant-menu-item\"]/a[text()[contains(.,\"Addresses\")]]"}</msg>
<msg timestamp="20170627 16:46:13.542" level="DEBUG">Finished Request</msg>
<kw name="Capture Page Screenshot" library="Selenium2Library">
<doc>Takes a screenshot of the current page and embeds it into the log.</doc>
<msg timestamp="20170627 16:46:13.543" level="TRACE">Arguments: [  ]</msg>
<msg timestamp="20170627 16:46:13.549" level="DEBUG">GET http://127.0.0.1:64316/session/e8f250683b6796099190b3a3487677af/screenshot {"sessionId": "e8f250683b6796099190b3a3487677af"}</msg>
<msg timestamp="20170627 16:46:13.807" level="DEBUG">Finished Request</msg>
<msg timestamp="20170627 16:46:13.810" html="yes" level="INFO">&lt;/td&gt;&lt;/tr&gt;&lt;tr&gt;&lt;td colspan="3"&gt;&lt;a href="selenium-screenshot-5.png"&gt;&lt;img src="selenium-screenshot-5.png" width="800px"&gt;&lt;/a&gt;</msg>
<msg timestamp="20170627 16:46:13.810" level="TRACE">Return: 'D:\\Source\\Repos\\Ubidy_EmployerAutomationSuite\\results\\selenium-screenshot-5.png'</msg>
<status status="PASS" endtime="20170627 16:46:13.810" starttime="20170627 16:46:13.543"></status>
</kw>
<msg timestamp="20170627 16:46:13.811" level="FAIL">ValueError: Element locator '//li[@class="ant-menu-item"]/a[text()[contains(.,"Addresses")]]' did not match any elements.</msg>
<msg timestamp="20170627 16:46:13.811" level="DEBUG">Traceback (most recent call last):
  File "&lt;decorator-gen-46&gt;", line 2, in click_element
  File "C:\Python27\lib\site-packages\robotframework_selenium2library-1.8.0-py2.7.egg\Selenium2Library\keywords\keywordgroup.py", line 15, in _run_on_failure_decorator
    return method(*args, **kwargs)
  File "C:\Python27\lib\site-packages\robotframework_selenium2library-1.8.0-py2.7.egg\Selenium2Library\keywords\_element.py", line 354, in click_element
    self._element_find(locator, True, True).click()
  File "C:\Python27\lib\site-packages\robotframework_selenium2library-1.8.0-py2.7.egg\Selenium2Library\keywords\_element.py", line 690, in _element_find
    raise ValueError("Element locator '" + locator + "' did not match any elements.")</msg>
<status status="FAIL" endtime="20170627 16:46:13.811" starttime="20170627 16:46:11.537"></status>
</kw>
<status status="FAIL" endtime="20170627 16:46:13.811" starttime="20170627 16:46:11.531"></status>
</kw>
<kw type="teardown" name="Run Keyword If Test Failed" library="BuiltIn">
<doc>Runs the given keyword with the given arguments, if the test failed.</doc>
<arguments>
<arg>Capture Page Screenshot</arg>
</arguments>
<msg timestamp="20170627 16:46:13.812" level="TRACE">Arguments: [ 'Capture Page Screenshot' ]</msg>
<kw name="Capture Page Screenshot" library="Selenium2Library">
<doc>Takes a screenshot of the current page and embeds it into the log.</doc>
<msg timestamp="20170627 16:46:13.813" level="TRACE">Arguments: [  ]</msg>
<msg timestamp="20170627 16:46:13.819" level="DEBUG">GET http://127.0.0.1:64316/session/e8f250683b6796099190b3a3487677af/screenshot {"sessionId": "e8f250683b6796099190b3a3487677af"}</msg>
<msg timestamp="20170627 16:46:14.094" level="DEBUG">Finished Request</msg>
<msg timestamp="20170627 16:46:14.097" html="yes" level="INFO">&lt;/td&gt;&lt;/tr&gt;&lt;tr&gt;&lt;td colspan="3"&gt;&lt;a href="selenium-screenshot-6.png"&gt;&lt;img src="selenium-screenshot-6.png" width="800px"&gt;&lt;/a&gt;</msg>
<msg timestamp="20170627 16:46:14.097" level="TRACE">Return: 'D:\\Source\\Repos\\Ubidy_EmployerAutomationSuite\\results\\selenium-screenshot-6.png'</msg>
<status status="PASS" endtime="20170627 16:46:14.097" starttime="20170627 16:46:13.813"></status>
</kw>
<msg timestamp="20170627 16:46:14.097" level="TRACE">Return: 'D:\\Source\\Repos\\Ubidy_EmployerAutomationSuite\\results\\selenium-screenshot-6.png'</msg>
<status status="PASS" endtime="20170627 16:46:14.097" starttime="20170627 16:46:13.812"></status>
</kw>
<tags>
<tag>skip</tag>
</tags>
<status status="FAIL" endtime="20170627 16:46:14.098" critical="yes" starttime="20170627 16:46:11.530">ValueError: Element locator '//li[@class="ant-menu-item"]/a[text()[contains(.,"Addresses")]]' did not match any elements.</status>
</test>
<test id="s1-s1-t4" name="Create profile region">
<kw name="Create regions">
<msg timestamp="20170627 16:46:14.101" level="TRACE">Arguments: [  ]</msg>
<kw name="Set Selenium Implicit Wait" library="Selenium2Library">
<doc>Sets Selenium 2's default implicit wait in seconds and</doc>
<arguments>
<arg>2</arg>
</arguments>
<msg timestamp="20170627 16:46:14.102" level="TRACE">Arguments: [ '2' ]</msg>
<msg timestamp="20170627 16:46:14.102" level="DEBUG">POST http://127.0.0.1:64316/session/e8f250683b6796099190b3a3487677af/timeouts/implicit_wait {"sessionId": "e8f250683b6796099190b3a3487677af", "ms": 2000.0}</msg>
<msg timestamp="20170627 16:46:14.103" level="DEBUG">Finished Request</msg>
<msg timestamp="20170627 16:46:14.105" level="TRACE">Return: b'2 seconds'</msg>
<status status="PASS" endtime="20170627 16:46:14.105" starttime="20170627 16:46:14.102"></status>
</kw>
<kw name="Set Selenium Timeout" library="Selenium2Library">
<doc>Sets the timeout in seconds used by various keywords.</doc>
<arguments>
<arg>2</arg>
</arguments>
<msg timestamp="20170627 16:46:14.105" level="TRACE">Arguments: [ '2' ]</msg>
<msg timestamp="20170627 16:46:14.105" level="DEBUG">POST http://127.0.0.1:64316/session/e8f250683b6796099190b3a3487677af/timeouts/async_script {"sessionId": "e8f250683b6796099190b3a3487677af", "ms": 2000.0}</msg>
<msg timestamp="20170627 16:46:14.107" level="DEBUG">Finished Request</msg>
<msg timestamp="20170627 16:46:14.109" level="TRACE">Return: b'2 seconds'</msg>
<status status="PASS" endtime="20170627 16:46:14.109" starttime="20170627 16:46:14.105"></status>
</kw>
<kw name="Click Element" library="Selenium2Library">
<doc>Click element identified by `locator`.</doc>
<arguments>
<arg>${Profile.Continue.Button}</arg>
</arguments>
<msg timestamp="20170627 16:46:14.109" level="TRACE">Arguments: [ '//*[@type="button"]/span[text()[contains(.,\'Continue\')]]' ]</msg>
<msg timestamp="20170627 16:46:14.109" level="INFO">Clicking element '//*[@type="button"]/span[text()[contains(.,'Continue')]]'.</msg>
<msg timestamp="20170627 16:46:14.109" level="DEBUG">POST http://127.0.0.1:64316/session/e8f250683b6796099190b3a3487677af/elements {"using": "xpath", "sessionId": "e8f250683b6796099190b3a3487677af", "value": "//*[@type=\"button\"]/span[text()[contains(.,'Continue')]]"}</msg>
<msg timestamp="20170627 16:46:16.145" level="DEBUG">Finished Request</msg>
<kw name="Capture Page Screenshot" library="Selenium2Library">
<doc>Takes a screenshot of the current page and embeds it into the log.</doc>
<msg timestamp="20170627 16:46:16.148" level="TRACE">Arguments: [  ]</msg>
<msg timestamp="20170627 16:46:16.162" level="DEBUG">GET http://127.0.0.1:64316/session/e8f250683b6796099190b3a3487677af/screenshot {"sessionId": "e8f250683b6796099190b3a3487677af"}</msg>
<msg timestamp="20170627 16:46:16.421" level="DEBUG">Finished Request</msg>
<msg timestamp="20170627 16:46:16.424" html="yes" level="INFO">&lt;/td&gt;&lt;/tr&gt;&lt;tr&gt;&lt;td colspan="3"&gt;&lt;a href="selenium-screenshot-7.png"&gt;&lt;img src="selenium-screenshot-7.png" width="800px"&gt;&lt;/a&gt;</msg>
<msg timestamp="20170627 16:46:16.424" level="TRACE">Return: 'D:\\Source\\Repos\\Ubidy_EmployerAutomationSuite\\results\\selenium-screenshot-7.png'</msg>
<status status="PASS" endtime="20170627 16:46:16.424" starttime="20170627 16:46:16.147"></status>
</kw>
<msg timestamp="20170627 16:46:16.425" level="FAIL">ValueError: Element locator '//*[@type="button"]/span[text()[contains(.,'Continue')]]' did not match any elements.</msg>
<msg timestamp="20170627 16:46:16.425" level="DEBUG">Traceback (most recent call last):
  File "&lt;decorator-gen-46&gt;", line 2, in click_element
  File "C:\Python27\lib\site-packages\robotframework_selenium2library-1.8.0-py2.7.egg\Selenium2Library\keywords\keywordgroup.py", line 15, in _run_on_failure_decorator
    return method(*args, **kwargs)
  File "C:\Python27\lib\site-packages\robotframework_selenium2library-1.8.0-py2.7.egg\Selenium2Library\keywords\_element.py", line 354, in click_element
    self._element_find(locator, True, True).click()
  File "C:\Python27\lib\site-packages\robotframework_selenium2library-1.8.0-py2.7.egg\Selenium2Library\keywords\_element.py", line 690, in _element_find
    raise ValueError("Element locator '" + locator + "' did not match any elements.")</msg>
<status status="FAIL" endtime="20170627 16:46:16.425" starttime="20170627 16:46:14.109"></status>
</kw>
<status status="FAIL" endtime="20170627 16:46:16.426" starttime="20170627 16:46:14.101"></status>
</kw>
<kw type="teardown" name="Run Keyword If Test Failed" library="BuiltIn">
<doc>Runs the given keyword with the given arguments, if the test failed.</doc>
<arguments>
<arg>Capture Page Screenshot</arg>
</arguments>
<msg timestamp="20170627 16:46:16.427" level="TRACE">Arguments: [ 'Capture Page Screenshot' ]</msg>
<kw name="Capture Page Screenshot" library="Selenium2Library">
<doc>Takes a screenshot of the current page and embeds it into the log.</doc>
<msg timestamp="20170627 16:46:16.428" level="TRACE">Arguments: [  ]</msg>
<msg timestamp="20170627 16:46:16.433" level="DEBUG">GET http://127.0.0.1:64316/session/e8f250683b6796099190b3a3487677af/screenshot {"sessionId": "e8f250683b6796099190b3a3487677af"}</msg>
<msg timestamp="20170627 16:46:16.707" level="DEBUG">Finished Request</msg>
<msg timestamp="20170627 16:46:16.709" html="yes" level="INFO">&lt;/td&gt;&lt;/tr&gt;&lt;tr&gt;&lt;td colspan="3"&gt;&lt;a href="selenium-screenshot-8.png"&gt;&lt;img src="selenium-screenshot-8.png" width="800px"&gt;&lt;/a&gt;</msg>
<msg timestamp="20170627 16:46:16.709" level="TRACE">Return: 'D:\\Source\\Repos\\Ubidy_EmployerAutomationSuite\\results\\selenium-screenshot-8.png'</msg>
<status status="PASS" endtime="20170627 16:46:16.709" starttime="20170627 16:46:16.427"></status>
</kw>
<msg timestamp="20170627 16:46:16.710" level="TRACE">Return: 'D:\\Source\\Repos\\Ubidy_EmployerAutomationSuite\\results\\selenium-screenshot-8.png'</msg>
<status status="PASS" endtime="20170627 16:46:16.710" starttime="20170627 16:46:16.427"></status>
</kw>
<tags>
<tag>skip</tag>
</tags>
<status status="FAIL" endtime="20170627 16:46:16.711" critical="yes" starttime="20170627 16:46:14.101">ValueError: Element locator '//*[@type="button"]/span[text()[contains(.,'Continue')]]' did not match any elements.</status>
</test>
<test id="s1-s1-t5" name="Create profile industry">
<kw name="Create industries">
<msg timestamp="20170627 16:46:16.716" level="TRACE">Arguments: [  ]</msg>
<kw name="Set Selenium Implicit Wait" library="Selenium2Library">
<doc>Sets Selenium 2's default implicit wait in seconds and</doc>
<arguments>
<arg>2</arg>
</arguments>
<msg timestamp="20170627 16:46:16.716" level="TRACE">Arguments: [ '2' ]</msg>
<msg timestamp="20170627 16:46:16.716" level="DEBUG">POST http://127.0.0.1:64316/session/e8f250683b6796099190b3a3487677af/timeouts/implicit_wait {"sessionId": "e8f250683b6796099190b3a3487677af", "ms": 2000.0}</msg>
<msg timestamp="20170627 16:46:16.718" level="DEBUG">Finished Request</msg>
<msg timestamp="20170627 16:46:16.719" level="TRACE">Return: b'2 seconds'</msg>
<status status="PASS" endtime="20170627 16:46:16.719" starttime="20170627 16:46:16.716"></status>
</kw>
<kw name="Set Selenium Timeout" library="Selenium2Library">
<doc>Sets the timeout in seconds used by various keywords.</doc>
<arguments>
<arg>2</arg>
</arguments>
<msg timestamp="20170627 16:46:16.719" level="TRACE">Arguments: [ '2' ]</msg>
<msg timestamp="20170627 16:46:16.719" level="DEBUG">POST http://127.0.0.1:64316/session/e8f250683b6796099190b3a3487677af/timeouts/async_script {"sessionId": "e8f250683b6796099190b3a3487677af", "ms": 2000.0}</msg>
<msg timestamp="20170627 16:46:16.721" level="DEBUG">Finished Request</msg>
<msg timestamp="20170627 16:46:16.722" level="TRACE">Return: b'2 seconds'</msg>
<status status="PASS" endtime="20170627 16:46:16.722" starttime="20170627 16:46:16.719"></status>
</kw>
<kw name="Click Element" library="Selenium2Library">
<doc>Click element identified by `locator`.</doc>
<arguments>
<arg>${Profile.Continue.Button}</arg>
</arguments>
<msg timestamp="20170627 16:46:16.722" level="TRACE">Arguments: [ '//*[@type="button"]/span[text()[contains(.,\'Continue\')]]' ]</msg>
<msg timestamp="20170627 16:46:16.722" level="INFO">Clicking element '//*[@type="button"]/span[text()[contains(.,'Continue')]]'.</msg>
<msg timestamp="20170627 16:46:16.722" level="DEBUG">POST http://127.0.0.1:64316/session/e8f250683b6796099190b3a3487677af/elements {"using": "xpath", "sessionId": "e8f250683b6796099190b3a3487677af", "value": "//*[@type=\"button\"]/span[text()[contains(.,'Continue')]]"}</msg>
<msg timestamp="20170627 16:46:18.764" level="DEBUG">Finished Request</msg>
<kw name="Capture Page Screenshot" library="Selenium2Library">
<doc>Takes a screenshot of the current page and embeds it into the log.</doc>
<msg timestamp="20170627 16:46:18.765" level="TRACE">Arguments: [  ]</msg>
<msg timestamp="20170627 16:46:18.770" level="DEBUG">GET http://127.0.0.1:64316/session/e8f250683b6796099190b3a3487677af/screenshot {"sessionId": "e8f250683b6796099190b3a3487677af"}</msg>
<msg timestamp="20170627 16:46:19.039" level="DEBUG">Finished Request</msg>
<msg timestamp="20170627 16:46:19.042" html="yes" level="INFO">&lt;/td&gt;&lt;/tr&gt;&lt;tr&gt;&lt;td colspan="3"&gt;&lt;a href="selenium-screenshot-9.png"&gt;&lt;img src="selenium-screenshot-9.png" width="800px"&gt;&lt;/a&gt;</msg>
<msg timestamp="20170627 16:46:19.042" level="TRACE">Return: 'D:\\Source\\Repos\\Ubidy_EmployerAutomationSuite\\results\\selenium-screenshot-9.png'</msg>
<status status="PASS" endtime="20170627 16:46:19.042" starttime="20170627 16:46:18.765"></status>
</kw>
<msg timestamp="20170627 16:46:19.042" level="FAIL">ValueError: Element locator '//*[@type="button"]/span[text()[contains(.,'Continue')]]' did not match any elements.</msg>
<msg timestamp="20170627 16:46:19.042" level="DEBUG">Traceback (most recent call last):
  File "&lt;decorator-gen-46&gt;", line 2, in click_element
  File "C:\Python27\lib\site-packages\robotframework_selenium2library-1.8.0-py2.7.egg\Selenium2Library\keywords\keywordgroup.py", line 15, in _run_on_failure_decorator
    return method(*args, **kwargs)
  File "C:\Python27\lib\site-packages\robotframework_selenium2library-1.8.0-py2.7.egg\Selenium2Library\keywords\_element.py", line 354, in click_element
    self._element_find(locator, True, True).click()
  File "C:\Python27\lib\site-packages\robotframework_selenium2library-1.8.0-py2.7.egg\Selenium2Library\keywords\_element.py", line 690, in _element_find
    raise ValueError("Element locator '" + locator + "' did not match any elements.")</msg>
<status status="FAIL" endtime="20170627 16:46:19.042" starttime="20170627 16:46:16.722"></status>
</kw>
<status status="FAIL" endtime="20170627 16:46:19.043" starttime="20170627 16:46:16.715"></status>
</kw>
<kw type="teardown" name="Run Keyword If Test Failed" library="BuiltIn">
<doc>Runs the given keyword with the given arguments, if the test failed.</doc>
<arguments>
<arg>Capture Page Screenshot</arg>
</arguments>
<msg timestamp="20170627 16:46:19.044" level="TRACE">Arguments: [ 'Capture Page Screenshot' ]</msg>
<kw name="Capture Page Screenshot" library="Selenium2Library">
<doc>Takes a screenshot of the current page and embeds it into the log.</doc>
<msg timestamp="20170627 16:46:19.044" level="TRACE">Arguments: [  ]</msg>
<msg timestamp="20170627 16:46:19.050" level="DEBUG">GET http://127.0.0.1:64316/session/e8f250683b6796099190b3a3487677af/screenshot {"sessionId": "e8f250683b6796099190b3a3487677af"}</msg>
<msg timestamp="20170627 16:46:19.331" level="DEBUG">Finished Request</msg>
<msg timestamp="20170627 16:46:19.334" html="yes" level="INFO">&lt;/td&gt;&lt;/tr&gt;&lt;tr&gt;&lt;td colspan="3"&gt;&lt;a href="selenium-screenshot-10.png"&gt;&lt;img src="selenium-screenshot-10.png" width="800px"&gt;&lt;/a&gt;</msg>
<msg timestamp="20170627 16:46:19.334" level="TRACE">Return: 'D:\\Source\\Repos\\Ubidy_EmployerAutomationSuite\\results\\selenium-screenshot-10.png'</msg>
<status status="PASS" endtime="20170627 16:46:19.334" starttime="20170627 16:46:19.044"></status>
</kw>
<msg timestamp="20170627 16:46:19.334" level="TRACE">Return: 'D:\\Source\\Repos\\Ubidy_EmployerAutomationSuite\\results\\selenium-screenshot-10.png'</msg>
<status status="PASS" endtime="20170627 16:46:19.334" starttime="20170627 16:46:19.044"></status>
</kw>
<tags>
<tag>skip</tag>
</tags>
<status status="FAIL" endtime="20170627 16:46:19.335" critical="yes" starttime="20170627 16:46:16.715">ValueError: Element locator '//*[@type="button"]/span[text()[contains(.,'Continue')]]' did not match any elements.</status>
</test>
<test id="s1-s1-t6" name="Create profile supplier history">
<kw name="Create supplier history">
<msg timestamp="20170627 16:46:19.338" level="TRACE">Arguments: [  ]</msg>
<kw name="Set Selenium Implicit Wait" library="Selenium2Library">
<doc>Sets Selenium 2's default implicit wait in seconds and</doc>
<arguments>
<arg>2</arg>
</arguments>
<msg timestamp="20170627 16:46:19.339" level="TRACE">Arguments: [ '2' ]</msg>
<msg timestamp="20170627 16:46:19.339" level="DEBUG">POST http://127.0.0.1:64316/session/e8f250683b6796099190b3a3487677af/timeouts/implicit_wait {"sessionId": "e8f250683b6796099190b3a3487677af", "ms": 2000.0}</msg>
<msg timestamp="20170627 16:46:19.340" level="DEBUG">Finished Request</msg>
<msg timestamp="20170627 16:46:19.342" level="TRACE">Return: b'2 seconds'</msg>
<status status="PASS" endtime="20170627 16:46:19.342" starttime="20170627 16:46:19.338"></status>
</kw>
<kw name="Set Selenium Timeout" library="Selenium2Library">
<doc>Sets the timeout in seconds used by various keywords.</doc>
<arguments>
<arg>2</arg>
</arguments>
<msg timestamp="20170627 16:46:19.342" level="TRACE">Arguments: [ '2' ]</msg>
<msg timestamp="20170627 16:46:19.342" level="DEBUG">POST http://127.0.0.1:64316/session/e8f250683b6796099190b3a3487677af/timeouts/async_script {"sessionId": "e8f250683b6796099190b3a3487677af", "ms": 2000.0}</msg>
<msg timestamp="20170627 16:46:19.344" level="DEBUG">Finished Request</msg>
<msg timestamp="20170627 16:46:19.345" level="TRACE">Return: b'2 seconds'</msg>
<status status="PASS" endtime="20170627 16:46:19.345" starttime="20170627 16:46:19.342"></status>
</kw>
<kw name="Click Element" library="Selenium2Library">
<doc>Click element identified by `locator`.</doc>
<arguments>
<arg>${Profile.Continue.Button}</arg>
</arguments>
<msg timestamp="20170627 16:46:19.345" level="TRACE">Arguments: [ '//*[@type="button"]/span[text()[contains(.,\'Continue\')]]' ]</msg>
<msg timestamp="20170627 16:46:19.345" level="INFO">Clicking element '//*[@type="button"]/span[text()[contains(.,'Continue')]]'.</msg>
<msg timestamp="20170627 16:46:19.345" level="DEBUG">POST http://127.0.0.1:64316/session/e8f250683b6796099190b3a3487677af/elements {"using": "xpath", "sessionId": "e8f250683b6796099190b3a3487677af", "value": "//*[@type=\"button\"]/span[text()[contains(.,'Continue')]]"}</msg>
<msg timestamp="20170627 16:46:21.375" level="DEBUG">Finished Request</msg>
<kw name="Capture Page Screenshot" library="Selenium2Library">
<doc>Takes a screenshot of the current page and embeds it into the log.</doc>
<msg timestamp="20170627 16:46:21.377" level="TRACE">Arguments: [  ]</msg>
<msg timestamp="20170627 16:46:21.390" level="DEBUG">GET http://127.0.0.1:64316/session/e8f250683b6796099190b3a3487677af/screenshot {"sessionId": "e8f250683b6796099190b3a3487677af"}</msg>
<msg timestamp="20170627 16:46:21.670" level="DEBUG">Finished Request</msg>
<msg timestamp="20170627 16:46:21.672" html="yes" level="INFO">&lt;/td&gt;&lt;/tr&gt;&lt;tr&gt;&lt;td colspan="3"&gt;&lt;a href="selenium-screenshot-11.png"&gt;&lt;img src="selenium-screenshot-11.png" width="800px"&gt;&lt;/a&gt;</msg>
<msg timestamp="20170627 16:46:21.672" level="TRACE">Return: 'D:\\Source\\Repos\\Ubidy_EmployerAutomationSuite\\results\\selenium-screenshot-11.png'</msg>
<status status="PASS" endtime="20170627 16:46:21.672" starttime="20170627 16:46:21.376"></status>
</kw>
<msg timestamp="20170627 16:46:21.673" level="FAIL">ValueError: Element locator '//*[@type="button"]/span[text()[contains(.,'Continue')]]' did not match any elements.</msg>
<msg timestamp="20170627 16:46:21.673" level="DEBUG">Traceback (most recent call last):
  File "&lt;decorator-gen-46&gt;", line 2, in click_element
  File "C:\Python27\lib\site-packages\robotframework_selenium2library-1.8.0-py2.7.egg\Selenium2Library\keywords\keywordgroup.py", line 15, in _run_on_failure_decorator
    return method(*args, **kwargs)
  File "C:\Python27\lib\site-packages\robotframework_selenium2library-1.8.0-py2.7.egg\Selenium2Library\keywords\_element.py", line 354, in click_element
    self._element_find(locator, True, True).click()
  File "C:\Python27\lib\site-packages\robotframework_selenium2library-1.8.0-py2.7.egg\Selenium2Library\keywords\_element.py", line 690, in _element_find
    raise ValueError("Element locator '" + locator + "' did not match any elements.")</msg>
<status status="FAIL" endtime="20170627 16:46:21.673" starttime="20170627 16:46:19.345"></status>
</kw>
<status status="FAIL" endtime="20170627 16:46:21.673" starttime="20170627 16:46:19.338"></status>
</kw>
<kw type="teardown" name="Run Keyword If Test Failed" library="BuiltIn">
<doc>Runs the given keyword with the given arguments, if the test failed.</doc>
<arguments>
<arg>Capture Page Screenshot</arg>
</arguments>
<msg timestamp="20170627 16:46:21.675" level="TRACE">Arguments: [ 'Capture Page Screenshot' ]</msg>
<kw name="Capture Page Screenshot" library="Selenium2Library">
<doc>Takes a screenshot of the current page and embeds it into the log.</doc>
<msg timestamp="20170627 16:46:21.675" level="TRACE">Arguments: [  ]</msg>
<msg timestamp="20170627 16:46:21.681" level="DEBUG">GET http://127.0.0.1:64316/session/e8f250683b6796099190b3a3487677af/screenshot {"sessionId": "e8f250683b6796099190b3a3487677af"}</msg>
<msg timestamp="20170627 16:46:21.951" level="DEBUG">Finished Request</msg>
<msg timestamp="20170627 16:46:21.953" html="yes" level="INFO">&lt;/td&gt;&lt;/tr&gt;&lt;tr&gt;&lt;td colspan="3"&gt;&lt;a href="selenium-screenshot-12.png"&gt;&lt;img src="selenium-screenshot-12.png" width="800px"&gt;&lt;/a&gt;</msg>
<msg timestamp="20170627 16:46:21.953" level="TRACE">Return: 'D:\\Source\\Repos\\Ubidy_EmployerAutomationSuite\\results\\selenium-screenshot-12.png'</msg>
<status status="PASS" endtime="20170627 16:46:21.953" starttime="20170627 16:46:21.675"></status>
</kw>
<msg timestamp="20170627 16:46:21.954" level="TRACE">Return: 'D:\\Source\\Repos\\Ubidy_EmployerAutomationSuite\\results\\selenium-screenshot-12.png'</msg>
<status status="PASS" endtime="20170627 16:46:21.954" starttime="20170627 16:46:21.674"></status>
</kw>
<tags>
<tag>skip</tag>
</tags>
<status status="FAIL" endtime="20170627 16:46:21.954" critical="yes" starttime="20170627 16:46:19.337">ValueError: Element locator '//*[@type="button"]/span[text()[contains(.,'Continue')]]' did not match any elements.</status>
</test>
<test id="s1-s1-t7" name="Create profile testimonials">
<kw name="Create testimonials">
<msg timestamp="20170627 16:46:21.958" level="TRACE">Arguments: [  ]</msg>
<kw name="Set Selenium Implicit Wait" library="Selenium2Library">
<doc>Sets Selenium 2's default implicit wait in seconds and</doc>
<arguments>
<arg>2</arg>
</arguments>
<msg timestamp="20170627 16:46:21.958" level="TRACE">Arguments: [ '2' ]</msg>
<msg timestamp="20170627 16:46:21.959" level="DEBUG">POST http://127.0.0.1:64316/session/e8f250683b6796099190b3a3487677af/timeouts/implicit_wait {"sessionId": "e8f250683b6796099190b3a3487677af", "ms": 2000.0}</msg>
<msg timestamp="20170627 16:46:21.960" level="DEBUG">Finished Request</msg>
<msg timestamp="20170627 16:46:21.961" level="TRACE">Return: b'2 seconds'</msg>
<status status="PASS" endtime="20170627 16:46:21.961" starttime="20170627 16:46:21.958"></status>
</kw>
<kw name="Set Selenium Timeout" library="Selenium2Library">
<doc>Sets the timeout in seconds used by various keywords.</doc>
<arguments>
<arg>2</arg>
</arguments>
<msg timestamp="20170627 16:46:21.961" level="TRACE">Arguments: [ '2' ]</msg>
<msg timestamp="20170627 16:46:21.961" level="DEBUG">POST http://127.0.0.1:64316/session/e8f250683b6796099190b3a3487677af/timeouts/async_script {"sessionId": "e8f250683b6796099190b3a3487677af", "ms": 2000.0}</msg>
<msg timestamp="20170627 16:46:21.962" level="DEBUG">Finished Request</msg>
<msg timestamp="20170627 16:46:21.964" level="TRACE">Return: b'2 seconds'</msg>
<status status="PASS" endtime="20170627 16:46:21.964" starttime="20170627 16:46:21.961"></status>
</kw>
<kw name="Click Element" library="Selenium2Library">
<doc>Click element identified by `locator`.</doc>
<arguments>
<arg>${Profile.Continue.Button}</arg>
</arguments>
<msg timestamp="20170627 16:46:21.964" level="TRACE">Arguments: [ '//*[@type="button"]/span[text()[contains(.,\'Continue\')]]' ]</msg>
<msg timestamp="20170627 16:46:21.964" level="INFO">Clicking element '//*[@type="button"]/span[text()[contains(.,'Continue')]]'.</msg>
<msg timestamp="20170627 16:46:21.964" level="DEBUG">POST http://127.0.0.1:64316/session/e8f250683b6796099190b3a3487677af/elements {"using": "xpath", "sessionId": "e8f250683b6796099190b3a3487677af", "value": "//*[@type=\"button\"]/span[text()[contains(.,'Continue')]]"}</msg>
<msg timestamp="20170627 16:46:24.007" level="DEBUG">Finished Request</msg>
<kw name="Capture Page Screenshot" library="Selenium2Library">
<doc>Takes a screenshot of the current page and embeds it into the log.</doc>
<msg timestamp="20170627 16:46:24.011" level="TRACE">Arguments: [  ]</msg>
<msg timestamp="20170627 16:46:24.022" level="DEBUG">GET http://127.0.0.1:64316/session/e8f250683b6796099190b3a3487677af/screenshot {"sessionId": "e8f250683b6796099190b3a3487677af"}</msg>
<msg timestamp="20170627 16:46:24.290" level="DEBUG">Finished Request</msg>
<msg timestamp="20170627 16:46:24.293" html="yes" level="INFO">&lt;/td&gt;&lt;/tr&gt;&lt;tr&gt;&lt;td colspan="3"&gt;&lt;a href="selenium-screenshot-13.png"&gt;&lt;img src="selenium-screenshot-13.png" width="800px"&gt;&lt;/a&gt;</msg>
<msg timestamp="20170627 16:46:24.293" level="TRACE">Return: 'D:\\Source\\Repos\\Ubidy_EmployerAutomationSuite\\results\\selenium-screenshot-13.png'</msg>
<status status="PASS" endtime="20170627 16:46:24.293" starttime="20170627 16:46:24.011"></status>
</kw>
<msg timestamp="20170627 16:46:24.293" level="FAIL">ValueError: Element locator '//*[@type="button"]/span[text()[contains(.,'Continue')]]' did not match any elements.</msg>
<msg timestamp="20170627 16:46:24.293" level="DEBUG">Traceback (most recent call last):
  File "&lt;decorator-gen-46&gt;", line 2, in click_element
  File "C:\Python27\lib\site-packages\robotframework_selenium2library-1.8.0-py2.7.egg\Selenium2Library\keywords\keywordgroup.py", line 15, in _run_on_failure_decorator
    return method(*args, **kwargs)
  File "C:\Python27\lib\site-packages\robotframework_selenium2library-1.8.0-py2.7.egg\Selenium2Library\keywords\_element.py", line 354, in click_element
    self._element_find(locator, True, True).click()
  File "C:\Python27\lib\site-packages\robotframework_selenium2library-1.8.0-py2.7.egg\Selenium2Library\keywords\_element.py", line 690, in _element_find
    raise ValueError("Element locator '" + locator + "' did not match any elements.")</msg>
<status status="FAIL" endtime="20170627 16:46:24.294" starttime="20170627 16:46:21.964"></status>
</kw>
<status status="FAIL" endtime="20170627 16:46:24.294" starttime="20170627 16:46:21.958"></status>
</kw>
<kw type="teardown" name="Run Keyword If Test Failed" library="BuiltIn">
<doc>Runs the given keyword with the given arguments, if the test failed.</doc>
<arguments>
<arg>Capture Page Screenshot</arg>
</arguments>
<msg timestamp="20170627 16:46:24.295" level="TRACE">Arguments: [ 'Capture Page Screenshot' ]</msg>
<kw name="Capture Page Screenshot" library="Selenium2Library">
<doc>Takes a screenshot of the current page and embeds it into the log.</doc>
<msg timestamp="20170627 16:46:24.295" level="TRACE">Arguments: [  ]</msg>
<msg timestamp="20170627 16:46:24.301" level="DEBUG">GET http://127.0.0.1:64316/session/e8f250683b6796099190b3a3487677af/screenshot {"sessionId": "e8f250683b6796099190b3a3487677af"}</msg>
<msg timestamp="20170627 16:46:24.556" level="DEBUG">Finished Request</msg>
<msg timestamp="20170627 16:46:24.559" html="yes" level="INFO">&lt;/td&gt;&lt;/tr&gt;&lt;tr&gt;&lt;td colspan="3"&gt;&lt;a href="selenium-screenshot-14.png"&gt;&lt;img src="selenium-screenshot-14.png" width="800px"&gt;&lt;/a&gt;</msg>
<msg timestamp="20170627 16:46:24.559" level="TRACE">Return: 'D:\\Source\\Repos\\Ubidy_EmployerAutomationSuite\\results\\selenium-screenshot-14.png'</msg>
<status status="PASS" endtime="20170627 16:46:24.559" starttime="20170627 16:46:24.295"></status>
</kw>
<msg timestamp="20170627 16:46:24.559" level="TRACE">Return: 'D:\\Source\\Repos\\Ubidy_EmployerAutomationSuite\\results\\selenium-screenshot-14.png'</msg>
<status status="PASS" endtime="20170627 16:46:24.559" starttime="20170627 16:46:24.295"></status>
</kw>
<tags>
<tag>skip</tag>
</tags>
<status status="FAIL" endtime="20170627 16:46:24.559" critical="yes" starttime="20170627 16:46:21.957">ValueError: Element locator '//*[@type="button"]/span[text()[contains(.,'Continue')]]' did not match any elements.</status>
</test>
<test id="s1-s1-t8" name="Validate profile preview">
<kw name="Profile preview">
<msg timestamp="20170627 16:46:24.563" level="TRACE">Arguments: [  ]</msg>
<kw name="Set Selenium Implicit Wait" library="Selenium2Library">
<doc>Sets Selenium 2's default implicit wait in seconds and</doc>
<arguments>
<arg>2</arg>
</arguments>
<msg timestamp="20170627 16:46:24.563" level="TRACE">Arguments: [ '2' ]</msg>
<msg timestamp="20170627 16:46:24.563" level="DEBUG">POST http://127.0.0.1:64316/session/e8f250683b6796099190b3a3487677af/timeouts/implicit_wait {"sessionId": "e8f250683b6796099190b3a3487677af", "ms": 2000.0}</msg>
<msg timestamp="20170627 16:46:24.565" level="DEBUG">Finished Request</msg>
<msg timestamp="20170627 16:46:24.566" level="TRACE">Return: b'2 seconds'</msg>
<status status="PASS" endtime="20170627 16:46:24.566" starttime="20170627 16:46:24.563"></status>
</kw>
<kw name="Set Selenium Timeout" library="Selenium2Library">
<doc>Sets the timeout in seconds used by various keywords.</doc>
<arguments>
<arg>2</arg>
</arguments>
<msg timestamp="20170627 16:46:24.566" level="TRACE">Arguments: [ '2' ]</msg>
<msg timestamp="20170627 16:46:24.566" level="DEBUG">POST http://127.0.0.1:64316/session/e8f250683b6796099190b3a3487677af/timeouts/async_script {"sessionId": "e8f250683b6796099190b3a3487677af", "ms": 2000.0}</msg>
<msg timestamp="20170627 16:46:24.568" level="DEBUG">Finished Request</msg>
<msg timestamp="20170627 16:46:24.569" level="TRACE">Return: b'2 seconds'</msg>
<status status="PASS" endtime="20170627 16:46:24.569" starttime="20170627 16:46:24.566"></status>
</kw>
<kw name="Click Element" library="Selenium2Library">
<doc>Click element identified by `locator`.</doc>
<arguments>
<arg>${Profile.Continue.Button}</arg>
</arguments>
<msg timestamp="20170627 16:46:24.569" level="TRACE">Arguments: [ '//*[@type="button"]/span[text()[contains(.,\'Continue\')]]' ]</msg>
<msg timestamp="20170627 16:46:24.569" level="INFO">Clicking element '//*[@type="button"]/span[text()[contains(.,'Continue')]]'.</msg>
<msg timestamp="20170627 16:46:24.569" level="DEBUG">POST http://127.0.0.1:64316/session/e8f250683b6796099190b3a3487677af/elements {"using": "xpath", "sessionId": "e8f250683b6796099190b3a3487677af", "value": "//*[@type=\"button\"]/span[text()[contains(.,'Continue')]]"}</msg>
<msg timestamp="20170627 16:46:26.575" level="DEBUG">Finished Request</msg>
<kw name="Capture Page Screenshot" library="Selenium2Library">
<doc>Takes a screenshot of the current page and embeds it into the log.</doc>
<msg timestamp="20170627 16:46:26.576" level="TRACE">Arguments: [  ]</msg>
<msg timestamp="20170627 16:46:26.582" level="DEBUG">GET http://127.0.0.1:64316/session/e8f250683b6796099190b3a3487677af/screenshot {"sessionId": "e8f250683b6796099190b3a3487677af"}</msg>
<msg timestamp="20170627 16:46:26.839" level="DEBUG">Finished Request</msg>
<msg timestamp="20170627 16:46:26.842" html="yes" level="INFO">&lt;/td&gt;&lt;/tr&gt;&lt;tr&gt;&lt;td colspan="3"&gt;&lt;a href="selenium-screenshot-15.png"&gt;&lt;img src="selenium-screenshot-15.png" width="800px"&gt;&lt;/a&gt;</msg>
<msg timestamp="20170627 16:46:26.842" level="TRACE">Return: 'D:\\Source\\Repos\\Ubidy_EmployerAutomationSuite\\results\\selenium-screenshot-15.png'</msg>
<status status="PASS" endtime="20170627 16:46:26.842" starttime="20170627 16:46:26.576"></status>
</kw>
<msg timestamp="20170627 16:46:26.843" level="FAIL">ValueError: Element locator '//*[@type="button"]/span[text()[contains(.,'Continue')]]' did not match any elements.</msg>
<msg timestamp="20170627 16:46:26.843" level="DEBUG">Traceback (most recent call last):
  File "&lt;decorator-gen-46&gt;", line 2, in click_element
  File "C:\Python27\lib\site-packages\robotframework_selenium2library-1.8.0-py2.7.egg\Selenium2Library\keywords\keywordgroup.py", line 15, in _run_on_failure_decorator
    return method(*args, **kwargs)
  File "C:\Python27\lib\site-packages\robotframework_selenium2library-1.8.0-py2.7.egg\Selenium2Library\keywords\_element.py", line 354, in click_element
    self._element_find(locator, True, True).click()
  File "C:\Python27\lib\site-packages\robotframework_selenium2library-1.8.0-py2.7.egg\Selenium2Library\keywords\_element.py", line 690, in _element_find
    raise ValueError("Element locator '" + locator + "' did not match any elements.")</msg>
<status status="FAIL" endtime="20170627 16:46:26.843" starttime="20170627 16:46:24.569"></status>
</kw>
<status status="FAIL" endtime="20170627 16:46:26.843" starttime="20170627 16:46:24.562"></status>
</kw>
<kw type="teardown" name="Run Keyword If Test Failed" library="BuiltIn">
<doc>Runs the given keyword with the given arguments, if the test failed.</doc>
<arguments>
<arg>Capture Page Screenshot</arg>
</arguments>
<msg timestamp="20170627 16:46:26.844" level="TRACE">Arguments: [ 'Capture Page Screenshot' ]</msg>
<kw name="Capture Page Screenshot" library="Selenium2Library">
<doc>Takes a screenshot of the current page and embeds it into the log.</doc>
<msg timestamp="20170627 16:46:26.845" level="TRACE">Arguments: [  ]</msg>
<msg timestamp="20170627 16:46:26.850" level="DEBUG">GET http://127.0.0.1:64316/session/e8f250683b6796099190b3a3487677af/screenshot {"sessionId": "e8f250683b6796099190b3a3487677af"}</msg>
<msg timestamp="20170627 16:46:27.114" level="DEBUG">Finished Request</msg>
<msg timestamp="20170627 16:46:27.117" html="yes" level="INFO">&lt;/td&gt;&lt;/tr&gt;&lt;tr&gt;&lt;td colspan="3"&gt;&lt;a href="selenium-screenshot-16.png"&gt;&lt;img src="selenium-screenshot-16.png" width="800px"&gt;&lt;/a&gt;</msg>
<msg timestamp="20170627 16:46:27.117" level="TRACE">Return: 'D:\\Source\\Repos\\Ubidy_EmployerAutomationSuite\\results\\selenium-screenshot-16.png'</msg>
<status status="PASS" endtime="20170627 16:46:27.117" starttime="20170627 16:46:26.844"></status>
</kw>
<msg timestamp="20170627 16:46:27.117" level="TRACE">Return: 'D:\\Source\\Repos\\Ubidy_EmployerAutomationSuite\\results\\selenium-screenshot-16.png'</msg>
<status status="PASS" endtime="20170627 16:46:27.117" starttime="20170627 16:46:26.844"></status>
</kw>
<tags>
<tag>skip</tag>
</tags>
<status status="FAIL" endtime="20170627 16:46:27.118" critical="yes" starttime="20170627 16:46:24.561">ValueError: Element locator '//*[@type="button"]/span[text()[contains(.,'Continue')]]' did not match any elements.</status>
</test>
<status status="FAIL" endtime="20170627 16:46:27.121" starttime="20170627 16:44:02.848"></status>
</suite>
<suite source="D:\Source\Repos\Ubidy_EmployerAutomationSuite\testsuites\Regression\2.UploadAgreementDocument.robot" id="s1-s2" name="2.UploadAgreementDocument">
<test id="s1-s2-t1" name="Upload an agreement document">
<kw name="Scroll to element" library="lib.Ubidy">
<arguments>
<arg>${Menu.Profile.Link}</arg>
</arguments>
<msg timestamp="20170627 16:46:27.147" level="TRACE">Arguments: [ ${locators}='//*[@href="/profile"]' ]</msg>
<kw name="Execute Javascript" library="Selenium2Library">
<doc>Executes the given JavaScript code.</doc>
<arguments>
<arg>document.evaluate('${locators}', document, null, XPathResult.FIRST_ORDERED_NODE_TYPE, null).singleNodeValue.scrollIntoView(true);</arg>
</arguments>
<msg timestamp="20170627 16:46:27.147" level="TRACE">Arguments: [ 'document.evaluate(\'//*[@href="/profile"]\', document, null, XPathResult.FIRST_ORDERED_NODE_TYPE, null).singleNodeValue.scrollIntoView(true);' ]</msg>
<msg timestamp="20170627 16:46:27.147" level="INFO">Executing JavaScript:
document.evaluate('//*[@href="/profile"]', document, null, XPathResult.FIRST_ORDERED_NODE_TYPE, null).singleNodeValue.scrollIntoView(true);</msg>
<msg timestamp="20170627 16:46:27.147" level="DEBUG">POST http://127.0.0.1:64316/session/e8f250683b6796099190b3a3487677af/execute {"sessionId": "e8f250683b6796099190b3a3487677af", "args": [], "script": "document.evaluate('//*[@href=\"/profile\"]', document, null, XPathResult.FIRST_ORDERED_NODE_TYPE, null).singleNodeValue.scrollIntoView(true);"}</msg>
<msg timestamp="20170627 16:46:27.153" level="DEBUG">Finished Request</msg>
<kw name="Capture Page Screenshot" library="Selenium2Library">
<doc>Takes a screenshot of the current page and embeds it into the log.</doc>
<msg timestamp="20170627 16:46:27.154" level="TRACE">Arguments: [  ]</msg>
<msg timestamp="20170627 16:46:27.161" level="DEBUG">GET http://127.0.0.1:64316/session/e8f250683b6796099190b3a3487677af/screenshot {"sessionId": "e8f250683b6796099190b3a3487677af"}</msg>
<msg timestamp="20170627 16:46:27.428" level="DEBUG">Finished Request</msg>
<msg timestamp="20170627 16:46:27.430" html="yes" level="INFO">&lt;/td&gt;&lt;/tr&gt;&lt;tr&gt;&lt;td colspan="3"&gt;&lt;a href="selenium-screenshot-17.png"&gt;&lt;img src="selenium-screenshot-17.png" width="800px"&gt;&lt;/a&gt;</msg>
<msg timestamp="20170627 16:46:27.430" level="TRACE">Return: 'D:\\Source\\Repos\\Ubidy_EmployerAutomationSuite\\results\\selenium-screenshot-17.png'</msg>
<status status="PASS" endtime="20170627 16:46:27.431" starttime="20170627 16:46:27.154"></status>
</kw>
<msg timestamp="20170627 16:46:27.432" level="FAIL">WebDriverException: Message: unknown error: Cannot read property 'scrollIntoView' of null
  (Session info: chrome=59.0.3071.86)
  (Driver info: chromedriver=2.29.461591 (62ebf098771772160f391d75e589dc567915b233),platform=Windows NT 10.0.15063 x86_64)
</msg>
<msg timestamp="20170627 16:46:27.432" level="DEBUG">Traceback (most recent call last):
  File "&lt;decorator-gen-139&gt;", line 2, in execute_javascript
  File "C:\Python27\lib\site-packages\robotframework_selenium2library-1.8.0-py2.7.egg\Selenium2Library\keywords\keywordgroup.py", line 15, in _run_on_failure_decorator
    return method(*args, **kwargs)
  File "C:\Python27\lib\site-packages\robotframework_selenium2library-1.8.0-py2.7.egg\Selenium2Library\keywords\_javascript.py", line 38, in execute_javascript
    return self._current_browser().execute_script(js)
  File "C:\Python27\lib\site-packages\selenium-3.4.3-py2.7.egg\selenium\webdriver\remote\webdriver.py", line 491, in execute_script
    'args': converted_args})['value']
  File "C:\Python27\lib\site-packages\robotframework_selenium2library-1.8.0-py2.7.egg\Selenium2Library\webdrivermonkeypatches.py", line 11, in execute
    result = self._base_execute(driver_command, params)
  File "C:\Python27\lib\site-packages\selenium-3.4.3-py2.7.egg\selenium\webdriver\remote\webdriver.py", line 256, in execute
    self.error_handler.check_response(response)
  File "C:\Python27\lib\site-packages\selenium-3.4.3-py2.7.egg\selenium\webdriver\remote\errorhandler.py", line 194, in check_response
    raise exception_class(message, screen, stacktrace)</msg>
<status status="FAIL" endtime="20170627 16:46:27.432" starttime="20170627 16:46:27.147"></status>
</kw>
<status status="FAIL" endtime="20170627 16:46:27.432" starttime="20170627 16:46:27.146"></status>
</kw>
<kw type="teardown" name="Run Keyword If Test Failed" library="BuiltIn">
<doc>Runs the given keyword with the given arguments, if the test failed.</doc>
<arguments>
<arg>Capture Page Screenshot</arg>
</arguments>
<msg timestamp="20170627 16:46:27.433" level="TRACE">Arguments: [ 'Capture Page Screenshot' ]</msg>
<kw name="Capture Page Screenshot" library="Selenium2Library">
<doc>Takes a screenshot of the current page and embeds it into the log.</doc>
<msg timestamp="20170627 16:46:27.433" level="TRACE">Arguments: [  ]</msg>
<msg timestamp="20170627 16:46:27.439" level="DEBUG">GET http://127.0.0.1:64316/session/e8f250683b6796099190b3a3487677af/screenshot {"sessionId": "e8f250683b6796099190b3a3487677af"}</msg>
<msg timestamp="20170627 16:46:27.708" level="DEBUG">Finished Request</msg>
<msg timestamp="20170627 16:46:27.711" html="yes" level="INFO">&lt;/td&gt;&lt;/tr&gt;&lt;tr&gt;&lt;td colspan="3"&gt;&lt;a href="selenium-screenshot-18.png"&gt;&lt;img src="selenium-screenshot-18.png" width="800px"&gt;&lt;/a&gt;</msg>
<msg timestamp="20170627 16:46:27.711" level="TRACE">Return: 'D:\\Source\\Repos\\Ubidy_EmployerAutomationSuite\\results\\selenium-screenshot-18.png'</msg>
<status status="PASS" endtime="20170627 16:46:27.711" starttime="20170627 16:46:27.433"></status>
</kw>
<msg timestamp="20170627 16:46:27.711" level="TRACE">Return: 'D:\\Source\\Repos\\Ubidy_EmployerAutomationSuite\\results\\selenium-screenshot-18.png'</msg>
<status status="PASS" endtime="20170627 16:46:27.711" starttime="20170627 16:46:27.433"></status>
</kw>
<tags>
<tag>skip</tag>
</tags>
<status status="FAIL" endtime="20170627 16:46:27.712" critical="yes" starttime="20170627 16:46:27.144">WebDriverException: Message: unknown error: Cannot read property 'scrollIntoView' of null
  (Session info: chrome=59.0.3071.86)
  (Driver info: chromedriver=2.29.461591 (62ebf098771772160f391d75e589dc567915b233),platform=Windows NT 10.0.15063 x86_64)
</status>
</test>
<doc>Suite description</doc>
<status status="FAIL" endtime="20170627 16:46:27.715" starttime="20170627 16:46:27.127"></status>
</suite>
<suite source="D:\Source\Repos\Ubidy_EmployerAutomationSuite\testsuites\Regression\3.CreateProject.robot" id="s1-s3" name="3.CreateProject">
<test id="s1-s3-t1" name="Employer wll create a new project">
<kw name="Set Selenium Implicit Wait" library="Selenium2Library">
<doc>Sets Selenium 2's default implicit wait in seconds and</doc>
<arguments>
<arg>2</arg>
</arguments>
<msg timestamp="20170627 16:46:27.734" level="TRACE">Arguments: [ '2' ]</msg>
<msg timestamp="20170627 16:46:27.734" level="DEBUG">POST http://127.0.0.1:64316/session/e8f250683b6796099190b3a3487677af/timeouts/implicit_wait {"sessionId": "e8f250683b6796099190b3a3487677af", "ms": 2000.0}</msg>
<msg timestamp="20170627 16:46:27.736" level="DEBUG">Finished Request</msg>
<msg timestamp="20170627 16:46:27.737" level="TRACE">Return: b'2 seconds'</msg>
<status status="PASS" endtime="20170627 16:46:27.737" starttime="20170627 16:46:27.734"></status>
</kw>
<kw name="Set Selenium Timeout" library="Selenium2Library">
<doc>Sets the timeout in seconds used by various keywords.</doc>
<arguments>
<arg>2</arg>
</arguments>
<msg timestamp="20170627 16:46:27.738" level="TRACE">Arguments: [ '2' ]</msg>
<msg timestamp="20170627 16:46:27.738" level="DEBUG">POST http://127.0.0.1:64316/session/e8f250683b6796099190b3a3487677af/timeouts/async_script {"sessionId": "e8f250683b6796099190b3a3487677af", "ms": 2000.0}</msg>
<msg timestamp="20170627 16:46:27.739" level="DEBUG">Finished Request</msg>
<msg timestamp="20170627 16:46:27.741" level="TRACE">Return: b'2 seconds'</msg>
<status status="PASS" endtime="20170627 16:46:27.741" starttime="20170627 16:46:27.737"></status>
</kw>
<kw name="Wait Until Page Contains Element" library="Selenium2Library">
<doc>Waits until element specified with `locator` appears on current page.</doc>
<arguments>
<arg>${Menu.Requirements}</arg>
</arguments>
<msg timestamp="20170627 16:46:27.742" level="TRACE">Arguments: [ '//a[@class="u-link-item"][text()="Requirements"]' ]</msg>
<msg timestamp="20170627 16:46:27.742" level="DEBUG">POST http://127.0.0.1:64316/session/e8f250683b6796099190b3a3487677af/elements {"using": "xpath", "sessionId": "e8f250683b6796099190b3a3487677af", "value": "//a[@class=\"u-link-item\"][text()=\"Requirements\"]"}</msg>
<msg timestamp="20170627 16:46:29.787" level="DEBUG">Finished Request</msg>
<kw name="Capture Page Screenshot" library="Selenium2Library">
<doc>Takes a screenshot of the current page and embeds it into the log.</doc>
<msg timestamp="20170627 16:46:29.789" level="TRACE">Arguments: [  ]</msg>
<msg timestamp="20170627 16:46:29.796" level="DEBUG">GET http://127.0.0.1:64316/session/e8f250683b6796099190b3a3487677af/screenshot {"sessionId": "e8f250683b6796099190b3a3487677af"}</msg>
<msg timestamp="20170627 16:46:30.057" level="DEBUG">Finished Request</msg>
<msg timestamp="20170627 16:46:30.059" html="yes" level="INFO">&lt;/td&gt;&lt;/tr&gt;&lt;tr&gt;&lt;td colspan="3"&gt;&lt;a href="selenium-screenshot-19.png"&gt;&lt;img src="selenium-screenshot-19.png" width="800px"&gt;&lt;/a&gt;</msg>
<msg timestamp="20170627 16:46:30.060" level="TRACE">Return: 'D:\\Source\\Repos\\Ubidy_EmployerAutomationSuite\\results\\selenium-screenshot-19.png'</msg>
<status status="PASS" endtime="20170627 16:46:30.060" starttime="20170627 16:46:29.788"></status>
</kw>
<msg timestamp="20170627 16:46:30.060" level="FAIL">Element '//a[@class="u-link-item"][text()="Requirements"]' did not appear in 2 seconds</msg>
<msg timestamp="20170627 16:46:30.060" level="DEBUG">Traceback (most recent call last):
  File "&lt;decorator-gen-154&gt;", line 2, in wait_until_page_contains_element
  File "C:\Python27\lib\site-packages\robotframework_selenium2library-1.8.0-py2.7.egg\Selenium2Library\keywords\keywordgroup.py", line 15, in _run_on_failure_decorator
    return method(*args, **kwargs)
  File "C:\Python27\lib\site-packages\robotframework_selenium2library-1.8.0-py2.7.egg\Selenium2Library\keywords\_waiting.py", line 84, in wait_until_page_contains_element
    self._wait_until(timeout, error, self._is_element_present, locator)
  File "C:\Python27\lib\site-packages\robotframework_selenium2library-1.8.0-py2.7.egg\Selenium2Library\keywords\_waiting.py", line 231, in _wait_until
    self._wait_until_no_error(timeout, wait_func)
  File "C:\Python27\lib\site-packages\robotframework_selenium2library-1.8.0-py2.7.egg\Selenium2Library\keywords\_waiting.py", line 240, in _wait_until_no_error
    raise AssertionError(timeout_error)</msg>
<status status="FAIL" endtime="20170627 16:46:30.060" starttime="20170627 16:46:27.742"></status>
</kw>
<kw type="teardown" name="Run Keyword If Test Failed" library="BuiltIn">
<doc>Runs the given keyword with the given arguments, if the test failed.</doc>
<arguments>
<arg>Capture Page Screenshot</arg>
</arguments>
<msg timestamp="20170627 16:46:30.062" level="TRACE">Arguments: [ 'Capture Page Screenshot' ]</msg>
<kw name="Capture Page Screenshot" library="Selenium2Library">
<doc>Takes a screenshot of the current page and embeds it into the log.</doc>
<msg timestamp="20170627 16:46:30.062" level="TRACE">Arguments: [  ]</msg>
<msg timestamp="20170627 16:46:30.068" level="DEBUG">GET http://127.0.0.1:64316/session/e8f250683b6796099190b3a3487677af/screenshot {"sessionId": "e8f250683b6796099190b3a3487677af"}</msg>
<msg timestamp="20170627 16:46:30.344" level="DEBUG">Finished Request</msg>
<msg timestamp="20170627 16:46:30.346" html="yes" level="INFO">&lt;/td&gt;&lt;/tr&gt;&lt;tr&gt;&lt;td colspan="3"&gt;&lt;a href="selenium-screenshot-20.png"&gt;&lt;img src="selenium-screenshot-20.png" width="800px"&gt;&lt;/a&gt;</msg>
<msg timestamp="20170627 16:46:30.346" level="TRACE">Return: 'D:\\Source\\Repos\\Ubidy_EmployerAutomationSuite\\results\\selenium-screenshot-20.png'</msg>
<status status="PASS" endtime="20170627 16:46:30.347" starttime="20170627 16:46:30.062"></status>
</kw>
<msg timestamp="20170627 16:46:30.347" level="TRACE">Return: 'D:\\Source\\Repos\\Ubidy_EmployerAutomationSuite\\results\\selenium-screenshot-20.png'</msg>
<status status="PASS" endtime="20170627 16:46:30.347" starttime="20170627 16:46:30.061"></status>
</kw>
<tags>
<tag>skip</tag>
</tags>
<status status="FAIL" endtime="20170627 16:46:30.347" critical="yes" starttime="20170627 16:46:27.733">Element '//a[@class="u-link-item"][text()="Requirements"]' did not appear in 2 seconds</status>
</test>
<kw type="teardown" name="Close" library="Ubidy.Browser">
<msg timestamp="20170627 16:46:30.350" level="TRACE">Arguments: [  ]</msg>
<kw name="Close Browser" library="Selenium2Library">
<doc>Closes the current browser.</doc>
<msg timestamp="20170627 16:46:30.350" level="TRACE">Arguments: [  ]</msg>
<msg timestamp="20170627 16:46:30.350" level="DEBUG">Closing browser with session id e8f250683b6796099190b3a3487677af</msg>
<msg timestamp="20170627 16:46:30.350" level="DEBUG">DELETE http://127.0.0.1:64316/session/e8f250683b6796099190b3a3487677af {"sessionId": "e8f250683b6796099190b3a3487677af"}</msg>
<msg timestamp="20170627 16:46:30.447" level="DEBUG">Finished Request</msg>
<msg timestamp="20170627 16:46:33.472" level="TRACE">Return: None</msg>
<status status="PASS" endtime="20170627 16:46:33.472" starttime="20170627 16:46:30.350"></status>
</kw>
<msg timestamp="20170627 16:46:33.473" level="TRACE">Return: None</msg>
<status status="PASS" endtime="20170627 16:46:33.473" starttime="20170627 16:46:30.350"></status>
</kw>
<doc>Suite description</doc>
<status status="FAIL" endtime="20170627 16:46:33.474" starttime="20170627 16:46:27.716"></status>
</suite>
<suite source="D:\Source\Repos\Ubidy_EmployerAutomationSuite\testsuites\Regression\4.CreateAccountAsAgency.robot" id="s1-s4" name="4.CreateAccountAsAgency">
<test id="s1-s4-t1" name="Create Account as Agency">
<kw name="Register new agency">
<msg timestamp="20170627 16:46:33.490" level="TRACE">Arguments: [  ]</msg>
<kw name="Generate Random String" library="String">
<doc>Generates a string with a desired ``length`` from the given ``chars``.</doc>
<assign>
<var>${random.username}</var>
</assign>
<msg timestamp="20170627 16:46:33.490" level="TRACE">Arguments: [  ]</msg>
<msg timestamp="20170627 16:46:33.490" level="TRACE">Return: b'hbbLGEMc'</msg>
<msg timestamp="20170627 16:46:33.490" level="INFO">${random.username} = hbbLGEMc</msg>
<status status="PASS" endtime="20170627 16:46:33.490" starttime="20170627 16:46:33.490"></status>
</kw>
<kw name="Log To Console" library="BuiltIn">
<doc>Logs the given message to the console.</doc>
<arguments>
<arg>${random.username}</arg>
</arguments>
<msg timestamp="20170627 16:46:33.490" level="TRACE">Arguments: [ b'hbbLGEMc' ]</msg>
<msg timestamp="20170627 16:46:33.490" level="TRACE">Return: None</msg>
<status status="PASS" endtime="20170627 16:46:33.490" starttime="20170627 16:46:33.490"></status>
</kw>
<kw name="Open" library="Ubidy.Browser">
<arguments>
<arg>${USER}</arg>
</arguments>
<msg timestamp="20170627 16:46:33.490" level="TRACE">Arguments: [ ${USER}='employer' ]</msg>
<kw name="Set Environment Variable" library="OperatingSystem">
<doc>Sets an environment variable to a specified value.</doc>
<arguments>
<arg>no_proxy</arg>
<arg>127.0.0.1</arg>
</arguments>
<msg timestamp="20170627 16:46:33.490" level="TRACE">Arguments: [ 'no_proxy' | '127.0.0.1' ]</msg>
<msg timestamp="20170627 16:46:33.490" level="INFO">Environment variable 'no_proxy' set to value '127.0.0.1'.</msg>
<msg timestamp="20170627 16:46:33.490" level="TRACE">Return: None</msg>
<status status="PASS" endtime="20170627 16:46:33.490" starttime="20170627 16:46:33.490"></status>
</kw>
<kw name="Append To Environment Variable" library="OperatingSystem">
<doc>Appends given ``values`` to environment variable ``name``.</doc>
<arguments>
<arg>PATH</arg>
<arg>D:/Source/Repos/Ubidy_EmployerAutomationSuite/browser-driver/</arg>
</arguments>
<msg timestamp="20170627 16:46:33.490" level="TRACE">Arguments: [ 'PATH' | 'D:/Source/Repos/Ubidy_EmployerAutomationSuite/browser-driver/' ]</msg>
<msg timestamp="20170627 16:46:33.490" level="INFO">Environment variable 'PATH' set to value 'C:\WINDOWS\system32;C:\WINDOWS;C:\WINDOWS\System32\Wbem;C:\WINDOWS\System32\WindowsPowerShell\v1.0\;C:\Program Files\nodejs\;C:\Users\Jeffrey Givera\AppData\Local\Microsoft\WindowsApps;;C:\Program Files (x86)\Microsoft VS Code\bin;C:\Users\Jeffrey Givera\AppData\Roaming\npm;C:\Python27\;C:\Python27\Scripts\;D:\Source\Repos\Ubidy_AutomationSuite\browser-driver\;D:/Source/Repos/Ubidy_EmployerAutomationSuite/browser-driver/;D:/Source/Repos/Ubidy_EmployerAutomationSuite/browser-driver/'.</msg>
<msg timestamp="20170627 16:46:33.490" level="TRACE">Return: None</msg>
<status status="PASS" endtime="20170627 16:46:33.490" starttime="20170627 16:46:33.490"></status>
</kw>
<kw name="OpenChrome" library="Ubidy.Browser">
<msg timestamp="20170627 16:46:33.490" level="TRACE">Arguments: [  ]</msg>
<kw name="Evaluate" library="BuiltIn">
<doc>Evaluates the given expression in Python and returns the results.</doc>
<arguments>
<arg>sys.modules['selenium.webdriver'].ChromeOptions()</arg>
<arg>sys, selenium.webdriver</arg>
</arguments>
<assign>
<var>${chrome options}</var>
</assign>
<msg timestamp="20170627 16:46:33.490" level="TRACE">Arguments: [ "sys.modules['selenium.webdriver'].ChromeOptions()" | 'sys, selenium.webdriver' ]</msg>
<msg timestamp="20170627 16:46:33.490" level="TRACE">Return: &lt;selenium.webdriver.chrome.options.Options object at 0x036108F0&gt;</msg>
<msg timestamp="20170627 16:46:33.490" level="INFO">${chrome options} = &lt;selenium.webdriver.chrome.options.Options object at 0x036108F0&gt;</msg>
<status status="PASS" endtime="20170627 16:46:33.490" starttime="20170627 16:46:33.490"></status>
</kw>
<kw name="Call Method" library="BuiltIn">
<doc>Calls the named method of the given object with the provided arguments.</doc>
<arguments>
<arg>${chrome options}</arg>
<arg>add_argument</arg>
<arg>disable-component-extensions-with-background-pages</arg>
</arguments>
<msg timestamp="20170627 16:46:33.490" level="TRACE">Arguments: [ &lt;selenium.webdriver.chrome.options.Options object at 0x036108F0&gt; | 'add_argument' | 'disable-component-extensions-with-background-pages' ]</msg>
<msg timestamp="20170627 16:46:33.490" level="TRACE">Return: None</msg>
<status status="PASS" endtime="20170627 16:46:33.490" starttime="20170627 16:46:33.490"></status>
</kw>
<kw name="Call Method" library="BuiltIn">
<doc>Calls the named method of the given object with the provided arguments.</doc>
<arguments>
<arg>${chrome options}</arg>
<arg>add_argument</arg>
<arg>start-maximized</arg>
</arguments>
<msg timestamp="20170627 16:46:33.490" level="TRACE">Arguments: [ &lt;selenium.webdriver.chrome.options.Options object at 0x036108F0&gt; | 'add_argument' | 'start-maximized' ]</msg>
<msg timestamp="20170627 16:46:33.490" level="TRACE">Return: None</msg>
<status status="PASS" endtime="20170627 16:46:33.490" starttime="20170627 16:46:33.490"></status>
</kw>
<kw name="Call Method" library="BuiltIn">
<doc>Calls the named method of the given object with the provided arguments.</doc>
<arguments>
<arg>${chrome options}</arg>
<arg>add_argument</arg>
<arg>disable-extensions</arg>
</arguments>
<msg timestamp="20170627 16:46:33.505" level="TRACE">Arguments: [ &lt;selenium.webdriver.chrome.options.Options object at 0x036108F0&gt; | 'add_argument' | 'disable-extensions' ]</msg>
<msg timestamp="20170627 16:46:33.505" level="TRACE">Return: None</msg>
<status status="PASS" endtime="20170627 16:46:33.505" starttime="20170627 16:46:33.490"></status>
</kw>
<kw name="Call Method" library="BuiltIn">
<doc>Calls the named method of the given object with the provided arguments.</doc>
<arguments>
<arg>${chrome options}</arg>
<arg>add_argument</arg>
<arg>test-type</arg>
</arguments>
<msg timestamp="20170627 16:46:33.505" level="TRACE">Arguments: [ &lt;selenium.webdriver.chrome.options.Options object at 0x036108F0&gt; | 'add_argument' | 'test-type' ]</msg>
<msg timestamp="20170627 16:46:33.505" level="TRACE">Return: None</msg>
<status status="PASS" endtime="20170627 16:46:33.505" starttime="20170627 16:46:33.505"></status>
</kw>
<kw name="Call Method" library="BuiltIn">
<doc>Calls the named method of the given object with the provided arguments.</doc>
<arguments>
<arg>${chrome options}</arg>
<arg>add_argument</arg>
<arg>disable-infobars</arg>
</arguments>
<msg timestamp="20170627 16:46:33.505" level="TRACE">Arguments: [ &lt;selenium.webdriver.chrome.options.Options object at 0x036108F0&gt; | 'add_argument' | 'disable-infobars' ]</msg>
<msg timestamp="20170627 16:46:33.505" level="TRACE">Return: None</msg>
<status status="PASS" endtime="20170627 16:46:33.505" starttime="20170627 16:46:33.505"></status>
</kw>
<kw name="Create Webdriver" library="Selenium2Library">
<doc>Creates an instance of a WebDriver.</doc>
<arguments>
<arg>Chrome</arg>
<arg>chrome_options=${chrome options}</arg>
</arguments>
<msg timestamp="20170627 16:46:33.505" level="TRACE">Arguments: [ 'Chrome' | chrome_options=&lt;selenium.webdriver.chrome.options.Options object at 0x036108F0&gt; ]</msg>
<msg timestamp="20170627 16:46:33.505" level="INFO">Creating an instance of the Chrome WebDriver</msg>
<msg timestamp="20170627 16:46:35.508" level="DEBUG">POST http://127.0.0.1:64606/session {"capabilities": {"alwaysMatch": {"platform": "ANY", "browserName": "chrome", "version": "", "chromeOptions": {"args": ["disable-component-extensions-with-background-pages", "start-maximized", "disable-extensions", "test-type", "disable-infobars"], "extensions": []}}, "firstMatch": []}, "desiredCapabilities": {"platform": "ANY", "browserName": "chrome", "version": "", "chromeOptions": {"args": ["disable-component-extensions-with-background-pages", "start-maximized", "disable-extensions", "test-type", "disable-infobars"], "extensions": []}}}</msg>
<msg timestamp="20170627 16:46:36.888" level="DEBUG">Finished Request</msg>
<msg timestamp="20170627 16:46:36.889" level="DEBUG">Created Chrome WebDriver instance with session id dc45a823c9a7696206cd8c9ac47159af</msg>
<msg timestamp="20170627 16:46:36.889" level="TRACE">Return: 2</msg>
<status status="PASS" endtime="20170627 16:46:36.889" starttime="20170627 16:46:33.505"></status>
</kw>
<msg timestamp="20170627 16:46:36.889" level="TRACE">Return: None</msg>
<status status="PASS" endtime="20170627 16:46:36.889" starttime="20170627 16:46:33.490"></status>
</kw>
<kw name="Set Selenium Implicit Wait" library="Selenium2Library">
<doc>Sets Selenium 2's default implicit wait in seconds and</doc>
<arguments>
<arg>${Selenium.Timeout}</arg>
</arguments>
<msg timestamp="20170627 16:46:36.890" level="TRACE">Arguments: [ '120.0' ]</msg>
<msg timestamp="20170627 16:46:36.890" level="DEBUG">POST http://127.0.0.1:64606/session/dc45a823c9a7696206cd8c9ac47159af/timeouts/implicit_wait {"sessionId": "dc45a823c9a7696206cd8c9ac47159af", "ms": 120000.0}</msg>
<msg timestamp="20170627 16:46:36.890" level="DEBUG">Finished Request</msg>
<msg timestamp="20170627 16:46:36.890" level="TRACE">Return: b'2 seconds'</msg>
<status status="PASS" endtime="20170627 16:46:36.890" starttime="20170627 16:46:36.890"></status>
</kw>
<kw name="Set Selenium Timeout" library="Selenium2Library">
<doc>Sets the timeout in seconds used by various keywords.</doc>
<arguments>
<arg>${Selenium.Timeout}</arg>
</arguments>
<msg timestamp="20170627 16:46:36.890" level="TRACE">Arguments: [ '120.0' ]</msg>
<msg timestamp="20170627 16:46:36.890" level="DEBUG">POST http://127.0.0.1:64606/session/dc45a823c9a7696206cd8c9ac47159af/timeouts/async_script {"sessionId": "dc45a823c9a7696206cd8c9ac47159af", "ms": 120000.0}</msg>
<msg timestamp="20170627 16:46:36.890" level="DEBUG">Finished Request</msg>
<msg timestamp="20170627 16:46:36.890" level="TRACE">Return: b'2 seconds'</msg>
<status status="PASS" endtime="20170627 16:46:36.890" starttime="20170627 16:46:36.890"></status>
</kw>
<kw name="Init UBIDY" library="Ubidy.Browser">
<arguments>
<arg>${USER}</arg>
</arguments>
<msg timestamp="20170627 16:46:36.890" level="TRACE">Arguments: [ ${USER}='employer' ]</msg>
<kw name="Delete All Cookies" library="Selenium2Library">
<doc>Deletes all cookies.</doc>
<msg timestamp="20170627 16:46:36.890" level="TRACE">Arguments: [  ]</msg>
<msg timestamp="20170627 16:46:36.890" level="DEBUG">DELETE http://127.0.0.1:64606/session/dc45a823c9a7696206cd8c9ac47159af/cookie {"sessionId": "dc45a823c9a7696206cd8c9ac47159af"}</msg>
<msg timestamp="20170627 16:46:37.425" level="DEBUG">Finished Request</msg>
<msg timestamp="20170627 16:46:37.425" level="TRACE">Return: None</msg>
<status status="PASS" endtime="20170627 16:46:37.425" starttime="20170627 16:46:36.890"></status>
</kw>
<kw name="Go To UBIDY" library="Ubidy.Browser">
<arguments>
<arg>${USER}</arg>
</arguments>
<msg timestamp="20170627 16:46:37.425" level="TRACE">Arguments: [ ${USER}='employer' ]</msg>
<kw name="Get Location" library="Selenium2Library">
<doc>Returns the current location.</doc>
<assign>
<var>${Current.Location}</var>
</assign>
<msg timestamp="20170627 16:46:37.425" level="TRACE">Arguments: [  ]</msg>
<msg timestamp="20170627 16:46:37.425" level="DEBUG">GET http://127.0.0.1:64606/session/dc45a823c9a7696206cd8c9ac47159af/url {"sessionId": "dc45a823c9a7696206cd8c9ac47159af"}</msg>
<msg timestamp="20170627 16:46:37.441" level="DEBUG">Finished Request</msg>
<msg timestamp="20170627 16:46:37.441" level="TRACE">Return: 'data:,'</msg>
<msg timestamp="20170627 16:46:37.441" level="INFO">${Current.Location} = data:,</msg>
<status status="PASS" endtime="20170627 16:46:37.441" starttime="20170627 16:46:37.425"></status>
</kw>
<kw name="Log Many" library="BuiltIn">
<doc>Logs the given messages as separate entries using the INFO level.</doc>
<arguments>
<arg>${Current.Location}</arg>
</arguments>
<msg timestamp="20170627 16:46:37.441" level="TRACE">Arguments: [ '${Current.Location}' ]</msg>
<msg timestamp="20170627 16:46:37.441" level="INFO">data:,</msg>
<msg timestamp="20170627 16:46:37.441" level="TRACE">Return: None</msg>
<status status="PASS" endtime="20170627 16:46:37.441" starttime="20170627 16:46:37.441"></status>
</kw>
<kw name="Log Many" library="BuiltIn">
<doc>Logs the given messages as separate entries using the INFO level.</doc>
<arguments>
<arg>${USER}</arg>
</arguments>
<msg timestamp="20170627 16:46:37.441" level="TRACE">Arguments: [ '${USER}' ]</msg>
<msg timestamp="20170627 16:46:37.441" level="INFO">employer</msg>
<msg timestamp="20170627 16:46:37.441" level="TRACE">Return: None</msg>
<status status="PASS" endtime="20170627 16:46:37.441" starttime="20170627 16:46:37.441"></status>
</kw>
<kw name="Run Keyword If" library="BuiltIn">
<doc>Runs the given keyword with the given arguments, if ``condition`` is true.</doc>
<arguments>
<arg>'${USER}'=='employer'</arg>
<arg>Selenium2Library.Go To</arg>
<arg>${Employer.Url}</arg>
</arguments>
<msg timestamp="20170627 16:46:37.441" level="TRACE">Arguments: [ "'employer'=='employer'" | 'Selenium2Library.Go To' | '${Employer.Url}' ]</msg>
<kw name="Go To" library="Selenium2Library">
<doc>Navigates the active browser instance to the provided URL.</doc>
<arguments>
<arg>${Employer.Url}</arg>
</arguments>
<msg timestamp="20170627 16:46:37.441" level="TRACE">Arguments: [ 'http://employerdev.ubidywebsite.com:8081' ]</msg>
<msg timestamp="20170627 16:46:37.441" level="INFO">Opening url 'http://employerdev.ubidywebsite.com:8081'</msg>
<msg timestamp="20170627 16:46:37.441" level="DEBUG">POST http://127.0.0.1:64606/session/dc45a823c9a7696206cd8c9ac47159af/url {"url": "http://employerdev.ubidywebsite.com:8081", "sessionId": "dc45a823c9a7696206cd8c9ac47159af"}</msg>
<msg timestamp="20170627 16:46:40.020" level="DEBUG">Finished Request</msg>
<msg timestamp="20170627 16:46:40.021" level="TRACE">Return: None</msg>
<status status="PASS" endtime="20170627 16:46:40.021" starttime="20170627 16:46:37.441"></status>
</kw>
<msg timestamp="20170627 16:46:40.021" level="TRACE">Return: None</msg>
<status status="PASS" endtime="20170627 16:46:40.021" starttime="20170627 16:46:37.441"></status>
</kw>
<kw name="Run Keyword If" library="BuiltIn">
<doc>Runs the given keyword with the given arguments, if ``condition`` is true.</doc>
<arguments>
<arg>'${USER}'=='agency'</arg>
<arg>Selenium2Library.Go To</arg>
<arg>${Agency.Url}</arg>
</arguments>
<msg timestamp="20170627 16:46:40.023" level="TRACE">Arguments: [ "'employer'=='agency'" | 'Selenium2Library.Go To' | '${Agency.Url}' ]</msg>
<msg timestamp="20170627 16:46:40.023" level="TRACE">Return: None</msg>
<status status="PASS" endtime="20170627 16:46:40.023" starttime="20170627 16:46:40.022"></status>
</kw>
<msg timestamp="20170627 16:46:40.023" level="TRACE">Return: None</msg>
<status status="PASS" endtime="20170627 16:46:40.024" starttime="20170627 16:46:37.425"></status>
</kw>
<kw name="Set Selenium Speed" library="Selenium2Library">
<doc>Sets the delay in seconds that is waited after each Selenium command.</doc>
<arguments>
<arg>${DELAY}</arg>
</arguments>
<msg timestamp="20170627 16:46:40.024" level="TRACE">Arguments: [ '0.0010' ]</msg>
<msg timestamp="20170627 16:46:40.025" level="TRACE">Return: b'1 millisecond'</msg>
<status status="PASS" endtime="20170627 16:46:40.025" starttime="20170627 16:46:40.024"></status>
</kw>
<kw name="Capture Page Screenshot" library="Selenium2Library">
<doc>Takes a screenshot of the current page and embeds it into the log.</doc>
<msg timestamp="20170627 16:46:40.025" level="TRACE">Arguments: [  ]</msg>
<msg timestamp="20170627 16:46:40.033" level="DEBUG">GET http://127.0.0.1:64606/session/dc45a823c9a7696206cd8c9ac47159af/screenshot {"sessionId": "dc45a823c9a7696206cd8c9ac47159af"}</msg>
<msg timestamp="20170627 16:46:40.295" level="DEBUG">Finished Request</msg>
<msg timestamp="20170627 16:46:40.297" html="yes" level="INFO">&lt;/td&gt;&lt;/tr&gt;&lt;tr&gt;&lt;td colspan="3"&gt;&lt;a href="selenium-screenshot-21.png"&gt;&lt;img src="selenium-screenshot-21.png" width="800px"&gt;&lt;/a&gt;</msg>
<msg timestamp="20170627 16:46:40.297" level="TRACE">Return: 'D:\\Source\\Repos\\Ubidy_EmployerAutomationSuite\\results\\selenium-screenshot-21.png'</msg>
<status status="PASS" endtime="20170627 16:46:40.298" starttime="20170627 16:46:40.025"></status>
</kw>
<msg timestamp="20170627 16:46:40.298" level="TRACE">Return: None</msg>
<status status="PASS" endtime="20170627 16:46:40.298" starttime="20170627 16:46:36.890"></status>
</kw>
<msg timestamp="20170627 16:46:40.298" level="TRACE">Return: None</msg>
<status status="PASS" endtime="20170627 16:46:40.298" starttime="20170627 16:46:33.490"></status>
</kw>
<kw name="Click Link" library="Selenium2Library">
<doc>Clicks a link identified by locator.</doc>
<arguments>
<arg>${Register.Link}</arg>
</arguments>
<msg timestamp="20170627 16:46:40.298" level="TRACE">Arguments: [ '//*[@href="/Register"]' ]</msg>
<msg timestamp="20170627 16:46:40.298" level="INFO">Clicking link '//*[@href="/Register"]'.</msg>
<msg timestamp="20170627 16:46:40.299" level="DEBUG">POST http://127.0.0.1:64606/session/dc45a823c9a7696206cd8c9ac47159af/elements {"using": "xpath", "sessionId": "dc45a823c9a7696206cd8c9ac47159af", "value": "//*[@href=\"/Register\"]"}</msg>
<msg timestamp="20170627 16:46:40.318" level="DEBUG">Finished Request</msg>
<msg timestamp="20170627 16:46:40.319" level="DEBUG">GET http://127.0.0.1:64606/session/dc45a823c9a7696206cd8c9ac47159af/element/0.9907183801361623-1/name {"sessionId": "dc45a823c9a7696206cd8c9ac47159af", "id": "0.9907183801361623-1"}</msg>
<msg timestamp="20170627 16:46:40.324" level="DEBUG">Finished Request</msg>
<msg timestamp="20170627 16:46:40.325" level="DEBUG">POST http://127.0.0.1:64606/session/dc45a823c9a7696206cd8c9ac47159af/element/0.9907183801361623-1/click {"sessionId": "dc45a823c9a7696206cd8c9ac47159af", "id": "0.9907183801361623-1"}</msg>
<msg timestamp="20170627 16:46:40.407" level="DEBUG">Finished Request</msg>
<msg timestamp="20170627 16:46:40.409" level="TRACE">Return: None</msg>
<status status="PASS" endtime="20170627 16:46:40.409" starttime="20170627 16:46:40.298"></status>
</kw>
<kw name="Set Selenium Implicit Wait" library="Selenium2Library">
<doc>Sets Selenium 2's default implicit wait in seconds and</doc>
<arguments>
<arg>5</arg>
</arguments>
<msg timestamp="20170627 16:46:40.409" level="TRACE">Arguments: [ '5' ]</msg>
<msg timestamp="20170627 16:46:40.409" level="DEBUG">POST http://127.0.0.1:64606/session/dc45a823c9a7696206cd8c9ac47159af/timeouts/implicit_wait {"sessionId": "dc45a823c9a7696206cd8c9ac47159af", "ms": 5000.0}</msg>
<msg timestamp="20170627 16:46:40.412" level="DEBUG">Finished Request</msg>
<msg timestamp="20170627 16:46:40.413" level="TRACE">Return: b'2 minutes'</msg>
<status status="PASS" endtime="20170627 16:46:40.413" starttime="20170627 16:46:40.409"></status>
</kw>
<kw name="Set Selenium Timeout" library="Selenium2Library">
<doc>Sets the timeout in seconds used by various keywords.</doc>
<arguments>
<arg>5</arg>
</arguments>
<msg timestamp="20170627 16:46:40.414" level="TRACE">Arguments: [ '5' ]</msg>
<msg timestamp="20170627 16:46:40.415" level="DEBUG">POST http://127.0.0.1:64606/session/dc45a823c9a7696206cd8c9ac47159af/timeouts/async_script {"sessionId": "dc45a823c9a7696206cd8c9ac47159af", "ms": 5000.0}</msg>
<msg timestamp="20170627 16:46:40.417" level="DEBUG">Finished Request</msg>
<msg timestamp="20170627 16:46:40.418" level="TRACE">Return: b'2 minutes'</msg>
<status status="PASS" endtime="20170627 16:46:40.418" starttime="20170627 16:46:40.414"></status>
</kw>
<kw name="Input Text" library="Selenium2Library">
<doc>Types the given `text` into text field identified by `locator`.</doc>
<arguments>
<arg>${Login.Username.Text}</arg>
<arg>agency_${random.username}</arg>
</arguments>
<msg timestamp="20170627 16:46:40.419" level="TRACE">Arguments: [ 'id=userName' | 'agency_hbbLGEMc' ]</msg>
<msg timestamp="20170627 16:46:40.419" level="INFO">Typing text 'agency_hbbLGEMc' into text field 'id=userName'</msg>
<msg timestamp="20170627 16:46:40.419" level="DEBUG">POST http://127.0.0.1:64606/session/dc45a823c9a7696206cd8c9ac47159af/elements {"using": "id", "sessionId": "dc45a823c9a7696206cd8c9ac47159af", "value": "userName"}</msg>
<msg timestamp="20170627 16:46:40.657" level="DEBUG">Finished Request</msg>
<msg timestamp="20170627 16:46:40.659" level="DEBUG">POST http://127.0.0.1:64606/session/dc45a823c9a7696206cd8c9ac47159af/element/0.9907183801361623-2/clear {"sessionId": "dc45a823c9a7696206cd8c9ac47159af", "id": "0.9907183801361623-2"}</msg>
<msg timestamp="20170627 16:46:40.680" level="DEBUG">Finished Request</msg>
<msg timestamp="20170627 16:46:40.682" level="DEBUG">POST http://127.0.0.1:64606/session/dc45a823c9a7696206cd8c9ac47159af/element/0.9907183801361623-2/value {"text": "agency_hbbLGEMc", "sessionId": "dc45a823c9a7696206cd8c9ac47159af", "id": "0.9907183801361623-2", "value": ["a", "g", "e", "n", "c", "y", "_", "h", "b", "b", "L", "G", "E", "M", "c"]}</msg>
<msg timestamp="20170627 16:46:40.883" level="DEBUG">Finished Request</msg>
<msg timestamp="20170627 16:46:40.884" level="TRACE">Return: None</msg>
<status status="PASS" endtime="20170627 16:46:40.884" starttime="20170627 16:46:40.418"></status>
</kw>
<kw name="Input Text" library="Selenium2Library">
<doc>Types the given `text` into text field identified by `locator`.</doc>
<arguments>
<arg>${Registration.CompanyName.Text}</arg>
<arg>agency_${random.username}</arg>
</arguments>
<msg timestamp="20170627 16:46:40.884" level="TRACE">Arguments: [ 'id=companyName' | 'agency_hbbLGEMc' ]</msg>
<msg timestamp="20170627 16:46:40.884" level="INFO">Typing text 'agency_hbbLGEMc' into text field 'id=companyName'</msg>
<msg timestamp="20170627 16:46:40.884" level="DEBUG">POST http://127.0.0.1:64606/session/dc45a823c9a7696206cd8c9ac47159af/elements {"using": "id", "sessionId": "dc45a823c9a7696206cd8c9ac47159af", "value": "companyName"}</msg>
<msg timestamp="20170627 16:46:40.901" level="DEBUG">Finished Request</msg>
<msg timestamp="20170627 16:46:40.902" level="DEBUG">POST http://127.0.0.1:64606/session/dc45a823c9a7696206cd8c9ac47159af/element/0.9907183801361623-3/clear {"sessionId": "dc45a823c9a7696206cd8c9ac47159af", "id": "0.9907183801361623-3"}</msg>
<msg timestamp="20170627 16:46:40.928" level="DEBUG">Finished Request</msg>
<msg timestamp="20170627 16:46:40.929" level="DEBUG">POST http://127.0.0.1:64606/session/dc45a823c9a7696206cd8c9ac47159af/element/0.9907183801361623-3/value {"text": "agency_hbbLGEMc", "sessionId": "dc45a823c9a7696206cd8c9ac47159af", "id": "0.9907183801361623-3", "value": ["a", "g", "e", "n", "c", "y", "_", "h", "b", "b", "L", "G", "E", "M", "c"]}</msg>
<msg timestamp="20170627 16:46:41.145" level="DEBUG">Finished Request</msg>
<msg timestamp="20170627 16:46:41.146" level="TRACE">Return: None</msg>
<status status="PASS" endtime="20170627 16:46:41.146" starttime="20170627 16:46:40.884"></status>
</kw>
<kw name="Input Text" library="Selenium2Library">
<doc>Types the given `text` into text field identified by `locator`.</doc>
<arguments>
<arg>${Registration.FirstName.Text}</arg>
<arg>agency_${random.username}</arg>
</arguments>
<msg timestamp="20170627 16:46:41.147" level="TRACE">Arguments: [ 'id=firstName' | 'agency_hbbLGEMc' ]</msg>
<msg timestamp="20170627 16:46:41.147" level="INFO">Typing text 'agency_hbbLGEMc' into text field 'id=firstName'</msg>
<msg timestamp="20170627 16:46:41.147" level="DEBUG">POST http://127.0.0.1:64606/session/dc45a823c9a7696206cd8c9ac47159af/elements {"using": "id", "sessionId": "dc45a823c9a7696206cd8c9ac47159af", "value": "firstName"}</msg>
<msg timestamp="20170627 16:46:41.165" level="DEBUG">Finished Request</msg>
<msg timestamp="20170627 16:46:41.167" level="DEBUG">POST http://127.0.0.1:64606/session/dc45a823c9a7696206cd8c9ac47159af/element/0.9907183801361623-4/clear {"sessionId": "dc45a823c9a7696206cd8c9ac47159af", "id": "0.9907183801361623-4"}</msg>
<msg timestamp="20170627 16:46:41.189" level="DEBUG">Finished Request</msg>
<msg timestamp="20170627 16:46:41.190" level="DEBUG">POST http://127.0.0.1:64606/session/dc45a823c9a7696206cd8c9ac47159af/element/0.9907183801361623-4/value {"text": "agency_hbbLGEMc", "sessionId": "dc45a823c9a7696206cd8c9ac47159af", "id": "0.9907183801361623-4", "value": ["a", "g", "e", "n", "c", "y", "_", "h", "b", "b", "L", "G", "E", "M", "c"]}</msg>
<msg timestamp="20170627 16:46:41.437" level="DEBUG">Finished Request</msg>
<msg timestamp="20170627 16:46:41.438" level="TRACE">Return: None</msg>
<status status="PASS" endtime="20170627 16:46:41.438" starttime="20170627 16:46:41.146"></status>
</kw>
<kw name="Input Text" library="Selenium2Library">
<doc>Types the given `text` into text field identified by `locator`.</doc>
<arguments>
<arg>${Registration.LastName.Text}</arg>
<arg>agency_${random.username}</arg>
</arguments>
<msg timestamp="20170627 16:46:41.438" level="TRACE">Arguments: [ 'id=lastName' | 'agency_hbbLGEMc' ]</msg>
<msg timestamp="20170627 16:46:41.438" level="INFO">Typing text 'agency_hbbLGEMc' into text field 'id=lastName'</msg>
<msg timestamp="20170627 16:46:41.439" level="DEBUG">POST http://127.0.0.1:64606/session/dc45a823c9a7696206cd8c9ac47159af/elements {"using": "id", "sessionId": "dc45a823c9a7696206cd8c9ac47159af", "value": "lastName"}</msg>
<msg timestamp="20170627 16:46:41.456" level="DEBUG">Finished Request</msg>
<msg timestamp="20170627 16:46:41.457" level="DEBUG">POST http://127.0.0.1:64606/session/dc45a823c9a7696206cd8c9ac47159af/element/0.9907183801361623-5/clear {"sessionId": "dc45a823c9a7696206cd8c9ac47159af", "id": "0.9907183801361623-5"}</msg>
<msg timestamp="20170627 16:46:41.479" level="DEBUG">Finished Request</msg>
<msg timestamp="20170627 16:46:41.480" level="DEBUG">POST http://127.0.0.1:64606/session/dc45a823c9a7696206cd8c9ac47159af/element/0.9907183801361623-5/value {"text": "agency_hbbLGEMc", "sessionId": "dc45a823c9a7696206cd8c9ac47159af", "id": "0.9907183801361623-5", "value": ["a", "g", "e", "n", "c", "y", "_", "h", "b", "b", "L", "G", "E", "M", "c"]}</msg>
<msg timestamp="20170627 16:46:41.679" level="DEBUG">Finished Request</msg>
<msg timestamp="20170627 16:46:41.680" level="TRACE">Return: None</msg>
<status status="PASS" endtime="20170627 16:46:41.680" starttime="20170627 16:46:41.438"></status>
</kw>
<kw name="Input Text" library="Selenium2Library">
<doc>Types the given `text` into text field identified by `locator`.</doc>
<arguments>
<arg>${Registration.Email.Text}</arg>
<arg>agency_${random.username}@ubidy.com</arg>
</arguments>
<msg timestamp="20170627 16:46:41.681" level="TRACE">Arguments: [ 'id=email' | 'agency_hbbLGEMc@ubidy.com' ]</msg>
<msg timestamp="20170627 16:46:41.681" level="INFO">Typing text 'agency_hbbLGEMc@ubidy.com' into text field 'id=email'</msg>
<msg timestamp="20170627 16:46:41.681" level="DEBUG">POST http://127.0.0.1:64606/session/dc45a823c9a7696206cd8c9ac47159af/elements {"using": "id", "sessionId": "dc45a823c9a7696206cd8c9ac47159af", "value": "email"}</msg>
<msg timestamp="20170627 16:46:41.700" level="DEBUG">Finished Request</msg>
<msg timestamp="20170627 16:46:41.701" level="DEBUG">POST http://127.0.0.1:64606/session/dc45a823c9a7696206cd8c9ac47159af/element/0.9907183801361623-6/clear {"sessionId": "dc45a823c9a7696206cd8c9ac47159af", "id": "0.9907183801361623-6"}</msg>
<msg timestamp="20170627 16:46:41.721" level="DEBUG">Finished Request</msg>
<msg timestamp="20170627 16:46:41.723" level="DEBUG">POST http://127.0.0.1:64606/session/dc45a823c9a7696206cd8c9ac47159af/element/0.9907183801361623-6/value {"text": "agency_hbbLGEMc@ubidy.com", "sessionId": "dc45a823c9a7696206cd8c9ac47159af", "id": "0.9907183801361623-6", "value": ["a", "g", "e", "n", "c", "y", "_", "h", "b", "b", "L", "G", "E", "M", "c", "@", "u", "b", "i", "d", "y", ".", "c", "o", "m"]}</msg>
<msg timestamp="20170627 16:46:42.017" level="DEBUG">Finished Request</msg>
<msg timestamp="20170627 16:46:42.019" level="TRACE">Return: None</msg>
<status status="PASS" endtime="20170627 16:46:42.019" starttime="20170627 16:46:41.680"></status>
</kw>
<kw name="Input Text" library="Selenium2Library">
<doc>Types the given `text` into text field identified by `locator`.</doc>
<arguments>
<arg>${Login.Password.Text}</arg>
<arg>ubidy123</arg>
</arguments>
<msg timestamp="20170627 16:46:42.019" level="TRACE">Arguments: [ 'id=password' | 'ubidy123' ]</msg>
<msg timestamp="20170627 16:46:42.019" level="INFO">Typing text 'ubidy123' into text field 'id=password'</msg>
<msg timestamp="20170627 16:46:42.019" level="DEBUG">POST http://127.0.0.1:64606/session/dc45a823c9a7696206cd8c9ac47159af/elements {"using": "id", "sessionId": "dc45a823c9a7696206cd8c9ac47159af", "value": "password"}</msg>
<msg timestamp="20170627 16:46:42.035" level="DEBUG">Finished Request</msg>
<msg timestamp="20170627 16:46:42.037" level="DEBUG">POST http://127.0.0.1:64606/session/dc45a823c9a7696206cd8c9ac47159af/element/0.9907183801361623-7/clear {"sessionId": "dc45a823c9a7696206cd8c9ac47159af", "id": "0.9907183801361623-7"}</msg>
<msg timestamp="20170627 16:46:42.057" level="DEBUG">Finished Request</msg>
<msg timestamp="20170627 16:46:42.058" level="DEBUG">POST http://127.0.0.1:64606/session/dc45a823c9a7696206cd8c9ac47159af/element/0.9907183801361623-7/value {"text": "ubidy123", "sessionId": "dc45a823c9a7696206cd8c9ac47159af", "id": "0.9907183801361623-7", "value": ["u", "b", "i", "d", "y", "1", "2", "3"]}</msg>
<msg timestamp="20170627 16:46:42.179" level="DEBUG">Finished Request</msg>
<msg timestamp="20170627 16:46:42.180" level="TRACE">Return: None</msg>
<status status="PASS" endtime="20170627 16:46:42.180" starttime="20170627 16:46:42.019"></status>
</kw>
<kw name="Click Element" library="Selenium2Library">
<doc>Click element identified by `locator`.</doc>
<arguments>
<arg>${Registration.IAgree.Checkbox}</arg>
</arguments>
<msg timestamp="20170627 16:46:42.180" level="TRACE">Arguments: [ '//*[@class="ant-checkbox-input"]' ]</msg>
<msg timestamp="20170627 16:46:42.180" level="INFO">Clicking element '//*[@class="ant-checkbox-input"]'.</msg>
<msg timestamp="20170627 16:46:42.180" level="DEBUG">POST http://127.0.0.1:64606/session/dc45a823c9a7696206cd8c9ac47159af/elements {"using": "xpath", "sessionId": "dc45a823c9a7696206cd8c9ac47159af", "value": "//*[@class=\"ant-checkbox-input\"]"}</msg>
<msg timestamp="20170627 16:46:42.197" level="DEBUG">Finished Request</msg>
<msg timestamp="20170627 16:46:42.198" level="DEBUG">POST http://127.0.0.1:64606/session/dc45a823c9a7696206cd8c9ac47159af/element/0.9907183801361623-8/click {"sessionId": "dc45a823c9a7696206cd8c9ac47159af", "id": "0.9907183801361623-8"}</msg>
<msg timestamp="20170627 16:46:42.252" level="DEBUG">Finished Request</msg>
<msg timestamp="20170627 16:46:42.253" level="TRACE">Return: None</msg>
<status status="PASS" endtime="20170627 16:46:42.253" starttime="20170627 16:46:42.180"></status>
</kw>
<kw name="Capture Page Screenshot" library="Selenium2Library">
<doc>Takes a screenshot of the current page and embeds it into the log.</doc>
<msg timestamp="20170627 16:46:42.253" level="TRACE">Arguments: [  ]</msg>
<msg timestamp="20170627 16:46:42.261" level="DEBUG">GET http://127.0.0.1:64606/session/dc45a823c9a7696206cd8c9ac47159af/screenshot {"sessionId": "dc45a823c9a7696206cd8c9ac47159af"}</msg>
<msg timestamp="20170627 16:46:42.530" level="DEBUG">Finished Request</msg>
<msg timestamp="20170627 16:46:42.534" html="yes" level="INFO">&lt;/td&gt;&lt;/tr&gt;&lt;tr&gt;&lt;td colspan="3"&gt;&lt;a href="selenium-screenshot-22.png"&gt;&lt;img src="selenium-screenshot-22.png" width="800px"&gt;&lt;/a&gt;</msg>
<msg timestamp="20170627 16:46:42.534" level="TRACE">Return: 'D:\\Source\\Repos\\Ubidy_EmployerAutomationSuite\\results\\selenium-screenshot-22.png'</msg>
<status status="PASS" endtime="20170627 16:46:42.534" starttime="20170627 16:46:42.253"></status>
</kw>
<kw name="Click Element" library="Selenium2Library">
<doc>Click element identified by `locator`.</doc>
<arguments>
<arg>${Registration.Submit.Button}</arg>
</arguments>
<msg timestamp="20170627 16:46:42.534" level="TRACE">Arguments: [ '//*[@type="submit"]' ]</msg>
<msg timestamp="20170627 16:46:42.535" level="INFO">Clicking element '//*[@type="submit"]'.</msg>
<msg timestamp="20170627 16:46:42.535" level="DEBUG">POST http://127.0.0.1:64606/session/dc45a823c9a7696206cd8c9ac47159af/elements {"using": "xpath", "sessionId": "dc45a823c9a7696206cd8c9ac47159af", "value": "//*[@type=\"submit\"]"}</msg>
<msg timestamp="20170627 16:46:42.556" level="DEBUG">Finished Request</msg>
<msg timestamp="20170627 16:46:42.558" level="DEBUG">POST http://127.0.0.1:64606/session/dc45a823c9a7696206cd8c9ac47159af/element/0.9907183801361623-9/click {"sessionId": "dc45a823c9a7696206cd8c9ac47159af", "id": "0.9907183801361623-9"}</msg>
<msg timestamp="20170627 16:46:42.633" level="DEBUG">Finished Request</msg>
<msg timestamp="20170627 16:46:42.634" level="TRACE">Return: None</msg>
<status status="PASS" endtime="20170627 16:46:42.634" starttime="20170627 16:46:42.534"></status>
</kw>
<kw name="Wait Until Element Is Visible" library="Selenium2Library">
<doc>Waits until element specified with `locator` is visible.</doc>
<arguments>
<arg>${Registration.No.Button}</arg>
</arguments>
<msg timestamp="20170627 16:46:42.635" level="TRACE">Arguments: [ '//*[@class="ant-modal-footer"]/button[1]' ]</msg>
<msg timestamp="20170627 16:46:42.635" level="DEBUG">POST http://127.0.0.1:64606/session/dc45a823c9a7696206cd8c9ac47159af/elements {"using": "xpath", "sessionId": "dc45a823c9a7696206cd8c9ac47159af", "value": "//*[@class=\"ant-modal-footer\"]/button[1]"}</msg>
<msg timestamp="20170627 16:46:42.655" level="DEBUG">Finished Request</msg>
<msg timestamp="20170627 16:46:42.657" level="DEBUG">GET http://127.0.0.1:64606/session/dc45a823c9a7696206cd8c9ac47159af/element/0.9907183801361623-10/displayed {"sessionId": "dc45a823c9a7696206cd8c9ac47159af", "id": "0.9907183801361623-10"}</msg>
<msg timestamp="20170627 16:46:42.679" level="DEBUG">Finished Request</msg>
<msg timestamp="20170627 16:46:42.681" level="TRACE">Return: None</msg>
<status status="PASS" endtime="20170627 16:46:42.681" starttime="20170627 16:46:42.634"></status>
</kw>
<kw name="Element Should Contain" library="Selenium2Library">
<doc>Verifies element identified by `locator` contains text `expected`.</doc>
<arguments>
<arg>${Registration.UserName.Label}</arg>
<arg>Username: agency_${random.username}</arg>
</arguments>
<msg timestamp="20170627 16:46:42.681" level="TRACE">Arguments: [ '//*[@class="information-preview"]/p[1]' | 'Username: agency_hbbLGEMc' ]</msg>
<msg timestamp="20170627 16:46:42.681" level="INFO">Verifying element '//*[@class="information-preview"]/p[1]' contains text 'Username: agency_hbbLGEMc'.</msg>
<msg timestamp="20170627 16:46:42.681" level="DEBUG">POST http://127.0.0.1:64606/session/dc45a823c9a7696206cd8c9ac47159af/elements {"using": "xpath", "sessionId": "dc45a823c9a7696206cd8c9ac47159af", "value": "//*[@class=\"information-preview\"]/p[1]"}</msg>
<msg timestamp="20170627 16:46:42.700" level="DEBUG">Finished Request</msg>
<msg timestamp="20170627 16:46:42.701" level="DEBUG">GET http://127.0.0.1:64606/session/dc45a823c9a7696206cd8c9ac47159af/element/0.9907183801361623-11/text {"sessionId": "dc45a823c9a7696206cd8c9ac47159af", "id": "0.9907183801361623-11"}</msg>
<msg timestamp="20170627 16:46:42.722" level="DEBUG">Finished Request</msg>
<msg timestamp="20170627 16:46:42.723" level="TRACE">Return: None</msg>
<status status="PASS" endtime="20170627 16:46:42.723" starttime="20170627 16:46:42.681"></status>
</kw>
<kw name="Element Should Contain" library="Selenium2Library">
<doc>Verifies element identified by `locator` contains text `expected`.</doc>
<arguments>
<arg>${Registration.EmployerName.Label}</arg>
<arg>Employer Name: agency_${random.username}</arg>
</arguments>
<msg timestamp="20170627 16:46:42.724" level="TRACE">Arguments: [ '//*[@class="information-preview"]/p[2]' | 'Employer Name: agency_hbbLGEMc' ]</msg>
<msg timestamp="20170627 16:46:42.724" level="INFO">Verifying element '//*[@class="information-preview"]/p[2]' contains text 'Employer Name: agency_hbbLGEMc'.</msg>
<msg timestamp="20170627 16:46:42.725" level="DEBUG">POST http://127.0.0.1:64606/session/dc45a823c9a7696206cd8c9ac47159af/elements {"using": "xpath", "sessionId": "dc45a823c9a7696206cd8c9ac47159af", "value": "//*[@class=\"information-preview\"]/p[2]"}</msg>
<msg timestamp="20170627 16:46:42.748" level="DEBUG">Finished Request</msg>
<msg timestamp="20170627 16:46:42.749" level="DEBUG">GET http://127.0.0.1:64606/session/dc45a823c9a7696206cd8c9ac47159af/element/0.9907183801361623-12/text {"sessionId": "dc45a823c9a7696206cd8c9ac47159af", "id": "0.9907183801361623-12"}</msg>
<msg timestamp="20170627 16:46:42.770" level="DEBUG">Finished Request</msg>
<msg timestamp="20170627 16:46:42.771" level="TRACE">Return: None</msg>
<status status="PASS" endtime="20170627 16:46:42.771" starttime="20170627 16:46:42.724"></status>
</kw>
<kw name="Element Should Contain" library="Selenium2Library">
<doc>Verifies element identified by `locator` contains text `expected`.</doc>
<arguments>
<arg>${Registration.FirstName.Label}</arg>
<arg>First Name: agency_${random.username}</arg>
</arguments>
<msg timestamp="20170627 16:46:42.771" level="TRACE">Arguments: [ '//*[@class="information-preview"]/p[3]' | 'First Name: agency_hbbLGEMc' ]</msg>
<msg timestamp="20170627 16:46:42.771" level="INFO">Verifying element '//*[@class="information-preview"]/p[3]' contains text 'First Name: agency_hbbLGEMc'.</msg>
<msg timestamp="20170627 16:46:42.772" level="DEBUG">POST http://127.0.0.1:64606/session/dc45a823c9a7696206cd8c9ac47159af/elements {"using": "xpath", "sessionId": "dc45a823c9a7696206cd8c9ac47159af", "value": "//*[@class=\"information-preview\"]/p[3]"}</msg>
<msg timestamp="20170627 16:46:42.793" level="DEBUG">Finished Request</msg>
<msg timestamp="20170627 16:46:42.795" level="DEBUG">GET http://127.0.0.1:64606/session/dc45a823c9a7696206cd8c9ac47159af/element/0.9907183801361623-13/text {"sessionId": "dc45a823c9a7696206cd8c9ac47159af", "id": "0.9907183801361623-13"}</msg>
<msg timestamp="20170627 16:46:42.815" level="DEBUG">Finished Request</msg>
<msg timestamp="20170627 16:46:42.816" level="TRACE">Return: None</msg>
<status status="PASS" endtime="20170627 16:46:42.816" starttime="20170627 16:46:42.771"></status>
</kw>
<kw name="Element Should Contain" library="Selenium2Library">
<doc>Verifies element identified by `locator` contains text `expected`.</doc>
<arguments>
<arg>${Registration.LastName.Label}</arg>
<arg>Last Name: agency_${random.username}</arg>
</arguments>
<msg timestamp="20170627 16:46:42.816" level="TRACE">Arguments: [ '//*[@class="information-preview"]/p[4]' | 'Last Name: agency_hbbLGEMc' ]</msg>
<msg timestamp="20170627 16:46:42.816" level="INFO">Verifying element '//*[@class="information-preview"]/p[4]' contains text 'Last Name: agency_hbbLGEMc'.</msg>
<msg timestamp="20170627 16:46:42.816" level="DEBUG">POST http://127.0.0.1:64606/session/dc45a823c9a7696206cd8c9ac47159af/elements {"using": "xpath", "sessionId": "dc45a823c9a7696206cd8c9ac47159af", "value": "//*[@class=\"information-preview\"]/p[4]"}</msg>
<msg timestamp="20170627 16:46:42.835" level="DEBUG">Finished Request</msg>
<msg timestamp="20170627 16:46:42.837" level="DEBUG">GET http://127.0.0.1:64606/session/dc45a823c9a7696206cd8c9ac47159af/element/0.9907183801361623-14/text {"sessionId": "dc45a823c9a7696206cd8c9ac47159af", "id": "0.9907183801361623-14"}</msg>
<msg timestamp="20170627 16:46:42.861" level="DEBUG">Finished Request</msg>
<msg timestamp="20170627 16:46:42.862" level="TRACE">Return: None</msg>
<status status="PASS" endtime="20170627 16:46:42.862" starttime="20170627 16:46:42.816"></status>
</kw>
<kw name="Element Should Contain" library="Selenium2Library">
<doc>Verifies element identified by `locator` contains text `expected`.</doc>
<arguments>
<arg>${Registration.Email.Label}</arg>
<arg>Email: agency_${random.username}@ubidy.com</arg>
</arguments>
<msg timestamp="20170627 16:46:42.863" level="TRACE">Arguments: [ '//*[@class="information-preview"]/p[5]' | 'Email: agency_hbbLGEMc@ubidy.com' ]</msg>
<msg timestamp="20170627 16:46:42.863" level="INFO">Verifying element '//*[@class="information-preview"]/p[5]' contains text 'Email: agency_hbbLGEMc@ubidy.com'.</msg>
<msg timestamp="20170627 16:46:42.863" level="DEBUG">POST http://127.0.0.1:64606/session/dc45a823c9a7696206cd8c9ac47159af/elements {"using": "xpath", "sessionId": "dc45a823c9a7696206cd8c9ac47159af", "value": "//*[@class=\"information-preview\"]/p[5]"}</msg>
<msg timestamp="20170627 16:46:42.883" level="DEBUG">Finished Request</msg>
<msg timestamp="20170627 16:46:42.885" level="DEBUG">GET http://127.0.0.1:64606/session/dc45a823c9a7696206cd8c9ac47159af/element/0.9907183801361623-15/text {"sessionId": "dc45a823c9a7696206cd8c9ac47159af", "id": "0.9907183801361623-15"}</msg>
<msg timestamp="20170627 16:46:42.905" level="DEBUG">Finished Request</msg>
<msg timestamp="20170627 16:46:42.906" level="TRACE">Return: None</msg>
<status status="PASS" endtime="20170627 16:46:42.906" starttime="20170627 16:46:42.862"></status>
</kw>
<kw name="Element Should Contain" library="Selenium2Library">
<doc>Verifies element identified by `locator` contains text `expected`.</doc>
<arguments>
<arg>${Registration.Alert.Message}</arg>
<arg>Are you sure you want to register with these information?</arg>
</arguments>
<msg timestamp="20170627 16:46:42.907" level="TRACE">Arguments: [ '//*[@class="ant-alert-message"]' | 'Are you sure you want to register with these information?' ]</msg>
<msg timestamp="20170627 16:46:42.907" level="INFO">Verifying element '//*[@class="ant-alert-message"]' contains text 'Are you sure you want to register with these information?'.</msg>
<msg timestamp="20170627 16:46:42.907" level="DEBUG">POST http://127.0.0.1:64606/session/dc45a823c9a7696206cd8c9ac47159af/elements {"using": "xpath", "sessionId": "dc45a823c9a7696206cd8c9ac47159af", "value": "//*[@class=\"ant-alert-message\"]"}</msg>
<msg timestamp="20170627 16:46:42.928" level="DEBUG">Finished Request</msg>
<msg timestamp="20170627 16:46:42.929" level="DEBUG">GET http://127.0.0.1:64606/session/dc45a823c9a7696206cd8c9ac47159af/element/0.9907183801361623-16/text {"sessionId": "dc45a823c9a7696206cd8c9ac47159af", "id": "0.9907183801361623-16"}</msg>
<msg timestamp="20170627 16:46:42.949" level="DEBUG">Finished Request</msg>
<msg timestamp="20170627 16:46:42.951" level="TRACE">Return: None</msg>
<status status="PASS" endtime="20170627 16:46:42.951" starttime="20170627 16:46:42.906"></status>
</kw>
<kw name="Wait Until Element Is Visible" library="Selenium2Library">
<doc>Waits until element specified with `locator` is visible.</doc>
<arguments>
<arg>${Registration.Yes.Button}</arg>
</arguments>
<msg timestamp="20170627 16:46:42.952" level="TRACE">Arguments: [ '//*[@class="ant-modal-footer"]/button[2]' ]</msg>
<msg timestamp="20170627 16:46:42.952" level="DEBUG">POST http://127.0.0.1:64606/session/dc45a823c9a7696206cd8c9ac47159af/elements {"using": "xpath", "sessionId": "dc45a823c9a7696206cd8c9ac47159af", "value": "//*[@class=\"ant-modal-footer\"]/button[2]"}</msg>
<msg timestamp="20170627 16:46:42.969" level="DEBUG">Finished Request</msg>
<msg timestamp="20170627 16:46:42.971" level="DEBUG">GET http://127.0.0.1:64606/session/dc45a823c9a7696206cd8c9ac47159af/element/0.9907183801361623-17/displayed {"sessionId": "dc45a823c9a7696206cd8c9ac47159af", "id": "0.9907183801361623-17"}</msg>
<msg timestamp="20170627 16:46:42.990" level="DEBUG">Finished Request</msg>
<msg timestamp="20170627 16:46:42.993" level="TRACE">Return: None</msg>
<status status="PASS" endtime="20170627 16:46:42.993" starttime="20170627 16:46:42.951"></status>
</kw>
<kw name="Element Should Be Enabled" library="Selenium2Library">
<doc>Verifies that element identified with `locator` is enabled.</doc>
<arguments>
<arg>${Registration.No.Button}</arg>
</arguments>
<msg timestamp="20170627 16:46:42.993" level="TRACE">Arguments: [ '//*[@class="ant-modal-footer"]/button[1]' ]</msg>
<msg timestamp="20170627 16:46:42.994" level="DEBUG">POST http://127.0.0.1:64606/session/dc45a823c9a7696206cd8c9ac47159af/elements {"using": "xpath", "sessionId": "dc45a823c9a7696206cd8c9ac47159af", "value": "//*[@class=\"ant-modal-footer\"]/button[1]"}</msg>
<msg timestamp="20170627 16:46:43.002" level="DEBUG">Finished Request</msg>
<msg timestamp="20170627 16:46:43.003" level="DEBUG">GET http://127.0.0.1:64606/session/dc45a823c9a7696206cd8c9ac47159af/element/0.9907183801361623-10/name {"sessionId": "dc45a823c9a7696206cd8c9ac47159af", "id": "0.9907183801361623-10"}</msg>
<msg timestamp="20170627 16:46:43.008" level="DEBUG">Finished Request</msg>
<msg timestamp="20170627 16:46:43.010" level="DEBUG">GET http://127.0.0.1:64606/session/dc45a823c9a7696206cd8c9ac47159af/element/0.9907183801361623-10/enabled {"sessionId": "dc45a823c9a7696206cd8c9ac47159af", "id": "0.9907183801361623-10"}</msg>
<msg timestamp="20170627 16:46:43.021" level="DEBUG">Finished Request</msg>
<msg timestamp="20170627 16:46:43.023" level="DEBUG">GET http://127.0.0.1:64606/session/dc45a823c9a7696206cd8c9ac47159af/element/0.9907183801361623-10/attribute/readonly {"sessionId": "dc45a823c9a7696206cd8c9ac47159af", "name": "readonly", "id": "0.9907183801361623-10"}</msg>
<msg timestamp="20170627 16:46:43.031" level="DEBUG">Finished Request</msg>
<msg timestamp="20170627 16:46:43.032" level="TRACE">Return: None</msg>
<status status="PASS" endtime="20170627 16:46:43.032" starttime="20170627 16:46:42.993"></status>
</kw>
<kw name="Element Should Be Enabled" library="Selenium2Library">
<doc>Verifies that element identified with `locator` is enabled.</doc>
<arguments>
<arg>${Registration.Yes.Button}</arg>
</arguments>
<msg timestamp="20170627 16:46:43.032" level="TRACE">Arguments: [ '//*[@class="ant-modal-footer"]/button[2]' ]</msg>
<msg timestamp="20170627 16:46:43.032" level="DEBUG">POST http://127.0.0.1:64606/session/dc45a823c9a7696206cd8c9ac47159af/elements {"using": "xpath", "sessionId": "dc45a823c9a7696206cd8c9ac47159af", "value": "//*[@class=\"ant-modal-footer\"]/button[2]"}</msg>
<msg timestamp="20170627 16:46:43.042" level="DEBUG">Finished Request</msg>
<msg timestamp="20170627 16:46:43.043" level="DEBUG">GET http://127.0.0.1:64606/session/dc45a823c9a7696206cd8c9ac47159af/element/0.9907183801361623-17/name {"sessionId": "dc45a823c9a7696206cd8c9ac47159af", "id": "0.9907183801361623-17"}</msg>
<msg timestamp="20170627 16:46:43.047" level="DEBUG">Finished Request</msg>
<msg timestamp="20170627 16:46:43.049" level="DEBUG">GET http://127.0.0.1:64606/session/dc45a823c9a7696206cd8c9ac47159af/element/0.9907183801361623-17/enabled {"sessionId": "dc45a823c9a7696206cd8c9ac47159af", "id": "0.9907183801361623-17"}</msg>
<msg timestamp="20170627 16:46:43.063" level="DEBUG">Finished Request</msg>
<msg timestamp="20170627 16:46:43.064" level="DEBUG">GET http://127.0.0.1:64606/session/dc45a823c9a7696206cd8c9ac47159af/element/0.9907183801361623-17/attribute/readonly {"sessionId": "dc45a823c9a7696206cd8c9ac47159af", "name": "readonly", "id": "0.9907183801361623-17"}</msg>
<msg timestamp="20170627 16:46:43.072" level="DEBUG">Finished Request</msg>
<msg timestamp="20170627 16:46:43.073" level="TRACE">Return: None</msg>
<status status="PASS" endtime="20170627 16:46:43.073" starttime="20170627 16:46:43.032"></status>
</kw>
<kw name="Capture Page Screenshot" library="Selenium2Library">
<doc>Takes a screenshot of the current page and embeds it into the log.</doc>
<msg timestamp="20170627 16:46:43.073" level="TRACE">Arguments: [  ]</msg>
<msg timestamp="20170627 16:46:43.079" level="DEBUG">GET http://127.0.0.1:64606/session/dc45a823c9a7696206cd8c9ac47159af/screenshot {"sessionId": "dc45a823c9a7696206cd8c9ac47159af"}</msg>
<msg timestamp="20170627 16:46:43.340" level="DEBUG">Finished Request</msg>
<msg timestamp="20170627 16:46:43.344" html="yes" level="INFO">&lt;/td&gt;&lt;/tr&gt;&lt;tr&gt;&lt;td colspan="3"&gt;&lt;a href="selenium-screenshot-23.png"&gt;&lt;img src="selenium-screenshot-23.png" width="800px"&gt;&lt;/a&gt;</msg>
<msg timestamp="20170627 16:46:43.344" level="TRACE">Return: 'D:\\Source\\Repos\\Ubidy_EmployerAutomationSuite\\results\\selenium-screenshot-23.png'</msg>
<status status="PASS" endtime="20170627 16:46:43.344" starttime="20170627 16:46:43.073"></status>
</kw>
<kw name="Click Element" library="Selenium2Library">
<doc>Click element identified by `locator`.</doc>
<arguments>
<arg>${Registration.Yes.Button}</arg>
</arguments>
<msg timestamp="20170627 16:46:43.345" level="TRACE">Arguments: [ '//*[@class="ant-modal-footer"]/button[2]' ]</msg>
<msg timestamp="20170627 16:46:43.345" level="INFO">Clicking element '//*[@class="ant-modal-footer"]/button[2]'.</msg>
<msg timestamp="20170627 16:46:43.345" level="DEBUG">POST http://127.0.0.1:64606/session/dc45a823c9a7696206cd8c9ac47159af/elements {"using": "xpath", "sessionId": "dc45a823c9a7696206cd8c9ac47159af", "value": "//*[@class=\"ant-modal-footer\"]/button[2]"}</msg>
<msg timestamp="20170627 16:46:43.354" level="DEBUG">Finished Request</msg>
<msg timestamp="20170627 16:46:43.355" level="DEBUG">POST http://127.0.0.1:64606/session/dc45a823c9a7696206cd8c9ac47159af/element/0.9907183801361623-17/click {"sessionId": "dc45a823c9a7696206cd8c9ac47159af", "id": "0.9907183801361623-17"}</msg>
<msg timestamp="20170627 16:46:43.410" level="DEBUG">Finished Request</msg>
<msg timestamp="20170627 16:46:43.411" level="TRACE">Return: None</msg>
<status status="PASS" endtime="20170627 16:46:43.411" starttime="20170627 16:46:43.344"></status>
</kw>
<kw name="Run Keyword And Return Status" library="BuiltIn">
<doc>Runs the given keyword with given arguments and returns the status as a Boolean value.</doc>
<arguments>
<arg>Element Should Be Visible</arg>
<arg>//*[@class="ant-message-notice"]</arg>
</arguments>
<assign>
<var>${isPresent}</var>
</assign>
<msg timestamp="20170627 16:46:43.412" level="TRACE">Arguments: [ 'Element Should Be Visible' | '//*[@class="ant-message-notice"]' ]</msg>
<kw name="Element Should Be Visible" library="Selenium2Library">
<doc>Verifies that the element identified by `locator` is visible.</doc>
<arguments>
<arg>//*[@class="ant-message-notice"]</arg>
</arguments>
<msg timestamp="20170627 16:46:43.412" level="TRACE">Arguments: [ '//*[@class="ant-message-notice"]' ]</msg>
<msg timestamp="20170627 16:46:43.413" level="INFO">Verifying element '//*[@class="ant-message-notice"]' is visible.</msg>
<msg timestamp="20170627 16:46:43.413" level="DEBUG">POST http://127.0.0.1:64606/session/dc45a823c9a7696206cd8c9ac47159af/elements {"using": "xpath", "sessionId": "dc45a823c9a7696206cd8c9ac47159af", "value": "//*[@class=\"ant-message-notice\"]"}</msg>
<msg timestamp="20170627 16:46:48.430" level="DEBUG">Finished Request</msg>
<kw name="Capture Page Screenshot" library="Selenium2Library">
<doc>Takes a screenshot of the current page and embeds it into the log.</doc>
<msg timestamp="20170627 16:46:48.431" level="TRACE">Arguments: [  ]</msg>
<msg timestamp="20170627 16:46:48.437" level="DEBUG">GET http://127.0.0.1:64606/session/dc45a823c9a7696206cd8c9ac47159af/screenshot {"sessionId": "dc45a823c9a7696206cd8c9ac47159af"}</msg>
<msg timestamp="20170627 16:46:48.706" level="DEBUG">Finished Request</msg>
<msg timestamp="20170627 16:46:48.709" html="yes" level="INFO">&lt;/td&gt;&lt;/tr&gt;&lt;tr&gt;&lt;td colspan="3"&gt;&lt;a href="selenium-screenshot-24.png"&gt;&lt;img src="selenium-screenshot-24.png" width="800px"&gt;&lt;/a&gt;</msg>
<msg timestamp="20170627 16:46:48.709" level="TRACE">Return: 'D:\\Source\\Repos\\Ubidy_EmployerAutomationSuite\\results\\selenium-screenshot-24.png'</msg>
<status status="PASS" endtime="20170627 16:46:48.709" starttime="20170627 16:46:48.431"></status>
</kw>
<msg timestamp="20170627 16:46:48.710" level="FAIL">The element '//*[@class="ant-message-notice"]' should be visible, but it is not.</msg>
<msg timestamp="20170627 16:46:48.710" level="DEBUG">Traceback (most recent call last):
  File "&lt;decorator-gen-53&gt;", line 2, in element_should_be_visible
  File "C:\Python27\lib\site-packages\robotframework_selenium2library-1.8.0-py2.7.egg\Selenium2Library\keywords\keywordgroup.py", line 15, in _run_on_failure_decorator
    return method(*args, **kwargs)
  File "C:\Python27\lib\site-packages\robotframework_selenium2library-1.8.0-py2.7.egg\Selenium2Library\keywords\_element.py", line 234, in element_should_be_visible
    raise AssertionError(message)</msg>
<status status="FAIL" endtime="20170627 16:46:48.710" starttime="20170627 16:46:43.412"></status>
</kw>
<msg timestamp="20170627 16:46:48.710" level="TRACE">Return: False</msg>
<msg timestamp="20170627 16:46:48.710" level="INFO">${isPresent} = False</msg>
<status status="PASS" endtime="20170627 16:46:48.710" starttime="20170627 16:46:43.411"></status>
</kw>
<kw name="Run Keyword If" library="BuiltIn">
<doc>Runs the given keyword with the given arguments, if ``condition`` is true.</doc>
<arguments>
<arg>${isPresent}</arg>
<arg>Log to console</arg>
<arg>agency_${random.username} is already exists.</arg>
</arguments>
<msg timestamp="20170627 16:46:48.711" level="TRACE">Arguments: [ False | 'Log to console' | 'agency_${random.username} is already exists.' ]</msg>
<msg timestamp="20170627 16:46:48.711" level="TRACE">Return: None</msg>
<status status="PASS" endtime="20170627 16:46:48.711" starttime="20170627 16:46:48.710"></status>
</kw>
<kw name="Log To Console" library="BuiltIn">
<doc>Logs the given message to the console.</doc>
<arguments>
<arg>${isPresent}</arg>
</arguments>
<msg timestamp="20170627 16:46:48.711" level="TRACE">Arguments: [ False ]</msg>
<msg timestamp="20170627 16:46:48.712" level="TRACE">Return: None</msg>
<status status="PASS" endtime="20170627 16:46:48.712" starttime="20170627 16:46:48.711"></status>
</kw>
<kw name="Set Selenium Implicit Wait" library="Selenium2Library">
<doc>Sets Selenium 2's default implicit wait in seconds and</doc>
<arguments>
<arg>${Selenium.Timeout}</arg>
</arguments>
<msg timestamp="20170627 16:46:48.712" level="TRACE">Arguments: [ '120.0' ]</msg>
<msg timestamp="20170627 16:46:48.712" level="DEBUG">POST http://127.0.0.1:64606/session/dc45a823c9a7696206cd8c9ac47159af/timeouts/implicit_wait {"sessionId": "dc45a823c9a7696206cd8c9ac47159af", "ms": 120000.0}</msg>
<msg timestamp="20170627 16:46:48.714" level="DEBUG">Finished Request</msg>
<msg timestamp="20170627 16:46:48.716" level="TRACE">Return: b'5 seconds'</msg>
<status status="PASS" endtime="20170627 16:46:48.716" starttime="20170627 16:46:48.712"></status>
</kw>
<kw name="Set Selenium Timeout" library="Selenium2Library">
<doc>Sets the timeout in seconds used by various keywords.</doc>
<arguments>
<arg>${Selenium.Timeout}</arg>
</arguments>
<msg timestamp="20170627 16:46:48.716" level="TRACE">Arguments: [ '120.0' ]</msg>
<msg timestamp="20170627 16:46:48.716" level="DEBUG">POST http://127.0.0.1:64606/session/dc45a823c9a7696206cd8c9ac47159af/timeouts/async_script {"sessionId": "dc45a823c9a7696206cd8c9ac47159af", "ms": 120000.0}</msg>
<msg timestamp="20170627 16:46:48.718" level="DEBUG">Finished Request</msg>
<msg timestamp="20170627 16:46:48.719" level="TRACE">Return: b'5 seconds'</msg>
<status status="PASS" endtime="20170627 16:46:48.719" starttime="20170627 16:46:48.716"></status>
</kw>
<kw name="Capture Page Screenshot" library="Selenium2Library">
<doc>Takes a screenshot of the current page and embeds it into the log.</doc>
<msg timestamp="20170627 16:46:48.719" level="TRACE">Arguments: [  ]</msg>
<msg timestamp="20170627 16:46:48.725" level="DEBUG">GET http://127.0.0.1:64606/session/dc45a823c9a7696206cd8c9ac47159af/screenshot {"sessionId": "dc45a823c9a7696206cd8c9ac47159af"}</msg>
<msg timestamp="20170627 16:46:48.991" level="DEBUG">Finished Request</msg>
<msg timestamp="20170627 16:46:48.993" html="yes" level="INFO">&lt;/td&gt;&lt;/tr&gt;&lt;tr&gt;&lt;td colspan="3"&gt;&lt;a href="selenium-screenshot-25.png"&gt;&lt;img src="selenium-screenshot-25.png" width="800px"&gt;&lt;/a&gt;</msg>
<msg timestamp="20170627 16:46:48.993" level="TRACE">Return: 'D:\\Source\\Repos\\Ubidy_EmployerAutomationSuite\\results\\selenium-screenshot-25.png'</msg>
<status status="PASS" endtime="20170627 16:46:48.993" starttime="20170627 16:46:48.719"></status>
</kw>
<msg timestamp="20170627 16:46:48.994" level="TRACE">Return: None</msg>
<status status="PASS" endtime="20170627 16:46:48.994" starttime="20170627 16:46:33.490"></status>
</kw>
<kw type="teardown" name="Run Keyword If Test Failed" library="BuiltIn">
<doc>Runs the given keyword with the given arguments, if the test failed.</doc>
<arguments>
<arg>Capture Page Screenshot</arg>
</arguments>
<msg timestamp="20170627 16:46:48.995" level="TRACE">Arguments: [ 'Capture Page Screenshot' ]</msg>
<msg timestamp="20170627 16:46:48.995" level="TRACE">Return: None</msg>
<status status="PASS" endtime="20170627 16:46:48.995" starttime="20170627 16:46:48.995"></status>
</kw>
<tags>
<tag>skip</tag>
</tags>
<status status="PASS" endtime="20170627 16:46:48.995" critical="yes" starttime="20170627 16:46:33.490"></status>
</test>
<test id="s1-s4-t2" name="Create profile details">
<kw name="Add details in Profile">
<msg timestamp="20170627 16:46:48.998" level="TRACE">Arguments: [  ]</msg>
<kw name="Set Selenium Implicit Wait" library="Selenium2Library">
<doc>Sets Selenium 2's default implicit wait in seconds and</doc>
<arguments>
<arg>5</arg>
</arguments>
<msg timestamp="20170627 16:46:48.999" level="TRACE">Arguments: [ '5' ]</msg>
<msg timestamp="20170627 16:46:48.999" level="DEBUG">POST http://127.0.0.1:64606/session/dc45a823c9a7696206cd8c9ac47159af/timeouts/implicit_wait {"sessionId": "dc45a823c9a7696206cd8c9ac47159af", "ms": 5000.0}</msg>
<msg timestamp="20170627 16:46:49.000" level="DEBUG">Finished Request</msg>
<msg timestamp="20170627 16:46:49.003" level="TRACE">Return: b'2 minutes'</msg>
<status status="PASS" endtime="20170627 16:46:49.003" starttime="20170627 16:46:48.999"></status>
</kw>
<kw name="Set Selenium Timeout" library="Selenium2Library">
<doc>Sets the timeout in seconds used by various keywords.</doc>
<arguments>
<arg>5</arg>
</arguments>
<msg timestamp="20170627 16:46:49.003" level="TRACE">Arguments: [ '5' ]</msg>
<msg timestamp="20170627 16:46:49.003" level="DEBUG">POST http://127.0.0.1:64606/session/dc45a823c9a7696206cd8c9ac47159af/timeouts/async_script {"sessionId": "dc45a823c9a7696206cd8c9ac47159af", "ms": 5000.0}</msg>
<msg timestamp="20170627 16:46:49.004" level="DEBUG">Finished Request</msg>
<msg timestamp="20170627 16:46:49.006" level="TRACE">Return: b'2 minutes'</msg>
<status status="PASS" endtime="20170627 16:46:49.006" starttime="20170627 16:46:49.003"></status>
</kw>
<kw name="Wait Until Page Contains Element" library="Selenium2Library">
<doc>Waits until element specified with `locator` appears on current page.</doc>
<arguments>
<arg>${Profile.Edit.Button}</arg>
</arguments>
<msg timestamp="20170627 16:46:49.006" level="TRACE">Arguments: [ '//*[@type="button"]/span[text()=\'Edit\']' ]</msg>
<msg timestamp="20170627 16:46:49.006" level="DEBUG">POST http://127.0.0.1:64606/session/dc45a823c9a7696206cd8c9ac47159af/elements {"using": "xpath", "sessionId": "dc45a823c9a7696206cd8c9ac47159af", "value": "//*[@type=\"button\"]/span[text()='Edit']"}</msg>
<msg timestamp="20170627 16:46:54.056" level="DEBUG">Finished Request</msg>
<kw name="Capture Page Screenshot" library="Selenium2Library">
<doc>Takes a screenshot of the current page and embeds it into the log.</doc>
<msg timestamp="20170627 16:46:54.059" level="TRACE">Arguments: [  ]</msg>
<msg timestamp="20170627 16:46:54.074" level="DEBUG">GET http://127.0.0.1:64606/session/dc45a823c9a7696206cd8c9ac47159af/screenshot {"sessionId": "dc45a823c9a7696206cd8c9ac47159af"}</msg>
<msg timestamp="20170627 16:46:54.340" level="DEBUG">Finished Request</msg>
<msg timestamp="20170627 16:46:54.343" html="yes" level="INFO">&lt;/td&gt;&lt;/tr&gt;&lt;tr&gt;&lt;td colspan="3"&gt;&lt;a href="selenium-screenshot-26.png"&gt;&lt;img src="selenium-screenshot-26.png" width="800px"&gt;&lt;/a&gt;</msg>
<msg timestamp="20170627 16:46:54.343" level="TRACE">Return: 'D:\\Source\\Repos\\Ubidy_EmployerAutomationSuite\\results\\selenium-screenshot-26.png'</msg>
<status status="PASS" endtime="20170627 16:46:54.343" starttime="20170627 16:46:54.058"></status>
</kw>
<msg timestamp="20170627 16:46:54.344" level="FAIL">Element '//*[@type="button"]/span[text()='Edit']' did not appear in 5 seconds</msg>
<msg timestamp="20170627 16:46:54.344" level="DEBUG">Traceback (most recent call last):
  File "&lt;decorator-gen-154&gt;", line 2, in wait_until_page_contains_element
  File "C:\Python27\lib\site-packages\robotframework_selenium2library-1.8.0-py2.7.egg\Selenium2Library\keywords\keywordgroup.py", line 15, in _run_on_failure_decorator
    return method(*args, **kwargs)
  File "C:\Python27\lib\site-packages\robotframework_selenium2library-1.8.0-py2.7.egg\Selenium2Library\keywords\_waiting.py", line 84, in wait_until_page_contains_element
    self._wait_until(timeout, error, self._is_element_present, locator)
  File "C:\Python27\lib\site-packages\robotframework_selenium2library-1.8.0-py2.7.egg\Selenium2Library\keywords\_waiting.py", line 231, in _wait_until
    self._wait_until_no_error(timeout, wait_func)
  File "C:\Python27\lib\site-packages\robotframework_selenium2library-1.8.0-py2.7.egg\Selenium2Library\keywords\_waiting.py", line 240, in _wait_until_no_error
    raise AssertionError(timeout_error)</msg>
<status status="FAIL" endtime="20170627 16:46:54.344" starttime="20170627 16:46:49.006"></status>
</kw>
<status status="FAIL" endtime="20170627 16:46:54.344" starttime="20170627 16:46:48.998"></status>
</kw>
<kw type="teardown" name="Run Keyword If Test Failed" library="BuiltIn">
<doc>Runs the given keyword with the given arguments, if the test failed.</doc>
<arguments>
<arg>Capture Page Screenshot</arg>
</arguments>
<msg timestamp="20170627 16:46:54.345" level="TRACE">Arguments: [ 'Capture Page Screenshot' ]</msg>
<kw name="Capture Page Screenshot" library="Selenium2Library">
<doc>Takes a screenshot of the current page and embeds it into the log.</doc>
<msg timestamp="20170627 16:46:54.346" level="TRACE">Arguments: [  ]</msg>
<msg timestamp="20170627 16:46:54.352" level="DEBUG">GET http://127.0.0.1:64606/session/dc45a823c9a7696206cd8c9ac47159af/screenshot {"sessionId": "dc45a823c9a7696206cd8c9ac47159af"}</msg>
<msg timestamp="20170627 16:46:54.607" level="DEBUG">Finished Request</msg>
<msg timestamp="20170627 16:46:54.611" html="yes" level="INFO">&lt;/td&gt;&lt;/tr&gt;&lt;tr&gt;&lt;td colspan="3"&gt;&lt;a href="selenium-screenshot-27.png"&gt;&lt;img src="selenium-screenshot-27.png" width="800px"&gt;&lt;/a&gt;</msg>
<msg timestamp="20170627 16:46:54.611" level="TRACE">Return: 'D:\\Source\\Repos\\Ubidy_EmployerAutomationSuite\\results\\selenium-screenshot-27.png'</msg>
<status status="PASS" endtime="20170627 16:46:54.611" starttime="20170627 16:46:54.345"></status>
</kw>
<msg timestamp="20170627 16:46:54.611" level="TRACE">Return: 'D:\\Source\\Repos\\Ubidy_EmployerAutomationSuite\\results\\selenium-screenshot-27.png'</msg>
<status status="PASS" endtime="20170627 16:46:54.611" starttime="20170627 16:46:54.345"></status>
</kw>
<tags>
<tag>skip</tag>
</tags>
<status status="FAIL" endtime="20170627 16:46:54.612" critical="yes" starttime="20170627 16:46:48.998">Element '//*[@type="button"]/span[text()='Edit']' did not appear in 5 seconds</status>
</test>
<test id="s1-s4-t3" name="Create profile office address">
<kw name="Create address">
<msg timestamp="20170627 16:46:54.615" level="TRACE">Arguments: [  ]</msg>
<kw name="Set Selenium Implicit Wait" library="Selenium2Library">
<doc>Sets Selenium 2's default implicit wait in seconds and</doc>
<arguments>
<arg>2</arg>
</arguments>
<msg timestamp="20170627 16:46:54.616" level="TRACE">Arguments: [ '2' ]</msg>
<msg timestamp="20170627 16:46:54.616" level="DEBUG">POST http://127.0.0.1:64606/session/dc45a823c9a7696206cd8c9ac47159af/timeouts/implicit_wait {"sessionId": "dc45a823c9a7696206cd8c9ac47159af", "ms": 2000.0}</msg>
<msg timestamp="20170627 16:46:54.617" level="DEBUG">Finished Request</msg>
<msg timestamp="20170627 16:46:54.618" level="TRACE">Return: b'5 seconds'</msg>
<status status="PASS" endtime="20170627 16:46:54.618" starttime="20170627 16:46:54.615"></status>
</kw>
<kw name="Set Selenium Timeout" library="Selenium2Library">
<doc>Sets the timeout in seconds used by various keywords.</doc>
<arguments>
<arg>2</arg>
</arguments>
<msg timestamp="20170627 16:46:54.618" level="TRACE">Arguments: [ '2' ]</msg>
<msg timestamp="20170627 16:46:54.618" level="DEBUG">POST http://127.0.0.1:64606/session/dc45a823c9a7696206cd8c9ac47159af/timeouts/async_script {"sessionId": "dc45a823c9a7696206cd8c9ac47159af", "ms": 2000.0}</msg>
<msg timestamp="20170627 16:46:54.620" level="DEBUG">Finished Request</msg>
<msg timestamp="20170627 16:46:54.621" level="TRACE">Return: b'5 seconds'</msg>
<status status="PASS" endtime="20170627 16:46:54.621" starttime="20170627 16:46:54.618"></status>
</kw>
<kw name="Click Element" library="Selenium2Library">
<doc>Click element identified by `locator`.</doc>
<arguments>
<arg>${Addresses.Left.Menu.Link}</arg>
</arguments>
<msg timestamp="20170627 16:46:54.622" level="TRACE">Arguments: [ '//li[@class="ant-menu-item"]/a[text()[contains(.,"Addresses")]]' ]</msg>
<msg timestamp="20170627 16:46:54.622" level="INFO">Clicking element '//li[@class="ant-menu-item"]/a[text()[contains(.,"Addresses")]]'.</msg>
<msg timestamp="20170627 16:46:54.622" level="DEBUG">POST http://127.0.0.1:64606/session/dc45a823c9a7696206cd8c9ac47159af/elements {"using": "xpath", "sessionId": "dc45a823c9a7696206cd8c9ac47159af", "value": "//li[@class=\"ant-menu-item\"]/a[text()[contains(.,\"Addresses\")]]"}</msg>
<msg timestamp="20170627 16:46:56.648" level="DEBUG">Finished Request</msg>
<kw name="Capture Page Screenshot" library="Selenium2Library">
<doc>Takes a screenshot of the current page and embeds it into the log.</doc>
<msg timestamp="20170627 16:46:56.649" level="TRACE">Arguments: [  ]</msg>
<msg timestamp="20170627 16:46:56.654" level="DEBUG">GET http://127.0.0.1:64606/session/dc45a823c9a7696206cd8c9ac47159af/screenshot {"sessionId": "dc45a823c9a7696206cd8c9ac47159af"}</msg>
<msg timestamp="20170627 16:46:56.924" level="DEBUG">Finished Request</msg>
<msg timestamp="20170627 16:46:56.927" html="yes" level="INFO">&lt;/td&gt;&lt;/tr&gt;&lt;tr&gt;&lt;td colspan="3"&gt;&lt;a href="selenium-screenshot-28.png"&gt;&lt;img src="selenium-screenshot-28.png" width="800px"&gt;&lt;/a&gt;</msg>
<msg timestamp="20170627 16:46:56.927" level="TRACE">Return: 'D:\\Source\\Repos\\Ubidy_EmployerAutomationSuite\\results\\selenium-screenshot-28.png'</msg>
<status status="PASS" endtime="20170627 16:46:56.927" starttime="20170627 16:46:56.649"></status>
</kw>
<msg timestamp="20170627 16:46:56.927" level="FAIL">ValueError: Element locator '//li[@class="ant-menu-item"]/a[text()[contains(.,"Addresses")]]' did not match any elements.</msg>
<msg timestamp="20170627 16:46:56.927" level="DEBUG">Traceback (most recent call last):
  File "&lt;decorator-gen-46&gt;", line 2, in click_element
  File "C:\Python27\lib\site-packages\robotframework_selenium2library-1.8.0-py2.7.egg\Selenium2Library\keywords\keywordgroup.py", line 15, in _run_on_failure_decorator
    return method(*args, **kwargs)
  File "C:\Python27\lib\site-packages\robotframework_selenium2library-1.8.0-py2.7.egg\Selenium2Library\keywords\_element.py", line 354, in click_element
    self._element_find(locator, True, True).click()
  File "C:\Python27\lib\site-packages\robotframework_selenium2library-1.8.0-py2.7.egg\Selenium2Library\keywords\_element.py", line 690, in _element_find
    raise ValueError("Element locator '" + locator + "' did not match any elements.")</msg>
<status status="FAIL" endtime="20170627 16:46:56.927" starttime="20170627 16:46:54.621"></status>
</kw>
<status status="FAIL" endtime="20170627 16:46:56.928" starttime="20170627 16:46:54.615"></status>
</kw>
<kw type="teardown" name="Run Keyword If Test Failed" library="BuiltIn">
<doc>Runs the given keyword with the given arguments, if the test failed.</doc>
<arguments>
<arg>Capture Page Screenshot</arg>
</arguments>
<msg timestamp="20170627 16:46:56.928" level="TRACE">Arguments: [ 'Capture Page Screenshot' ]</msg>
<kw name="Capture Page Screenshot" library="Selenium2Library">
<doc>Takes a screenshot of the current page and embeds it into the log.</doc>
<msg timestamp="20170627 16:46:56.929" level="TRACE">Arguments: [  ]</msg>
<msg timestamp="20170627 16:46:56.934" level="DEBUG">GET http://127.0.0.1:64606/session/dc45a823c9a7696206cd8c9ac47159af/screenshot {"sessionId": "dc45a823c9a7696206cd8c9ac47159af"}</msg>
<msg timestamp="20170627 16:46:57.209" level="DEBUG">Finished Request</msg>
<msg timestamp="20170627 16:46:57.212" html="yes" level="INFO">&lt;/td&gt;&lt;/tr&gt;&lt;tr&gt;&lt;td colspan="3"&gt;&lt;a href="selenium-screenshot-29.png"&gt;&lt;img src="selenium-screenshot-29.png" width="800px"&gt;&lt;/a&gt;</msg>
<msg timestamp="20170627 16:46:57.212" level="TRACE">Return: 'D:\\Source\\Repos\\Ubidy_EmployerAutomationSuite\\results\\selenium-screenshot-29.png'</msg>
<status status="PASS" endtime="20170627 16:46:57.212" starttime="20170627 16:46:56.929"></status>
</kw>
<msg timestamp="20170627 16:46:57.212" level="TRACE">Return: 'D:\\Source\\Repos\\Ubidy_EmployerAutomationSuite\\results\\selenium-screenshot-29.png'</msg>
<status status="PASS" endtime="20170627 16:46:57.212" starttime="20170627 16:46:56.928"></status>
</kw>
<tags>
<tag>skip</tag>
</tags>
<status status="FAIL" endtime="20170627 16:46:57.212" critical="yes" starttime="20170627 16:46:54.614">ValueError: Element locator '//li[@class="ant-menu-item"]/a[text()[contains(.,"Addresses")]]' did not match any elements.</status>
</test>
<test id="s1-s4-t4" name="Create profile region">
<kw name="Create regions">
<msg timestamp="20170627 16:46:57.216" level="TRACE">Arguments: [  ]</msg>
<kw name="Set Selenium Implicit Wait" library="Selenium2Library">
<doc>Sets Selenium 2's default implicit wait in seconds and</doc>
<arguments>
<arg>2</arg>
</arguments>
<msg timestamp="20170627 16:46:57.217" level="TRACE">Arguments: [ '2' ]</msg>
<msg timestamp="20170627 16:46:57.217" level="DEBUG">POST http://127.0.0.1:64606/session/dc45a823c9a7696206cd8c9ac47159af/timeouts/implicit_wait {"sessionId": "dc45a823c9a7696206cd8c9ac47159af", "ms": 2000.0}</msg>
<msg timestamp="20170627 16:46:57.218" level="DEBUG">Finished Request</msg>
<msg timestamp="20170627 16:46:57.221" level="TRACE">Return: b'2 seconds'</msg>
<status status="PASS" endtime="20170627 16:46:57.221" starttime="20170627 16:46:57.217"></status>
</kw>
<kw name="Set Selenium Timeout" library="Selenium2Library">
<doc>Sets the timeout in seconds used by various keywords.</doc>
<arguments>
<arg>2</arg>
</arguments>
<msg timestamp="20170627 16:46:57.221" level="TRACE">Arguments: [ '2' ]</msg>
<msg timestamp="20170627 16:46:57.221" level="DEBUG">POST http://127.0.0.1:64606/session/dc45a823c9a7696206cd8c9ac47159af/timeouts/async_script {"sessionId": "dc45a823c9a7696206cd8c9ac47159af", "ms": 2000.0}</msg>
<msg timestamp="20170627 16:46:57.223" level="DEBUG">Finished Request</msg>
<msg timestamp="20170627 16:46:57.225" level="TRACE">Return: b'2 seconds'</msg>
<status status="PASS" endtime="20170627 16:46:57.225" starttime="20170627 16:46:57.221"></status>
</kw>
<kw name="Click Element" library="Selenium2Library">
<doc>Click element identified by `locator`.</doc>
<arguments>
<arg>${Profile.Continue.Button}</arg>
</arguments>
<msg timestamp="20170627 16:46:57.226" level="TRACE">Arguments: [ '//*[@type="button"]/span[text()[contains(.,\'Continue\')]]' ]</msg>
<msg timestamp="20170627 16:46:57.226" level="INFO">Clicking element '//*[@type="button"]/span[text()[contains(.,'Continue')]]'.</msg>
<msg timestamp="20170627 16:46:57.226" level="DEBUG">POST http://127.0.0.1:64606/session/dc45a823c9a7696206cd8c9ac47159af/elements {"using": "xpath", "sessionId": "dc45a823c9a7696206cd8c9ac47159af", "value": "//*[@type=\"button\"]/span[text()[contains(.,'Continue')]]"}</msg>
<msg timestamp="20170627 16:46:59.241" level="DEBUG">Finished Request</msg>
<kw name="Capture Page Screenshot" library="Selenium2Library">
<doc>Takes a screenshot of the current page and embeds it into the log.</doc>
<msg timestamp="20170627 16:46:59.244" level="TRACE">Arguments: [  ]</msg>
<msg timestamp="20170627 16:46:59.261" level="DEBUG">GET http://127.0.0.1:64606/session/dc45a823c9a7696206cd8c9ac47159af/screenshot {"sessionId": "dc45a823c9a7696206cd8c9ac47159af"}</msg>
<msg timestamp="20170627 16:46:59.523" level="DEBUG">Finished Request</msg>
<msg timestamp="20170627 16:46:59.526" html="yes" level="INFO">&lt;/td&gt;&lt;/tr&gt;&lt;tr&gt;&lt;td colspan="3"&gt;&lt;a href="selenium-screenshot-30.png"&gt;&lt;img src="selenium-screenshot-30.png" width="800px"&gt;&lt;/a&gt;</msg>
<msg timestamp="20170627 16:46:59.527" level="TRACE">Return: 'D:\\Source\\Repos\\Ubidy_EmployerAutomationSuite\\results\\selenium-screenshot-30.png'</msg>
<status status="PASS" endtime="20170627 16:46:59.527" starttime="20170627 16:46:59.243"></status>
</kw>
<msg timestamp="20170627 16:46:59.527" level="FAIL">ValueError: Element locator '//*[@type="button"]/span[text()[contains(.,'Continue')]]' did not match any elements.</msg>
<msg timestamp="20170627 16:46:59.527" level="DEBUG">Traceback (most recent call last):
  File "&lt;decorator-gen-46&gt;", line 2, in click_element
  File "C:\Python27\lib\site-packages\robotframework_selenium2library-1.8.0-py2.7.egg\Selenium2Library\keywords\keywordgroup.py", line 15, in _run_on_failure_decorator
    return method(*args, **kwargs)
  File "C:\Python27\lib\site-packages\robotframework_selenium2library-1.8.0-py2.7.egg\Selenium2Library\keywords\_element.py", line 354, in click_element
    self._element_find(locator, True, True).click()
  File "C:\Python27\lib\site-packages\robotframework_selenium2library-1.8.0-py2.7.egg\Selenium2Library\keywords\_element.py", line 690, in _element_find
    raise ValueError("Element locator '" + locator + "' did not match any elements.")</msg>
<status status="FAIL" endtime="20170627 16:46:59.527" starttime="20170627 16:46:57.225"></status>
</kw>
<status status="FAIL" endtime="20170627 16:46:59.527" starttime="20170627 16:46:57.216"></status>
</kw>
<kw type="teardown" name="Run Keyword If Test Failed" library="BuiltIn">
<doc>Runs the given keyword with the given arguments, if the test failed.</doc>
<arguments>
<arg>Capture Page Screenshot</arg>
</arguments>
<msg timestamp="20170627 16:46:59.529" level="TRACE">Arguments: [ 'Capture Page Screenshot' ]</msg>
<kw name="Capture Page Screenshot" library="Selenium2Library">
<doc>Takes a screenshot of the current page and embeds it into the log.</doc>
<msg timestamp="20170627 16:46:59.529" level="TRACE">Arguments: [  ]</msg>
<msg timestamp="20170627 16:46:59.535" level="DEBUG">GET http://127.0.0.1:64606/session/dc45a823c9a7696206cd8c9ac47159af/screenshot {"sessionId": "dc45a823c9a7696206cd8c9ac47159af"}</msg>
<msg timestamp="20170627 16:46:59.807" level="DEBUG">Finished Request</msg>
<msg timestamp="20170627 16:46:59.810" html="yes" level="INFO">&lt;/td&gt;&lt;/tr&gt;&lt;tr&gt;&lt;td colspan="3"&gt;&lt;a href="selenium-screenshot-31.png"&gt;&lt;img src="selenium-screenshot-31.png" width="800px"&gt;&lt;/a&gt;</msg>
<msg timestamp="20170627 16:46:59.810" level="TRACE">Return: 'D:\\Source\\Repos\\Ubidy_EmployerAutomationSuite\\results\\selenium-screenshot-31.png'</msg>
<status status="PASS" endtime="20170627 16:46:59.810" starttime="20170627 16:46:59.529"></status>
</kw>
<msg timestamp="20170627 16:46:59.810" level="TRACE">Return: 'D:\\Source\\Repos\\Ubidy_EmployerAutomationSuite\\results\\selenium-screenshot-31.png'</msg>
<status status="PASS" endtime="20170627 16:46:59.810" starttime="20170627 16:46:59.528"></status>
</kw>
<tags>
<tag>skip</tag>
</tags>
<status status="FAIL" endtime="20170627 16:46:59.811" critical="yes" starttime="20170627 16:46:57.216">ValueError: Element locator '//*[@type="button"]/span[text()[contains(.,'Continue')]]' did not match any elements.</status>
</test>
<test id="s1-s4-t5" name="Create profile industry">
<kw name="Create industries">
<msg timestamp="20170627 16:46:59.814" level="TRACE">Arguments: [  ]</msg>
<kw name="Set Selenium Implicit Wait" library="Selenium2Library">
<doc>Sets Selenium 2's default implicit wait in seconds and</doc>
<arguments>
<arg>2</arg>
</arguments>
<msg timestamp="20170627 16:46:59.815" level="TRACE">Arguments: [ '2' ]</msg>
<msg timestamp="20170627 16:46:59.815" level="DEBUG">POST http://127.0.0.1:64606/session/dc45a823c9a7696206cd8c9ac47159af/timeouts/implicit_wait {"sessionId": "dc45a823c9a7696206cd8c9ac47159af", "ms": 2000.0}</msg>
<msg timestamp="20170627 16:46:59.816" level="DEBUG">Finished Request</msg>
<msg timestamp="20170627 16:46:59.817" level="TRACE">Return: b'2 seconds'</msg>
<status status="PASS" endtime="20170627 16:46:59.817" starttime="20170627 16:46:59.815"></status>
</kw>
<kw name="Set Selenium Timeout" library="Selenium2Library">
<doc>Sets the timeout in seconds used by various keywords.</doc>
<arguments>
<arg>2</arg>
</arguments>
<msg timestamp="20170627 16:46:59.817" level="TRACE">Arguments: [ '2' ]</msg>
<msg timestamp="20170627 16:46:59.818" level="DEBUG">POST http://127.0.0.1:64606/session/dc45a823c9a7696206cd8c9ac47159af/timeouts/async_script {"sessionId": "dc45a823c9a7696206cd8c9ac47159af", "ms": 2000.0}</msg>
<msg timestamp="20170627 16:46:59.819" level="DEBUG">Finished Request</msg>
<msg timestamp="20170627 16:46:59.820" level="TRACE">Return: b'2 seconds'</msg>
<status status="PASS" endtime="20170627 16:46:59.820" starttime="20170627 16:46:59.817"></status>
</kw>
<kw name="Click Element" library="Selenium2Library">
<doc>Click element identified by `locator`.</doc>
<arguments>
<arg>${Profile.Continue.Button}</arg>
</arguments>
<msg timestamp="20170627 16:46:59.820" level="TRACE">Arguments: [ '//*[@type="button"]/span[text()[contains(.,\'Continue\')]]' ]</msg>
<msg timestamp="20170627 16:46:59.820" level="INFO">Clicking element '//*[@type="button"]/span[text()[contains(.,'Continue')]]'.</msg>
<msg timestamp="20170627 16:46:59.820" level="DEBUG">POST http://127.0.0.1:64606/session/dc45a823c9a7696206cd8c9ac47159af/elements {"using": "xpath", "sessionId": "dc45a823c9a7696206cd8c9ac47159af", "value": "//*[@type=\"button\"]/span[text()[contains(.,'Continue')]]"}</msg>
<msg timestamp="20170627 16:47:01.862" level="DEBUG">Finished Request</msg>
<kw name="Capture Page Screenshot" library="Selenium2Library">
<doc>Takes a screenshot of the current page and embeds it into the log.</doc>
<msg timestamp="20170627 16:47:01.864" level="TRACE">Arguments: [  ]</msg>
<msg timestamp="20170627 16:47:01.880" level="DEBUG">GET http://127.0.0.1:64606/session/dc45a823c9a7696206cd8c9ac47159af/screenshot {"sessionId": "dc45a823c9a7696206cd8c9ac47159af"}</msg>
<msg timestamp="20170627 16:47:02.141" level="DEBUG">Finished Request</msg>
<msg timestamp="20170627 16:47:02.143" html="yes" level="INFO">&lt;/td&gt;&lt;/tr&gt;&lt;tr&gt;&lt;td colspan="3"&gt;&lt;a href="selenium-screenshot-32.png"&gt;&lt;img src="selenium-screenshot-32.png" width="800px"&gt;&lt;/a&gt;</msg>
<msg timestamp="20170627 16:47:02.144" level="TRACE">Return: 'D:\\Source\\Repos\\Ubidy_EmployerAutomationSuite\\results\\selenium-screenshot-32.png'</msg>
<status status="PASS" endtime="20170627 16:47:02.144" starttime="20170627 16:47:01.863"></status>
</kw>
<msg timestamp="20170627 16:47:02.144" level="FAIL">ValueError: Element locator '//*[@type="button"]/span[text()[contains(.,'Continue')]]' did not match any elements.</msg>
<msg timestamp="20170627 16:47:02.144" level="DEBUG">Traceback (most recent call last):
  File "&lt;decorator-gen-46&gt;", line 2, in click_element
  File "C:\Python27\lib\site-packages\robotframework_selenium2library-1.8.0-py2.7.egg\Selenium2Library\keywords\keywordgroup.py", line 15, in _run_on_failure_decorator
    return method(*args, **kwargs)
  File "C:\Python27\lib\site-packages\robotframework_selenium2library-1.8.0-py2.7.egg\Selenium2Library\keywords\_element.py", line 354, in click_element
    self._element_find(locator, True, True).click()
  File "C:\Python27\lib\site-packages\robotframework_selenium2library-1.8.0-py2.7.egg\Selenium2Library\keywords\_element.py", line 690, in _element_find
    raise ValueError("Element locator '" + locator + "' did not match any elements.")</msg>
<status status="FAIL" endtime="20170627 16:47:02.144" starttime="20170627 16:46:59.820"></status>
</kw>
<status status="FAIL" endtime="20170627 16:47:02.145" starttime="20170627 16:46:59.814"></status>
</kw>
<kw type="teardown" name="Run Keyword If Test Failed" library="BuiltIn">
<doc>Runs the given keyword with the given arguments, if the test failed.</doc>
<arguments>
<arg>Capture Page Screenshot</arg>
</arguments>
<msg timestamp="20170627 16:47:02.146" level="TRACE">Arguments: [ 'Capture Page Screenshot' ]</msg>
<kw name="Capture Page Screenshot" library="Selenium2Library">
<doc>Takes a screenshot of the current page and embeds it into the log.</doc>
<msg timestamp="20170627 16:47:02.146" level="TRACE">Arguments: [  ]</msg>
<msg timestamp="20170627 16:47:02.152" level="DEBUG">GET http://127.0.0.1:64606/session/dc45a823c9a7696206cd8c9ac47159af/screenshot {"sessionId": "dc45a823c9a7696206cd8c9ac47159af"}</msg>
<msg timestamp="20170627 16:47:02.448" level="DEBUG">Finished Request</msg>
<msg timestamp="20170627 16:47:02.450" html="yes" level="INFO">&lt;/td&gt;&lt;/tr&gt;&lt;tr&gt;&lt;td colspan="3"&gt;&lt;a href="selenium-screenshot-33.png"&gt;&lt;img src="selenium-screenshot-33.png" width="800px"&gt;&lt;/a&gt;</msg>
<msg timestamp="20170627 16:47:02.451" level="TRACE">Return: 'D:\\Source\\Repos\\Ubidy_EmployerAutomationSuite\\results\\selenium-screenshot-33.png'</msg>
<status status="PASS" endtime="20170627 16:47:02.451" starttime="20170627 16:47:02.146"></status>
</kw>
<msg timestamp="20170627 16:47:02.451" level="TRACE">Return: 'D:\\Source\\Repos\\Ubidy_EmployerAutomationSuite\\results\\selenium-screenshot-33.png'</msg>
<status status="PASS" endtime="20170627 16:47:02.451" starttime="20170627 16:47:02.146"></status>
</kw>
<tags>
<tag>skip</tag>
</tags>
<status status="FAIL" endtime="20170627 16:47:02.452" critical="yes" starttime="20170627 16:46:59.814">ValueError: Element locator '//*[@type="button"]/span[text()[contains(.,'Continue')]]' did not match any elements.</status>
</test>
<test id="s1-s4-t6" name="Create profile supplier history">
<kw name="Create supplier history">
<msg timestamp="20170627 16:47:02.455" level="TRACE">Arguments: [  ]</msg>
<kw name="Set Selenium Implicit Wait" library="Selenium2Library">
<doc>Sets Selenium 2's default implicit wait in seconds and</doc>
<arguments>
<arg>2</arg>
</arguments>
<msg timestamp="20170627 16:47:02.455" level="TRACE">Arguments: [ '2' ]</msg>
<msg timestamp="20170627 16:47:02.456" level="DEBUG">POST http://127.0.0.1:64606/session/dc45a823c9a7696206cd8c9ac47159af/timeouts/implicit_wait {"sessionId": "dc45a823c9a7696206cd8c9ac47159af", "ms": 2000.0}</msg>
<msg timestamp="20170627 16:47:02.457" level="DEBUG">Finished Request</msg>
<msg timestamp="20170627 16:47:02.459" level="TRACE">Return: b'2 seconds'</msg>
<status status="PASS" endtime="20170627 16:47:02.459" starttime="20170627 16:47:02.455"></status>
</kw>
<kw name="Set Selenium Timeout" library="Selenium2Library">
<doc>Sets the timeout in seconds used by various keywords.</doc>
<arguments>
<arg>2</arg>
</arguments>
<msg timestamp="20170627 16:47:02.459" level="TRACE">Arguments: [ '2' ]</msg>
<msg timestamp="20170627 16:47:02.459" level="DEBUG">POST http://127.0.0.1:64606/session/dc45a823c9a7696206cd8c9ac47159af/timeouts/async_script {"sessionId": "dc45a823c9a7696206cd8c9ac47159af", "ms": 2000.0}</msg>
<msg timestamp="20170627 16:47:02.461" level="DEBUG">Finished Request</msg>
<msg timestamp="20170627 16:47:02.462" level="TRACE">Return: b'2 seconds'</msg>
<status status="PASS" endtime="20170627 16:47:02.462" starttime="20170627 16:47:02.459"></status>
</kw>
<kw name="Click Element" library="Selenium2Library">
<doc>Click element identified by `locator`.</doc>
<arguments>
<arg>${Profile.Continue.Button}</arg>
</arguments>
<msg timestamp="20170627 16:47:02.462" level="TRACE">Arguments: [ '//*[@type="button"]/span[text()[contains(.,\'Continue\')]]' ]</msg>
<msg timestamp="20170627 16:47:02.462" level="INFO">Clicking element '//*[@type="button"]/span[text()[contains(.,'Continue')]]'.</msg>
<msg timestamp="20170627 16:47:02.462" level="DEBUG">POST http://127.0.0.1:64606/session/dc45a823c9a7696206cd8c9ac47159af/elements {"using": "xpath", "sessionId": "dc45a823c9a7696206cd8c9ac47159af", "value": "//*[@type=\"button\"]/span[text()[contains(.,'Continue')]]"}</msg>
<msg timestamp="20170627 16:47:04.508" level="DEBUG">Finished Request</msg>
<kw name="Capture Page Screenshot" library="Selenium2Library">
<doc>Takes a screenshot of the current page and embeds it into the log.</doc>
<msg timestamp="20170627 16:47:04.511" level="TRACE">Arguments: [  ]</msg>
<msg timestamp="20170627 16:47:04.528" level="DEBUG">GET http://127.0.0.1:64606/session/dc45a823c9a7696206cd8c9ac47159af/screenshot {"sessionId": "dc45a823c9a7696206cd8c9ac47159af"}</msg>
<msg timestamp="20170627 16:47:04.790" level="DEBUG">Finished Request</msg>
<msg timestamp="20170627 16:47:04.794" html="yes" level="INFO">&lt;/td&gt;&lt;/tr&gt;&lt;tr&gt;&lt;td colspan="3"&gt;&lt;a href="selenium-screenshot-34.png"&gt;&lt;img src="selenium-screenshot-34.png" width="800px"&gt;&lt;/a&gt;</msg>
<msg timestamp="20170627 16:47:04.794" level="TRACE">Return: 'D:\\Source\\Repos\\Ubidy_EmployerAutomationSuite\\results\\selenium-screenshot-34.png'</msg>
<status status="PASS" endtime="20170627 16:47:04.794" starttime="20170627 16:47:04.510"></status>
</kw>
<msg timestamp="20170627 16:47:04.795" level="FAIL">ValueError: Element locator '//*[@type="button"]/span[text()[contains(.,'Continue')]]' did not match any elements.</msg>
<msg timestamp="20170627 16:47:04.795" level="DEBUG">Traceback (most recent call last):
  File "&lt;decorator-gen-46&gt;", line 2, in click_element
  File "C:\Python27\lib\site-packages\robotframework_selenium2library-1.8.0-py2.7.egg\Selenium2Library\keywords\keywordgroup.py", line 15, in _run_on_failure_decorator
    return method(*args, **kwargs)
  File "C:\Python27\lib\site-packages\robotframework_selenium2library-1.8.0-py2.7.egg\Selenium2Library\keywords\_element.py", line 354, in click_element
    self._element_find(locator, True, True).click()
  File "C:\Python27\lib\site-packages\robotframework_selenium2library-1.8.0-py2.7.egg\Selenium2Library\keywords\_element.py", line 690, in _element_find
    raise ValueError("Element locator '" + locator + "' did not match any elements.")</msg>
<status status="FAIL" endtime="20170627 16:47:04.795" starttime="20170627 16:47:02.462"></status>
</kw>
<status status="FAIL" endtime="20170627 16:47:04.795" starttime="20170627 16:47:02.455"></status>
</kw>
<kw type="teardown" name="Run Keyword If Test Failed" library="BuiltIn">
<doc>Runs the given keyword with the given arguments, if the test failed.</doc>
<arguments>
<arg>Capture Page Screenshot</arg>
</arguments>
<msg timestamp="20170627 16:47:04.796" level="TRACE">Arguments: [ 'Capture Page Screenshot' ]</msg>
<kw name="Capture Page Screenshot" library="Selenium2Library">
<doc>Takes a screenshot of the current page and embeds it into the log.</doc>
<msg timestamp="20170627 16:47:04.796" level="TRACE">Arguments: [  ]</msg>
<msg timestamp="20170627 16:47:04.802" level="DEBUG">GET http://127.0.0.1:64606/session/dc45a823c9a7696206cd8c9ac47159af/screenshot {"sessionId": "dc45a823c9a7696206cd8c9ac47159af"}</msg>
<msg timestamp="20170627 16:47:05.071" level="DEBUG">Finished Request</msg>
<msg timestamp="20170627 16:47:05.073" html="yes" level="INFO">&lt;/td&gt;&lt;/tr&gt;&lt;tr&gt;&lt;td colspan="3"&gt;&lt;a href="selenium-screenshot-35.png"&gt;&lt;img src="selenium-screenshot-35.png" width="800px"&gt;&lt;/a&gt;</msg>
<msg timestamp="20170627 16:47:05.073" level="TRACE">Return: 'D:\\Source\\Repos\\Ubidy_EmployerAutomationSuite\\results\\selenium-screenshot-35.png'</msg>
<status status="PASS" endtime="20170627 16:47:05.073" starttime="20170627 16:47:04.796"></status>
</kw>
<msg timestamp="20170627 16:47:05.073" level="TRACE">Return: 'D:\\Source\\Repos\\Ubidy_EmployerAutomationSuite\\results\\selenium-screenshot-35.png'</msg>
<status status="PASS" endtime="20170627 16:47:05.073" starttime="20170627 16:47:04.796"></status>
</kw>
<tags>
<tag>skip</tag>
</tags>
<status status="FAIL" endtime="20170627 16:47:05.074" critical="yes" starttime="20170627 16:47:02.454">ValueError: Element locator '//*[@type="button"]/span[text()[contains(.,'Continue')]]' did not match any elements.</status>
</test>
<test id="s1-s4-t7" name="Create profile testimonials">
<kw name="Create testimonials">
<msg timestamp="20170627 16:47:05.077" level="TRACE">Arguments: [  ]</msg>
<kw name="Set Selenium Implicit Wait" library="Selenium2Library">
<doc>Sets Selenium 2's default implicit wait in seconds and</doc>
<arguments>
<arg>2</arg>
</arguments>
<msg timestamp="20170627 16:47:05.078" level="TRACE">Arguments: [ '2' ]</msg>
<msg timestamp="20170627 16:47:05.078" level="DEBUG">POST http://127.0.0.1:64606/session/dc45a823c9a7696206cd8c9ac47159af/timeouts/implicit_wait {"sessionId": "dc45a823c9a7696206cd8c9ac47159af", "ms": 2000.0}</msg>
<msg timestamp="20170627 16:47:05.080" level="DEBUG">Finished Request</msg>
<msg timestamp="20170627 16:47:05.081" level="TRACE">Return: b'2 seconds'</msg>
<status status="PASS" endtime="20170627 16:47:05.081" starttime="20170627 16:47:05.078"></status>
</kw>
<kw name="Set Selenium Timeout" library="Selenium2Library">
<doc>Sets the timeout in seconds used by various keywords.</doc>
<arguments>
<arg>2</arg>
</arguments>
<msg timestamp="20170627 16:47:05.081" level="TRACE">Arguments: [ '2' ]</msg>
<msg timestamp="20170627 16:47:05.082" level="DEBUG">POST http://127.0.0.1:64606/session/dc45a823c9a7696206cd8c9ac47159af/timeouts/async_script {"sessionId": "dc45a823c9a7696206cd8c9ac47159af", "ms": 2000.0}</msg>
<msg timestamp="20170627 16:47:05.085" level="DEBUG">Finished Request</msg>
<msg timestamp="20170627 16:47:05.086" level="TRACE">Return: b'2 seconds'</msg>
<status status="PASS" endtime="20170627 16:47:05.086" starttime="20170627 16:47:05.081"></status>
</kw>
<kw name="Click Element" library="Selenium2Library">
<doc>Click element identified by `locator`.</doc>
<arguments>
<arg>${Profile.Continue.Button}</arg>
</arguments>
<msg timestamp="20170627 16:47:05.087" level="TRACE">Arguments: [ '//*[@type="button"]/span[text()[contains(.,\'Continue\')]]' ]</msg>
<msg timestamp="20170627 16:47:05.087" level="INFO">Clicking element '//*[@type="button"]/span[text()[contains(.,'Continue')]]'.</msg>
<msg timestamp="20170627 16:47:05.087" level="DEBUG">POST http://127.0.0.1:64606/session/dc45a823c9a7696206cd8c9ac47159af/elements {"using": "xpath", "sessionId": "dc45a823c9a7696206cd8c9ac47159af", "value": "//*[@type=\"button\"]/span[text()[contains(.,'Continue')]]"}</msg>
<msg timestamp="20170627 16:47:07.144" level="DEBUG">Finished Request</msg>
<kw name="Capture Page Screenshot" library="Selenium2Library">
<doc>Takes a screenshot of the current page and embeds it into the log.</doc>
<msg timestamp="20170627 16:47:07.146" level="TRACE">Arguments: [  ]</msg>
<msg timestamp="20170627 16:47:07.152" level="DEBUG">GET http://127.0.0.1:64606/session/dc45a823c9a7696206cd8c9ac47159af/screenshot {"sessionId": "dc45a823c9a7696206cd8c9ac47159af"}</msg>
<msg timestamp="20170627 16:47:07.421" level="DEBUG">Finished Request</msg>
<msg timestamp="20170627 16:47:07.424" html="yes" level="INFO">&lt;/td&gt;&lt;/tr&gt;&lt;tr&gt;&lt;td colspan="3"&gt;&lt;a href="selenium-screenshot-36.png"&gt;&lt;img src="selenium-screenshot-36.png" width="800px"&gt;&lt;/a&gt;</msg>
<msg timestamp="20170627 16:47:07.424" level="TRACE">Return: 'D:\\Source\\Repos\\Ubidy_EmployerAutomationSuite\\results\\selenium-screenshot-36.png'</msg>
<status status="PASS" endtime="20170627 16:47:07.424" starttime="20170627 16:47:07.145"></status>
</kw>
<msg timestamp="20170627 16:47:07.425" level="FAIL">ValueError: Element locator '//*[@type="button"]/span[text()[contains(.,'Continue')]]' did not match any elements.</msg>
<msg timestamp="20170627 16:47:07.425" level="DEBUG">Traceback (most recent call last):
  File "&lt;decorator-gen-46&gt;", line 2, in click_element
  File "C:\Python27\lib\site-packages\robotframework_selenium2library-1.8.0-py2.7.egg\Selenium2Library\keywords\keywordgroup.py", line 15, in _run_on_failure_decorator
    return method(*args, **kwargs)
  File "C:\Python27\lib\site-packages\robotframework_selenium2library-1.8.0-py2.7.egg\Selenium2Library\keywords\_element.py", line 354, in click_element
    self._element_find(locator, True, True).click()
  File "C:\Python27\lib\site-packages\robotframework_selenium2library-1.8.0-py2.7.egg\Selenium2Library\keywords\_element.py", line 690, in _element_find
    raise ValueError("Element locator '" + locator + "' did not match any elements.")</msg>
<status status="FAIL" endtime="20170627 16:47:07.425" starttime="20170627 16:47:05.086"></status>
</kw>
<status status="FAIL" endtime="20170627 16:47:07.425" starttime="20170627 16:47:05.077"></status>
</kw>
<kw type="teardown" name="Run Keyword If Test Failed" library="BuiltIn">
<doc>Runs the given keyword with the given arguments, if the test failed.</doc>
<arguments>
<arg>Capture Page Screenshot</arg>
</arguments>
<msg timestamp="20170627 16:47:07.426" level="TRACE">Arguments: [ 'Capture Page Screenshot' ]</msg>
<kw name="Capture Page Screenshot" library="Selenium2Library">
<doc>Takes a screenshot of the current page and embeds it into the log.</doc>
<msg timestamp="20170627 16:47:07.426" level="TRACE">Arguments: [  ]</msg>
<msg timestamp="20170627 16:47:07.432" level="DEBUG">GET http://127.0.0.1:64606/session/dc45a823c9a7696206cd8c9ac47159af/screenshot {"sessionId": "dc45a823c9a7696206cd8c9ac47159af"}</msg>
<msg timestamp="20170627 16:47:07.690" level="DEBUG">Finished Request</msg>
<msg timestamp="20170627 16:47:07.693" html="yes" level="INFO">&lt;/td&gt;&lt;/tr&gt;&lt;tr&gt;&lt;td colspan="3"&gt;&lt;a href="selenium-screenshot-37.png"&gt;&lt;img src="selenium-screenshot-37.png" width="800px"&gt;&lt;/a&gt;</msg>
<msg timestamp="20170627 16:47:07.693" level="TRACE">Return: 'D:\\Source\\Repos\\Ubidy_EmployerAutomationSuite\\results\\selenium-screenshot-37.png'</msg>
<status status="PASS" endtime="20170627 16:47:07.694" starttime="20170627 16:47:07.426"></status>
</kw>
<msg timestamp="20170627 16:47:07.694" level="TRACE">Return: 'D:\\Source\\Repos\\Ubidy_EmployerAutomationSuite\\results\\selenium-screenshot-37.png'</msg>
<status status="PASS" endtime="20170627 16:47:07.694" starttime="20170627 16:47:07.426"></status>
</kw>
<tags>
<tag>skip</tag>
</tags>
<status status="FAIL" endtime="20170627 16:47:07.695" critical="yes" starttime="20170627 16:47:05.077">ValueError: Element locator '//*[@type="button"]/span[text()[contains(.,'Continue')]]' did not match any elements.</status>
</test>
<test id="s1-s4-t8" name="Validate profile preview">
<kw name="Profile preview">
<msg timestamp="20170627 16:47:07.698" level="TRACE">Arguments: [  ]</msg>
<kw name="Set Selenium Implicit Wait" library="Selenium2Library">
<doc>Sets Selenium 2's default implicit wait in seconds and</doc>
<arguments>
<arg>2</arg>
</arguments>
<msg timestamp="20170627 16:47:07.698" level="TRACE">Arguments: [ '2' ]</msg>
<msg timestamp="20170627 16:47:07.698" level="DEBUG">POST http://127.0.0.1:64606/session/dc45a823c9a7696206cd8c9ac47159af/timeouts/implicit_wait {"sessionId": "dc45a823c9a7696206cd8c9ac47159af", "ms": 2000.0}</msg>
<msg timestamp="20170627 16:47:07.700" level="DEBUG">Finished Request</msg>
<msg timestamp="20170627 16:47:07.701" level="TRACE">Return: b'2 seconds'</msg>
<status status="PASS" endtime="20170627 16:47:07.701" starttime="20170627 16:47:07.698"></status>
</kw>
<kw name="Set Selenium Timeout" library="Selenium2Library">
<doc>Sets the timeout in seconds used by various keywords.</doc>
<arguments>
<arg>2</arg>
</arguments>
<msg timestamp="20170627 16:47:07.701" level="TRACE">Arguments: [ '2' ]</msg>
<msg timestamp="20170627 16:47:07.701" level="DEBUG">POST http://127.0.0.1:64606/session/dc45a823c9a7696206cd8c9ac47159af/timeouts/async_script {"sessionId": "dc45a823c9a7696206cd8c9ac47159af", "ms": 2000.0}</msg>
<msg timestamp="20170627 16:47:07.703" level="DEBUG">Finished Request</msg>
<msg timestamp="20170627 16:47:07.704" level="TRACE">Return: b'2 seconds'</msg>
<status status="PASS" endtime="20170627 16:47:07.704" starttime="20170627 16:47:07.701"></status>
</kw>
<kw name="Click Element" library="Selenium2Library">
<doc>Click element identified by `locator`.</doc>
<arguments>
<arg>${Profile.Continue.Button}</arg>
</arguments>
<msg timestamp="20170627 16:47:07.704" level="TRACE">Arguments: [ '//*[@type="button"]/span[text()[contains(.,\'Continue\')]]' ]</msg>
<msg timestamp="20170627 16:47:07.704" level="INFO">Clicking element '//*[@type="button"]/span[text()[contains(.,'Continue')]]'.</msg>
<msg timestamp="20170627 16:47:07.705" level="DEBUG">POST http://127.0.0.1:64606/session/dc45a823c9a7696206cd8c9ac47159af/elements {"using": "xpath", "sessionId": "dc45a823c9a7696206cd8c9ac47159af", "value": "//*[@type=\"button\"]/span[text()[contains(.,'Continue')]]"}</msg>
<msg timestamp="20170627 16:47:09.756" level="DEBUG">Finished Request</msg>
<kw name="Capture Page Screenshot" library="Selenium2Library">
<doc>Takes a screenshot of the current page and embeds it into the log.</doc>
<msg timestamp="20170627 16:47:09.759" level="TRACE">Arguments: [  ]</msg>
<msg timestamp="20170627 16:47:09.774" level="DEBUG">GET http://127.0.0.1:64606/session/dc45a823c9a7696206cd8c9ac47159af/screenshot {"sessionId": "dc45a823c9a7696206cd8c9ac47159af"}</msg>
<msg timestamp="20170627 16:47:10.041" level="DEBUG">Finished Request</msg>
<msg timestamp="20170627 16:47:10.043" html="yes" level="INFO">&lt;/td&gt;&lt;/tr&gt;&lt;tr&gt;&lt;td colspan="3"&gt;&lt;a href="selenium-screenshot-38.png"&gt;&lt;img src="selenium-screenshot-38.png" width="800px"&gt;&lt;/a&gt;</msg>
<msg timestamp="20170627 16:47:10.043" level="TRACE">Return: 'D:\\Source\\Repos\\Ubidy_EmployerAutomationSuite\\results\\selenium-screenshot-38.png'</msg>
<status status="PASS" endtime="20170627 16:47:10.044" starttime="20170627 16:47:09.758"></status>
</kw>
<msg timestamp="20170627 16:47:10.044" level="FAIL">ValueError: Element locator '//*[@type="button"]/span[text()[contains(.,'Continue')]]' did not match any elements.</msg>
<msg timestamp="20170627 16:47:10.044" level="DEBUG">Traceback (most recent call last):
  File "&lt;decorator-gen-46&gt;", line 2, in click_element
  File "C:\Python27\lib\site-packages\robotframework_selenium2library-1.8.0-py2.7.egg\Selenium2Library\keywords\keywordgroup.py", line 15, in _run_on_failure_decorator
    return method(*args, **kwargs)
  File "C:\Python27\lib\site-packages\robotframework_selenium2library-1.8.0-py2.7.egg\Selenium2Library\keywords\_element.py", line 354, in click_element
    self._element_find(locator, True, True).click()
  File "C:\Python27\lib\site-packages\robotframework_selenium2library-1.8.0-py2.7.egg\Selenium2Library\keywords\_element.py", line 690, in _element_find
    raise ValueError("Element locator '" + locator + "' did not match any elements.")</msg>
<status status="FAIL" endtime="20170627 16:47:10.044" starttime="20170627 16:47:07.704"></status>
</kw>
<status status="FAIL" endtime="20170627 16:47:10.044" starttime="20170627 16:47:07.698"></status>
</kw>
<kw type="teardown" name="Run Keyword If Test Failed" library="BuiltIn">
<doc>Runs the given keyword with the given arguments, if the test failed.</doc>
<arguments>
<arg>Capture Page Screenshot</arg>
</arguments>
<msg timestamp="20170627 16:47:10.045" level="TRACE">Arguments: [ 'Capture Page Screenshot' ]</msg>
<kw name="Capture Page Screenshot" library="Selenium2Library">
<doc>Takes a screenshot of the current page and embeds it into the log.</doc>
<msg timestamp="20170627 16:47:10.046" level="TRACE">Arguments: [  ]</msg>
<msg timestamp="20170627 16:47:10.057" level="DEBUG">GET http://127.0.0.1:64606/session/dc45a823c9a7696206cd8c9ac47159af/screenshot {"sessionId": "dc45a823c9a7696206cd8c9ac47159af"}</msg>
<msg timestamp="20170627 16:47:10.328" level="DEBUG">Finished Request</msg>
<msg timestamp="20170627 16:47:10.332" html="yes" level="INFO">&lt;/td&gt;&lt;/tr&gt;&lt;tr&gt;&lt;td colspan="3"&gt;&lt;a href="selenium-screenshot-39.png"&gt;&lt;img src="selenium-screenshot-39.png" width="800px"&gt;&lt;/a&gt;</msg>
<msg timestamp="20170627 16:47:10.332" level="TRACE">Return: 'D:\\Source\\Repos\\Ubidy_EmployerAutomationSuite\\results\\selenium-screenshot-39.png'</msg>
<status status="PASS" endtime="20170627 16:47:10.332" starttime="20170627 16:47:10.046"></status>
</kw>
<msg timestamp="20170627 16:47:10.332" level="TRACE">Return: 'D:\\Source\\Repos\\Ubidy_EmployerAutomationSuite\\results\\selenium-screenshot-39.png'</msg>
<status status="PASS" endtime="20170627 16:47:10.332" starttime="20170627 16:47:10.045"></status>
</kw>
<tags>
<tag>skip</tag>
</tags>
<status status="FAIL" endtime="20170627 16:47:10.333" critical="yes" starttime="20170627 16:47:07.697">ValueError: Element locator '//*[@type="button"]/span[text()[contains(.,'Continue')]]' did not match any elements.</status>
</test>
<status status="FAIL" endtime="20170627 16:47:10.336" starttime="20170627 16:46:33.480"></status>
</suite>
<status status="FAIL" endtime="20170627 16:47:10.343" starttime="20170627 16:44:02.843"></status>
</suite>
<statistics>
<total>
<stat fail="16" pass="2">Critical Tests</stat>
<stat fail="16" pass="2">All Tests</stat>
</total>
<tag>
<stat fail="16" pass="1">skip</stat>
</tag>
<suite>
<stat fail="16" id="s1" name="Regression" pass="2">Regression</stat>
<stat fail="7" id="s1-s1" name="1.CreateAccountAsEmployer" pass="1">Regression.1.CreateAccountAsEmployer</stat>
<stat fail="1" id="s1-s2" name="2.UploadAgreementDocument" pass="0">Regression.2.UploadAgreementDocument</stat>
<stat fail="1" id="s1-s3" name="3.CreateProject" pass="0">Regression.3.CreateProject</stat>
<stat fail="7" id="s1-s4" name="4.CreateAccountAsAgency" pass="1">Regression.4.CreateAccountAsAgency</stat>
</suite>
</statistics>
<errors>
</errors>
</robot>
